#
# A fatal error has been detected by the Java Runtime Environment:
#
#  SIGBUS (0x7) at pc=0x00007fb0eaf0a9e3, pid=18188, tid=0x00007fb0ca362700
#
# JRE version: OpenJDK Runtime Environment (8.0_111-b14) (build 1.8.0_111-8u111-b14-3~14.04.1-b14)
# Java VM: OpenJDK 64-Bit Server VM (25.111-b14 mixed mode linux-amd64 compressed oops)
# Problematic frame:
# C  [libc.so.6+0x939e3]  strchrnul+0x23
#
# Failed to write core dump. Core dumps have been disabled. To enable core dumping, try "ulimit -c unlimited" before starting Java again
#
# If you would like to submit a bug report, please visit:
#   http://bugreport.java.com/bugreport/crash.jsp
# The crash happened outside the Java Virtual Machine in native code.
# See problematic frame for where to report the bug.
#

---------------  T H R E A D  ---------------

Current thread (0x00007fb0e4165800):  JavaThread "Thread-1" [_thread_in_native, id=18209, stack(0x00007fb0ca262000,0x00007fb0ca363000)]

siginfo: si_signo: 7 (SIGBUS), si_code: 2 (BUS_ADRERR), si_addr: 0x00007fb0ca36d890

Registers:
RAX=0x0000000000000890, RBX=0x00007fb0ca3615c0, RCX=0x0000000000000000, RDX=0x00007fb0ca3616e8
RSP=0x00007fb0ca360fc8, RBP=0x00007fb0ca3615b0, RSI=0x0000000000000025, RDI=0x00007fb0ca36d890
R8 =0x0000000000000000, R9 =0x6165726e6f69665f, R10=0x0000000000000001, R11=0x0000000000000206
R12=0x00000000fbad8001, R13=0x00007fb0ca3616e8, R14=0x00007fb0ca36d890, R15=0x00007fb0ca3616e8
RIP=0x00007fb0eaf0a9e3, EFLAGS=0x0000000000010283, CSGSFS=0x0000000000000033, ERR=0x0000000000000004
  TRAPNO=0x000000000000000e

Top of Stack: (sp=0x00007fb0ca360fc8)
0x00007fb0ca360fc8:   00007fb0eaec0cd2 00007fb0e416ade8
0x00007fb0ca360fd8:   0000000100006b58 0000000000000001
0x00007fb0ca360fe8:   000000000168d4c0 00007fb0eb670cc0
0x00007fb0ca360ff8:   00007fb0980008c0 00007fb0ca361130
0x00007fb0ca361008:   00007fb0e414a710 00007fb0ca3610f0
0x00007fb0ca361018:   00007fb0ca3610e0 00007fb000000002
0x00007fb0ca361028:   0000000000000000 00000000ca361120
0x00007fb0ca361038:   ffffffffffffffff 0000000a00000000
0x00007fb0ca361048:   0000000000000000 0000000000000000
0x00007fb0ca361058:   0000000000000000 00007fb000000000
0x00007fb0ca361068:   00007fb0ca361577 0000000000000000
0x00007fb0ca361078:   0000000000000000 0000000000000000
0x00007fb0ca361088:   0000000000000000 0000000000000000
0x00007fb0ca361098:   0000000000000000 ffffffffffffffff
0x00007fb0ca3610a8:   0000000000000069 0020000000000000
0x00007fb0ca3610b8:   0000000000000000 0000000000000000
0x00007fb0ca3610c8:   00007fb0ca36d8ed 0000000000000000
0x00007fb0ca3610d8:   00007fb000000027 00007fb0ca36d8f0
0x00007fb0ca3610e8:   00007fb0e416a000 00007fb0eaa5b130
0x00007fb0ca3610f8:   00007fb0eaa5b144 0000000000000000
0x00007fb0ca361108:   00000001000066b0 0000000000000001
0x00007fb0ca361118:   00007fb0ca3626f8 0000000000000000
0x00007fb0ca361128:   00007fb098000cc0 00007fb098000cc8
0x00007fb0ca361138:   00007fb098000cb8 00007fb0eaa5b130
0x00007fb0ca361148:   00007fb0ca361270 0000003000000010
0x00007fb0ca361158:   00007fb0ca3617c0 00007fb0ca361700
0x00007fb0ca361168:   00007fb098000cb8 00007fb0ca361154
0x00007fb0ca361178:   0000000000000000 b7fcc31bd0a0d956
0x00007fb0ca361188:   00007fb0ca361270 00007fb0980008c0
0x00007fb0ca361198:   00007fb0e414a710 00007fb0e416a000
0x00007fb0ca3611a8:   b7fc823c90e0d956 b7fcc0db0da2d956
0x00007fb0ca3611b8:   0000000000000000 0000000000000007 

Instructions: (pc=0x00007fb0eaf0a9e3)
0x00007fb0eaf0a9c3:   ce 89 f8 25 ff 0f 00 00 66 0f 60 c9 3d c0 0f 00
0x00007fb0eaf0a9d3:   00 66 0f 61 c9 66 0f 70 c9 00 0f 8f 4d 01 00 00
0x00007fb0eaf0a9e3:   f3 0f 6f 07 66 0f ef db 66 0f 6f e0 66 0f 74 c1
0x00007fb0eaf0a9f3:   66 0f 74 e3 66 0f eb c4 66 0f d7 c0 85 c0 74 0d 

Register to memory mapping:

RAX=0x0000000000000890 is an unknown value
RBX=0x00007fb0ca3615c0 is pointing into the stack for thread: 0x00007fb0e4165800
RCX=0x0000000000000000 is an unknown value
RDX=0x00007fb0ca3616e8 is pointing into the stack for thread: 0x00007fb0e4165800
RSP=0x00007fb0ca360fc8 is pointing into the stack for thread: 0x00007fb0e4165800
RBP=0x00007fb0ca3615b0 is pointing into the stack for thread: 0x00007fb0e4165800
RSI=0x0000000000000025 is an unknown value
RDI=