#
# A fatal error has been detected by the Java Runtime Environment:
#
#  SIGSEGV (0xb) at pc=0x00007f2ace402462, pid=19599, tid=0x00007f2ace2fa700
#
# JRE version: OpenJDK Runtime Environment (8.0_111-b14) (build 1.8.0_111-8u111-b14-3~14.04.1-b14)
# Java VM: OpenJDK 64-Bit Server VM (25.111-b14 mixed mode linux-amd64 compressed oops)
# Problematic frame:
# C  [librxtxSerial.so+0x6462]  read_byte_array+0x52
#
# Failed to write core dump. Core dumps have been disabled. To enable core dumping, try "ulimit -c unlimited" before starting Java again
#
# If you would like to submit a bug report, please visit:
#   http://bugreport.java.com/bugreport/crash.jsp
# The crash happened outside the Java Virtual Machine in native code.
# See problematic frame for where to report the bug.
#

---------------  T H R E A D  ---------------

Current thread (0x00007f2af417d800):  JavaThread "Reader" [_thread_in_native, id=19621, stack(0x00007f2ace1fa000,0x00007f2ace2fb000)]

siginfo: si_signo: 11 (SIGSEGV), si_code: 1 (SEGV_MAPERR), si_addr: 0xffffffffce3fa858

Registers:
RAX=0xffffffffce3fa850, RBX=0xffffffffffffffff, RCX=0x0000000000000001, RDX=0x00007f2afa953350
RSP=0x00007f2ace2f93a0, RBP=0x00007f2af417d9e0, RSI=0x00007f2ace405e30, RDI=0x00007f2ace405d3e
R8 =0x0000000000000006, R9 =0x00000000df0e8d78, R10=0x0000000000000004, R11=0x00007f2afa957ce4
R12=0x00000000ffffffff, R13=0x0000000000000000, R14=0x0000000000000010, R15=0x0000000000000000
RIP=0x00007f2ace402462, EFLAGS=0x0000000000010202, CSGSFS=0x0000000000000033, ERR=0x0000000000000005
  TRAPNO=0x000000000000000e

Top of Stack: (sp=0x00007f2ace2f93a0)
0x00007f2ace2f93a0:   00007f2ace3fced0 00007f2af416ab70
0x00007f2ace2f93b0:   00007f2af4184280 00007f2a9c000020
0x00007f2ace2f93c0:   0000000000002000 ffffffffce3fa850
0x00007f2ace2f93d0:   0000000000000007 0000000000000000
0x00007f2ace2f93e0:   0000000000000000 00000001fb0316d0
0x00007f2ace2f93f0:   00007f2a9c000aa0 0000001000002000
0x00007f2ace2f9400:   00007f2ace2f9440 00007f2ace508830
0x00007f2ace2f9410:   0000000000000000 0000000000000001
0x00007f2ace2f9420:   0000000000000010 0000000000000000
0x00007f2ace2f9430:   00007f2af417d9e0 00007f2afb595527
0x00007f2ace2f9440:   00007f2a00000005 0000000000000000
0x00007f2ace2f9450:   00007f2af417d800 00007f2ace3fced0
0x00007f2ace2f9460:   ffffffffffffffff 00007f2af417d9e0
0x00007f2ace2f9470:   00007f2a9c000aa0 00007f2afb59c4d5
0x00007f2ace2f9480:   00007f2a9c000aa0 00007f2a9c000aa0
0x00007f2ace2f9490:   0000000000000010 ffffffffffffffff
0x00007f2ace2f94a0:   00007f2af417d9e0 00007f2a9c000aa0
0x00007f2ace2f94b0:   0000000000000001 0000000000000010
0x00007f2ace2f94c0:   0000000000000000 00007f2ace4028a1
0x00007f2ace2f94d0:   00007f2adca6ba80 00007f2ace2f95b8
0x00007f2ace2f94e0:   00007f2ace2f95c0 00007f2adca6ba80
0x00007f2ace2f94f0:   00007f2ace2f9588 0000000000000000
0x00007f2ace2f9500:   00007f2adca6ba78 00007f2ace2f95c0
0x00007f2ace2f9510:   00007f2af417d800 00007f2ae5015574
0x00007f2ace2f9520:   0000000000000000 00007f2adca6ba78
0x00007f2ace2f9530:   00007f2ace2f9588 00007f2ae5015307
0x00007f2ace2f9540:   00007f2ae50152c2 00007f2ace2f9548
0x00007f2ace2f9550:   00007f2adca6ba78 00007f2ace2f95c0
0x00007f2ace2f9560:   00007f2adca771c0 0000000000000000
0x00007f2ace2f9570:   00007f2adca6ba80 0000000000000000
0x00007f2ace2f9580:   00007f2ace2f95a8 00007f2ace2f9618
0x00007f2ace2f9590:   00007f2ae5007a40 0000000000000000 

Instructions: (pc=0x00007f2ace402462)
0x00007f2ace402442:   89 44 24 4c 48 c7 44 24 40 00 00 00 00 48 c7 44
0x00007f2ace402452:   24 38 00 00 00 00 e8 53 d7 ff ff 48 89 44 24 28
0x00007f2ace402462:   8b 40 08 45 85 e4 48 8b 54 24 28 44 8b 7c 24 4c
0x00007f2ace402472:   89 44 24 34 c7 42 08 00 00 00 00 78 0c 31 c0 e8 

Register to memory mapping:

RAX=0xffffffffce3fa850 is an unknown value
RBX=0xffffffffffffffff is an unknown value
RCX=0x0000000000000001 is an unknown value
RDX=0x00007f2afa953350: <offset 0xed0350> in /usr/lib/jvm/java-8-openjdk-amd64/jre/lib/amd64/server/libjvm.so at 0x00007f2af9a83000
RSP=0x00007f2ace2f93a0 is pointing into the stack for thread: 0x00007f2af417d800
RBP=0x00007f2af417d9e0 is an unknown value
RSI=0x00007f2ace405e30: <offset 0x9e30> in /usr/lib/jvm/java-8-openjdk-amd64/lib/amd64/librxtxSerial.so at 0x00007f2ace3fc000
RDI=0x00007f2ace405d3e: <offset 0x9d3e> in /usr/lib/jvm/java-8-openjdk-amd64/lib/amd64/librxtxSerial.so at 0x00007f2ace3fc000
R8 =0x0000000000000006 is an unknown value
R9 =0x00000000df0e8d78 is an oop
gnu.io.RXTXPort 
 - klass: 'gnu/io/RXTXPort'
R10=0x0000000000000004 is an unknown value
R11=0x00007f2afa957ce4: <offset 0xed4ce4> in /usr/lib/jvm/java-8-openjdk-amd64/jre/lib/amd64/server/libjvm.so at 0x00007f2af9a83000
R12=0x00000000ffffffff is an unallocated location in the heap
R13=0x0000000000000000 is an unknown value
R14=0x0000000000000010 is an unknown value
R15=0x0000000000000000 is an unknown value


Stack: [0x00007f2ace1fa000,0x00007f2ace2fb000],  sp=0x00007f2ace2f93a0,  free space=1020k
Native frames: (J=compiled Java code, j=interpreted, Vv=VM code, C=native code)
C  [librxtxSerial.so+0x6462]  read_byte_array+0x52

Java frames: (J=compiled Java code, j=interpreted, Vv=VM code)
j  gnu.io.RXTXPort.readArray([BII)I+0
j  gnu.io.RXTXPort$SerialInputStream.read([BII)I+187
j  sun.nio.cs.StreamDecoder.readBytes()I+135
j  sun.nio.cs.StreamDecoder.implRead([CII)I+112
j  sun.nio.cs.StreamDecoder.read([CII)I+180
j  java.io.InputStreamReader.read([CII)I+7
j  java.io.BufferedReader.fill()V+145
j  java.io.BufferedReader.readLine(Z)Ljava/lang/String;+44
j  java.io.BufferedReader.readLine()Ljava/lang/String;+2
j  serialports.SerialReader.run()V+39
j  java.lang.Thread.run()V+11
v  ~StubRoutines::call_stub

---------------  P R O C E S S  ---------------

Java Threads: ( => current thread )
  0x00007f2af400a000 JavaThread "DestroyJavaVM" [_thread_blocked, id=19605, stack(0x00007f2afb684000,0x00007f2afb785000)]
  0x00007f2af417f000 JavaThread "Writer" [_thread_blocked, id=19622, stack(0x00007f2ace0f9000,0x00007f2ace1fa000)]
=>0x00007f2af417d800 JavaThread "Reader" [_thread_in_native, id=19621, stack(0x00007f2ace1fa000,0x00007f2ace2fb000)]
  0x00007f2af417b800 JavaThread "Thread-1" [_thread_in_native, id=19620, stack(0x00007f2ace2fb000,0x00007f2ace3fc000)]
  0x00007f2af40da000 JavaThread "Service Thread" daemon [_thread_blocked, id=19617, stack(0x00007f2ace60a000,0x00007f2ace70b000)]
  0x00007f2af40b2800 JavaThread "C1 CompilerThread2" daemon [_thread_blocked, id=19616, stack(0x00007f2ace70b000,0x00007f2ace80c000)]
  0x00007f2af40b0800 JavaThread "C2 CompilerThread1" daemon [_thread_blocked, id=19615, stack(0x00007f2ace80c000,0x00007f2ace90d000)]
  0x00007f2af40ad800 JavaThread "C2 CompilerThread0" daemon [_thread_blocked, id=19614, stack(0x00007f2ace90d000,0x00007f2acea0e000)]
  0x00007f2af40ab800 JavaThread "Signal Dispatcher" daemon [_thread_blocked, id=19613, stack(0x00007f2acea0e000,0x00007f2aceb0f000)]
  0x00007f2af4083800 JavaThread "Finalizer" daemon [_thread_blocked, id=19612, stack(0x00007f2acf1f2000,0x00007f2acf2f3000)]
  0x00007f2af407f000 JavaThread "Reference Handler" daemon [_thread_blocked, id=19611, stack(0x00007f2acf2f3000,0x00007f2acf3f4000)]

Other Threads:
  0x00007f2af4077000 VMThread [stack: 0x00007f2acf3f4000,0x00007f2acf4f5000] [id=19610]
  0x00007f2af40dc800 WatcherThread [stack: 0x00007f2ace509000,0x00007f2ace60a000] [id=19618]

VM state:not at safepoint (normal execution)

VM Mutex/Monitor currently owned by a thread: None

Heap:
 PSYoungGen      total 29696K, used 4096K [0x00000000def00000, 0x00000000e1000000, 0x0000000100000000)
  eden space 25600K, 16% used [0x00000000def00000,0x00000000df300238,0x00000000e0800000)
  from space 4096K, 0% used [0x00000000e0c00000,0x00000000e0c00000,0x00000000e1000000)
  to   space 4096K, 0% used [0x00000000e0800000,0x00000000e0800000,0x00000000e0c00000)
 ParOldGen       total 68608K, used 0K [0x000000009cc00000, 0x00000000a0f00000, 0x00000000def00000)
  object space 68608K, 0% used [0x000000009cc00000,0x000000009cc00000,0x00000000a0f00000)
 Metaspace       used 3721K, capacity 4704K, committed 4864K, reserved 1056768K
  class space    used 416K, capacity 464K, committed 512K, reserved 1048576K

Card table byte_map: [0x00007f2ae4925000,0x00007f2ae4c40000] byte_map_base: 0x00007f2ae443f000

Marking Bits: (ParMarkBitMap*) 0x00007f2afa9572a0
 Begin Bits: [0x00007f2adce60000, 0x00007f2ade730000)
 End Bits:   [0x00007f2ade730000, 0x00007f2ae0000000)

Polling page: 0x00007f2afb7a5000

CodeCache: size=245760Kb used=1315Kb max_used=1315Kb free=244444Kb
 bounds [0x00007f2ae5000000, 0x00007f2ae5270000, 0x00007f2af4000000]
 total_blobs=365 nmethods=123 adapters=158
 compilation: enabled

Compilation events (10 events):
Event: 0.238 Thread 0x00007f2af40b2800  118       3       java.lang.Character::isBmpCodePoint (13 bytes)
Event: 0.238 Thread 0x00007f2af40b2800 nmethod 118 0x00007f2ae5147410 code [0x00007f2ae5147580, 0x00007f2ae5147710]
Event: 0.238 Thread 0x00007f2af40b2800  117       3       java.util.regex.ASCII::isAscii (13 bytes)
Event: 0.238 Thread 0x00007f2af40b2800 nmethod 117 0x00007f2ae5147790 code [0x00007f2ae5147900, 0x00007f2ae5147a90]
Event: 0.238 Thread 0x00007f2af40b2800  116       1       java.util.regex.Pattern::flags (5 bytes)
Event: 0.238 Thread 0x00007f2af40b2800 nmethod 116 0x00007f2ae5147b10 code [0x00007f2ae5147c60, 0x00007f2ae5147d70]
Event: 3.040 Thread 0x00007f2af40b2800  119       1       java.net.URL::getQuery (5 bytes)
Event: 3.040 Thread 0x00007f2af40b2800 nmethod 119 0x00007f2ae5147fd0 code [0x00007f2ae5148120, 0x00007f2ae5148230]
Event: 3.050 Thread 0x00007f2af40b2800  121       3       java.lang.String::indexOf (25 bytes)
Event: 3.050 Thread 0x00007f2af40b2800 nmethod 121 0x00007f2ae5148610 code [0x00007f2ae5148780, 0x00007f2ae5148928]

GC Heap History (0 events):
No events

Deoptimization events (0 events):
No events

Internal exceptions (10 events):
Event: 0.155 Thread 0x00007f2af400a000 Exception <a 'java/io/FileNotFoundException'> (0x00000000df043d10) thrown at [/build/openjdk-8-8itSJj/openjdk-8-8u111-b14/src/hotspot/src/share/vm/prims/jni.cpp, line 709]
Event: 0.168 Thread 0x00007f2af400a000 Exception <a 'java/io/FileNotFoundException'> (0x00000000df053b18) thrown at [/build/openjdk-8-8itSJj/openjdk-8-8u111-b14/src/hotspot/src/share/vm/prims/jni.cpp, line 709]
Event: 0.170 Thread 0x00007f2af400a000 Exception <a 'java/io/FileNotFoundException'> (0x00000000df062e48) thrown at [/build/openjdk-8-8itSJj/openjdk-8-8u111-b14/src/hotspot/src/share/vm/prims/jni.cpp, line 709]
Event: 0.182 Thread 0x00007f2af400a000 Exception <a 'java/io/FileNotFoundException'> (0x00000000df072730) thrown at [/build/openjdk-8-8itSJj/openjdk-8-8u111-b14/src/hotspot/src/share/vm/prims/jni.cpp, line 709]
Event: 0.218 Thread 0x00007f2af400a000 Exception <a 'java/security/PrivilegedActionException'> (0x00000000df0bfd98) thrown at [/build/openjdk-8-8itSJj/openjdk-8-8u111-b14/src/hotspot/src/share/vm/prims/jvm.cpp, line 1386]
Event: 0.218 Thread 0x00007f2af400a000 Exception <a 'java/security/PrivilegedActionException'> (0x00000000df0c0190) thrown at [/build/openjdk-8-8itSJj/openjdk-8-8u111-b14/src/hotspot/src/share/vm/prims/jvm.cpp, line 1386]
Event: 0.218 Thread 0x00007f2af400a000 Exception <a 'java/security/PrivilegedActionException'> (0x00000000df0c23e0) thrown at [/build/openjdk-8-8itSJj/openjdk-8-8u111-b14/src/hotspot/src/share/vm/prims/jvm.cpp, line 1386]
Event: 0.218 Thread 0x00007f2af400a000 Exception <a 'java/security/PrivilegedActionException'> (0x00000000df0c27d8) thrown at [/build/openjdk-8-8itSJj/openjdk-8-8u111-b14/src/hotspot/src/share/vm/prims/jvm.cpp, line 1386]
Event: 0.218 Thread 0x00007f2af400a000 Exception <a 'java/security/PrivilegedActionException'> (0x00000000df0c3490) thrown at [/build/openjdk-8-8itSJj/openjdk-8-8u111-b14/src/hotspot/src/share/vm/prims/jvm.cpp, line 1386]
Event: 0.218 Thread 0x00007f2af400a000 Exception <a 'java/security/PrivilegedActionException'> (0x00000000df0c3888) thrown at [/build/openjdk-8-8itSJj/openjdk-8-8u111-b14/src/hotspot/src/share/vm/prims/jvm.cpp, line 1386]

Events (10 events):
Event: 3.039 loading class serialports/ThreadSafeListWrapper done
Event: 3.041 Thread 0x00007f2af417b800 Thread added: 0x00007f2af417b800
Event: 3.047 loading class serialports/SerialWriter
Event: 3.047 loading class serialports/SerialWriter done
Event: 3.049 loading class serialports/SerialReader
Event: 3.049 loading class serialports/SerialReader done
Event: 3.051 Thread 0x00007f2af417d800 Thread added: 0x00007f2af417d800
Event: 3.051 Thread 0x00007f2af417f000 Thread added: 0x00007f2af417f000
Event: 3.051 Thread 0x00007f2af400a000 Thread exited: 0x00007f2af400a000
Event: 3.051 Thread 0x00007f2af400a000 Thread added: 0x00007f2af400a000


Dynamic libraries:
00400000-00401000 r-xp 00000000 08:01 2404755                            /usr/lib/jvm/java-8-openjdk-amd64/jre/bin/java
00600000-00601000 r--p 00000000 08:01 2404755                            /usr/lib/jvm/java-8-openjdk-amd64/jre/bin/java
00601000-00602000 rw-p 00001000 08:01 2404755                            /usr/lib/jvm/java-8-openjdk-amd64/jre/bin/java
00d48000-00d69000 rw-p 00000000 00:00 0                                  [heap]
9cc00000-a0f00000 rw-p 00000000 00:00 0 
a0f00000-def00000 ---p 00000000 00:00 0 
def00000-e1000000 rw-p 00000000 00:00 0 
e1000000-100000000 ---p 00000000 00:00 0 
100000000-100080000 rw-p 00000000 00:00 0 
100080000-140000000 ---p 00000000 00:00 0 
7f2a9c000000-7f2a9c021000 rw-p 00000000 00:00 0 
7f2a9c021000-7f2aa0000000 ---p 00000000 00:00 0 
7f2aa0000000-7f2aa0021000 rw-p 00000000 00:00 0 
7f2aa0021000-7f2aa4000000 ---p 00000000 00:00 0 
7f2aa4000000-7f2aa4021000 rw-p 00000000 00:00 0 
7f2aa4021000-7f2aa8000000 ---p 00000000 00:00 0 
7f2aa8000000-7f2aa8021000 rw-p 00000000 00:00 0 
7f2aa8021000-7f2aac000000 ---p 00000000 00:00 0 
7f2aac000000-7f2aac191000 rw-p 00000000 00:00 0 
7f2aac191000-7f2ab0000000 ---p 00000000 00:00 0 
7f2ab0000000-7f2ab0021000 rw-p 00000000 00:00 0 
7f2ab0021000-7f2ab4000000 ---p 00000000 00:00 0 
7f2ab4000000-7f2ab4021000 rw-p 00000000 00:00 0 
7f2ab4021000-7f2ab8000000 ---p 00000000 00:00 0 
7f2ab8000000-7f2ab8021000 rw-p 00000000 00:00 0 
7f2ab8021000-7f2abc000000 ---p 00000000 00:00 0 
7f2abc000000-7f2abc046000 rw-p 00000000 00:00 0 
7f2abc046000-7f2ac0000000 ---p 00000000 00:00 0 
7f2ac0000000-7f2ac0021000 rw-p 00000000 00:00 0 
7f2ac0021000-7f2ac4000000 ---p 00000000 00:00 0 
7f2ac4000000-7f2ac4021000 rw-p 00000000 00:00 0 
7f2ac4021000-7f2ac8000000 ---p 00000000 00:00 0 
7f2ac8000000-7f2ac8021000 rw-p 00000000 00:00 0 
7f2ac8021000-7f2acc000000 ---p 00000000 00:00 0 
7f2ace0f9000-7f2ace0fc000 ---p 00000000 00:00 0 
7f2ace0fc000-7f2ace1fa000 rw-p 00000000 00:00 0                          [stack:19622]
7f2ace1fa000-7f2ace1fd000 ---p 00000000 00:00 0 
7f2ace1fd000-7f2ace2fb000 rw-p 00000000 00:00 0                          [stack:19621]
7f2ace2fb000-7f2ace2fe000 ---p 00000000 00:00 0 
7f2ace2fe000-7f2ace3fc000 rw-p 00000000 00:00 0                          [stack:19620]
7f2ace3fc000-7f2ace408000 r-xp 00000000 08:01 2491058                    /usr/lib/jvm/java-8-openjdk-amd64/lib/amd64/librxtxSerial.so
7f2ace408000-7f2ace507000 ---p 0000c000 08:01 2491058                    /usr/lib/jvm/java-8-openjdk-amd64/lib/amd64/librxtxSerial.so
7f2ace507000-7f2ace509000 rw-p 0000b000 08:01 2491058                    /usr/lib/jvm/java-8-openjdk-amd64/lib/amd64/librxtxSerial.so
7f2ace509000-7f2ace50a000 ---p 00000000 00:00 0 
7f2ace50a000-7f2ace60a000 rw-p 00000000 00:00 0                          [stack:19618]
7f2ace60a000-7f2ace60d000 ---p 00000000 00:00 0 
7f2ace60d000-7f2ace70b000 rw-p 00000000 00:00 0                          [stack:19617]
7f2ace70b000-7f2ace70e000 ---p 00000000 00:00 0 
7f2ace70e000-7f2ace80c000 rw-p 00000000 00:00 0                          [stack:19616]
7f2ace80c000-7f2ace80f000 ---p 00000000 00:00 0 
7f2ace80f000-7f2ace90d000 rw-p 00000000 00:00 0                          [stack:19615]
7f2ace90d000-7f2ace910000 ---p 00000000 00:00 0 
7f2ace910000-7f2acea0e000 rw-p 00000000 00:00 0                          [stack:19614]
7f2acea0e000-7f2acea11000 ---p 00000000 00:00 0 
7f2acea11000-7f2aceb0f000 rw-p 00000000 00:00 0                          [stack:19613]
7f2aceb0f000-7f2acf1f2000 r--p 00000000 08:01 1580881                    /usr/lib/locale/locale-archive
7f2acf1f2000-7f2acf1f5000 ---p 00000000 00:00 0 
7f2acf1f5000-7f2acf2f3000 rw-p 00000000 00:00 0                          [stack:19612]
7f2acf2f3000-7f2acf2f6000 ---p 00000000 00:00 0 
7f2acf2f6000-7f2acf3f4000 rw-p 00000000 00:00 0                          [stack:19611]
7f2acf3f4000-7f2acf3f5000 ---p 00000000 00:00 0 
7f2acf3f5000-7f2ad0000000 rw-p 00000000 00:00 0                          [stack:19610]
7f2ad0000000-7f2ad0021000 rw-p 00000000 00:00 0 
7f2ad0021000-7f2ad4000000 ---p 00000000 00:00 0 
7f2ad4000000-7f2ad4021000 rw-p 00000000 00:00 0 
7f2ad4021000-7f2ad8000000 ---p 00000000 00:00 0 
7f2ad8000000-7f2ad8021000 rw-p 00000000 00:00 0 
7f2ad8021000-7f2adc000000 ---p 00000000 00:00 0 
7f2adc08e000-7f2adc492000 rw-p 00000000 00:00 0 
7f2adc492000-7f2adc660000 r--s 03bf1000 08:01 2236126                    /usr/lib/jvm/java-8-openjdk-amd64/jre/lib/rt.jar
7f2adc660000-7f2adcaa0000 rw-p 00000000 00:00 0 
7f2adcaa0000-7f2adce60000 ---p 00000000 00:00 0 
7f2adce60000-7f2ae0000000 rw-p 00000000 00:00 0 
7f2ae0000000-7f2ae0021000 rw-p 00000000 00:00 0 
7f2ae0021000-7f2ae4000000 ---p 00000000 00:00 0 
7f2ae403c000-7f2ae4057000 r--s 001d5000 08:01 2393868                    /usr/lib/jvm/java-8-openjdk-amd64/jre/lib/ext/nashorn.jar
7f2ae4057000-7f2ae4072000 r--s 00394000 08:01 2401111                    /usr/lib/jvm/java-8-openjdk-amd64/jre/lib/ext/cldrdata.jar
7f2ae4072000-7f2ae4410000 rw-p 00000000 00:00 0 
7f2ae4410000-7f2ae4411000 ---p 00000000 00:00 0 
7f2ae4411000-7f2ae4511000 rw-p 00000000 00:00 0                          [stack:19609]
7f2ae4511000-7f2ae4512000 ---p 00000000 00:00 0 
7f2ae4512000-7f2ae4612000 rw-p 00000000 00:00 0                          [stack:19608]
7f2ae4612000-7f2ae4613000 ---p 00000000 00:00 0 
7f2ae4613000-7f2ae4735000 rw-p 00000000 00:00 0                          [stack:19607]
7f2ae4735000-7f2ae4925000 ---p 00000000 00:00 0 
7f2ae4925000-7f2ae4947000 rw-p 00000000 00:00 0 
7f2ae4947000-7f2ae4b36000 ---p 00000000 00:00 0 
7f2ae4b36000-7f2ae4b47000 rw-p 00000000 00:00 0 
7f2ae4b47000-7f2ae4c3f000 ---p 00000000 00:00 0 
7f2ae4c3f000-7f2ae4c4a000 rw-p 00000000 00:00 0 
7f2ae4c4a000-7f2ae5000000 ---p 00000000 00:00 0 
7f2ae5000000-7f2ae5270000 rwxp 00000000 00:00 0 
7f2ae5270000-7f2af4000000 ---p 00000000 00:00 0 
7f2af4000000-7f2af418f000 rw-p 00000000 00:00 0 
7f2af418f000-7f2af8000000 ---p 00000000 00:00 0 
7f2af8003000-7f2af80c6000 rw-p 00000000 00:00 0 
7f2af80c6000-7f2af80c7000 ---p 00000000 00:00 0 
7f2af80c7000-7f2af81c7000 rw-p 00000000 00:00 0                          [stack:19606]
7f2af81c7000-7f2af81cf000 r-xp 00000000 08:01 2236101                    /usr/lib/jvm/java-8-openjdk-amd64/jre/lib/amd64/libzip.so
7f2af81cf000-7f2af83ce000 ---p 00008000 08:01 2236101                    /usr/lib/jvm/java-8-openjdk-amd64/jre/lib/amd64/libzip.so
7f2af83ce000-7f2af83cf000 r--p 00007000 08:01 2236101                    /usr/lib/jvm/java-8-openjdk-amd64/jre/lib/amd64/libzip.so
7f2af83cf000-7f2af83d0000 rw-p 00008000 08:01 2236101                    /usr/lib/jvm/java-8-openjdk-amd64/jre/lib/amd64/libzip.so
7f2af83d0000-7f2af83da000 r-xp 00000000 08:01 2648247                    /lib/x86_64-linux-gnu/libnss_files-2.19.so
7f2af83da000-7f2af85d9000 ---p 0000a000 08:01 2648247                    /lib/x86_64-linux-gnu/libnss_files-2.19.so
7f2af85d9000-7f2af85da000 r--p 00009000 08:01 2648247                    /lib/x86_64-linux-gnu/libnss_files-2.19.so
7f2af85da000-7f2af85db000 rw-p 0000a000 08:01 2648247                    /lib/x86_64-linux-gnu/libnss_files-2.19.so
7f2af85db000-7f2af85e6000 r-xp 00000000 08:01 2624963                    /lib/x86_64-linux-gnu/libnss_nis-2.19.so
7f2af85e6000-7f2af87e5000 ---p 0000b000 08:01 2624963                    /lib/x86_64-linux-gnu/libnss_nis-2.19.so
7f2af87e5000-7f2af87e6000 r--p 0000a000 08:01 2624963                    /lib/x86_64-linux-gnu/libnss_nis-2.19.so
7f2af87e6000-7f2af87e7000 rw-p 0000b000 08:01 2624963                    /lib/x86_64-linux-gnu/libnss_nis-2.19.so
7f2af87e7000-7f2af87fe000 r-xp 00000000 08:01 2648235                    /lib/x86_64-linux-gnu/libnsl-2.19.so
7f2af87fe000-7f2af89fd000 ---p 00017000 08:01 2648235                    /lib/x86_64-linux-gnu/libnsl-2.19.so
7f2af89fd000-7f2af89fe000 r--p 00016000 08:01 2648235                    /lib/x86_64-linux-gnu/libnsl-2.19.so
7f2af89fe000-7f2af89ff000 rw-p 00017000 08:01 2648235                    /lib/x86_64-linux-gnu/libnsl-2.19.so
7f2af89ff000-7f2af8a01000 rw-p 00000000 00:00 0 
7f2af8a01000-7f2af8a0a000 r-xp 00000000 08:01 2648231                    /lib/x86_64-linux-gnu/libnss_compat-2.19.so
7f2af8a0a000-7f2af8c09000 ---p 00009000 08:01 2648231                    /lib/x86_64-linux-gnu/libnss_compat-2.19.so
7f2af8c09000-7f2af8c0a000 r--p 00008000 08:01 2648231                    /lib/x86_64-linux-gnu/libnss_compat-2.19.so
7f2af8c0a000-7f2af8c0b000 rw-p 00009000 08:01 2648231                    /lib/x86_64-linux-gnu/libnss_compat-2.19.so
7f2af8c0b000-7f2af8c38000 r-xp 00000000 08:01 2236111                    /usr/lib/jvm/java-8-openjdk-amd64/jre/lib/amd64/libjava.so
7f2af8c38000-7f2af8e37000 ---p 0002d000 08:01 2236111                    /usr/lib/jvm/java-8-openjdk-amd64/jre/lib/amd64/libjava.so
7f2af8e37000-7f2af8e38000 r--p 0002c000 08:01 2236111                    /usr/lib/jvm/java-8-openjdk-amd64/jre/lib/amd64/libjava.so
7f2af8e38000-7f2af8e3a000 rw-p 0002d000 08:01 2236111                    /usr/lib/jvm/java-8-openjdk-amd64/jre/lib/amd64/libjava.so
7f2af8e3a000-7f2af8e4a000 r-xp 00000000 08:01 2236091                    /usr/lib/jvm/java-8-openjdk-amd64/jre/lib/amd64/libverify.so
7f2af8e4a000-7f2af9049000 ---p 00010000 08:01 2236091                    /usr/lib/jvm/java-8-openjdk-amd64/jre/lib/amd64/libverify.so
7f2af9049000-7f2af904b000 r--p 0000f000 08:01 2236091                    /usr/lib/jvm/java-8-openjdk-amd64/jre/lib/amd64/libverify.so
7f2af904b000-7f2af904c000 rw-p 00011000 08:01 2236091                    /usr/lib/jvm/java-8-openjdk-amd64/jre/lib/amd64/libverify.so
7f2af904c000-7f2af9053000 r-xp 00000000 08:01 2624957                    /lib/x86_64-linux-gnu/librt-2.19.so
7f2af9053000-7f2af9252000 ---p 00007000 08:01 2624957                    /lib/x86_64-linux-gnu/librt-2.19.so
7f2af9252000-7f2af9253000 r--p 00006000 08:01 2624957                    /lib/x86_64-linux-gnu/librt-2.19.so
7f2af9253000-7f2af9254000 rw-p 00007000 08:01 2624957                    /lib/x86_64-linux-gnu/librt-2.19.so
7f2af9254000-7f2af926a000 r-xp 00000000 08:01 2679480                    /lib/x86_64-linux-gnu/libgcc_s.so.1
7f2af926a000-7f2af9469000 ---p 00016000 08:01 2679480                    /lib/x86_64-linux-gnu/libgcc_s.so.1
7f2af9469000-7f2af946a000 r--p 00015000 08:01 2679480                    /lib/x86_64-linux-gnu/libgcc_s.so.1
7f2af946a000-7f2af946b000 rw-p 00016000 08:01 2679480                    /lib/x86_64-linux-gnu/libgcc_s.so.1
7f2af946b000-7f2af9570000 r-xp 00000000 08:01 2648237                    /lib/x86_64-linux-gnu/libm-2.19.so
7f2af9570000-7f2af976f000 ---p 00105000 08:01 2648237                    /lib/x86_64-linux-gnu/libm-2.19.so
7f2af976f000-7f2af9770000 r--p 00104000 08:01 2648237                    /lib/x86_64-linux-gnu/libm-2.19.so
7f2af9770000-7f2af9771000 rw-p 00105000 08:01 2648237                    /lib/x86_64-linux-gnu/libm-2.19.so
7f2af9771000-7f2af9877000 r-xp 00000000 08:01 1626084                    /usr/lib/x86_64-linux-gnu/libstdc++.so.6.0.22
7f2af9877000-7f2af9a76000 ---p 00106000 08:01 1626084                    /usr/lib/x86_64-linux-gnu/libstdc++.so.6.0.22
7f2af9a76000-7f2af9a7e000 r--p 00105000 08:01 1626084                    /usr/lib/x86_64-linux-gnu/libstdc++.so.6.0.22
7f2af9a7e000-7f2af9a80000 rw-p 0010d000 08:01 1626084                    /usr/lib/x86_64-linux-gnu/libstdc++.so.6.0.22
7f2af9a80000-7f2af9a83000 rw-p 00000000 00:00 0 
7f2af9a83000-7f2afa67b000 r-xp 00000000 08:01 2236096                    /usr/lib/jvm/java-8-openjdk-amd64/jre/lib/amd64/server/libjvm.so
7f2afa67b000-7f2afa87b000 ---p 00bf8000 08:01 2236096                    /usr/lib/jvm/java-8-openjdk-amd64/jre/lib/amd64/server/libjvm.so
7f2afa87b000-7f2afa919000 r--p 00bf8000 08:01 2236096                    /usr/lib/jvm/java-8-openjdk-amd64/jre/lib/amd64/server/libjvm.so
7f2afa919000-7f2afa942000 rw-p 00c96000 08:01 2236096                    /usr/lib/jvm/java-8-openjdk-amd64/jre/lib/amd64/server/libjvm.so
7f2afa942000-7f2afa974000 rw-p 00000000 00:00 0 
7f2afa974000-7f2afa98d000 r-xp 00000000 08:01 2648251                    /lib/x86_64-linux-gnu/libpthread-2.19.so
7f2afa98d000-7f2afab8c000 ---p 00019000 08:01 2648251                    /lib/x86_64-linux-gnu/libpthread-2.19.so
7f2afab8c000-7f2afab8d000 r--p 00018000 08:01 2648251                    /lib/x86_64-linux-gnu/libpthread-2.19.so
7f2afab8d000-7f2afab8e000 rw-p 00019000 08:01 2648251                    /lib/x86_64-linux-gnu/libpthread-2.19.so
7f2afab8e000-7f2afab92000 rw-p 00000000 00:00 0 
7f2afab92000-7f2afab95000 r-xp 00000000 08:01 2648249                    /lib/x86_64-linux-gnu/libdl-2.19.so
7f2afab95000-7f2afad94000 ---p 00003000 08:01 2648249                    /lib/x86_64-linux-gnu/libdl-2.19.so
7f2afad94000-7f2afad95000 r--p 00002000 08:01 2648249                    /lib/x86_64-linux-gnu/libdl-2.19.so
7f2afad95000-7f2afad96000 rw-p 00003000 08:01 2648249                    /lib/x86_64-linux-gnu/libdl-2.19.so
7f2afad96000-7f2afadae000 r-xp 00000000 08:01 2625699                    /lib/x86_64-linux-gnu/libz.so.1.2.8
7f2afadae000-7f2afafad000 ---p 00018000 08:01 2625699                    /lib/x86_64-linux-gnu/libz.so.1.2.8
7f2afafad000-7f2afafae000 r--p 00017000 08:01 2625699                    /lib/x86_64-linux-gnu/libz.so.1.2.8
7f2afafae000-7f2afafaf000 rw-p 00018000 08:01 2625699                    /lib/x86_64-linux-gnu/libz.so.1.2.8
7f2afafaf000-7f2afb16d000 r-xp 00000000 08:01 2648229                    /lib/x86_64-linux-gnu/libc-2.19.so
7f2afb16d000-7f2afb36c000 ---p 001be000 08:01 2648229                    /lib/x86_64-linux-gnu/libc-2.19.so
7f2afb36c000-7f2afb370000 r--p 001bd000 08:01 2648229                    /lib/x86_64-linux-gnu/libc-2.19.so
7f2afb370000-7f2afb372000 rw-p 001c1000 08:01 2648229                    /lib/x86_64-linux-gnu/libc-2.19.so
7f2afb372000-7f2afb377000 rw-p 00000000 00:00 0 
7f2afb377000-7f2afb384000 r-xp 00000000 08:01 2236107                    /usr/lib/jvm/java-8-openjdk-amd64/jre/lib/amd64/jli/libjli.so
7f2afb384000-7f2afb584000 ---p 0000d000 08:01 2236107                    /usr/lib/jvm/java-8-openjdk-amd64/jre/lib/amd64/jli/libjli.so
7f2afb584000-7f2afb585000 r--p 0000d000 08:01 2236107                    /usr/lib/jvm/java-8-openjdk-amd64/jre/lib/amd64/jli/libjli.so
7f2afb585000-7f2afb586000 rw-p 0000e000 08:01 2236107                    /usr/lib/jvm/java-8-openjdk-amd64/jre/lib/amd64/jli/libjli.so
7f2afb586000-7f2afb5a9000 r-xp 00000000 08:01 2648245                    /lib/x86_64-linux-gnu/ld-2.19.so
7f2afb5b1000-7f2afb5b3000 r--s 0000d000 08:01 2752720                    /home/developer/Documents/EclipseWorkspaces/kabi/SerialPortSimulator/lib/RXTXcomm.jar
7f2afb5b3000-7f2afb5b6000 r--s 0000f000 08:01 2394798                    /usr/lib/jvm/java-8-openjdk-amd64/jre/lib/ext/icedtea-sound.jar
7f2afb5b6000-7f2afb5c0000 r--s 00116000 08:01 2367263                    /usr/lib/jvm/java-8-openjdk-amd64/jre/lib/ext/localedata.jar
7f2afb5c0000-7f2afb684000 rw-p 00000000 00:00 0 
7f2afb684000-7f2afb687000 ---p 00000000 00:00 0 
7f2afb687000-7f2afb78b000 rw-p 00000000 00:00 0                          [stack:19605]
7f2afb78b000-7f2afb78c000 r--s 0000a000 08:01 2393870                    /usr/lib/jvm/java-8-openjdk-amd64/jre/lib/ext/jaccess.jar
7f2afb78c000-7f2afb78e000 r--s 00001000 08:01 2393867                    /usr/lib/jvm/java-8-openjdk-amd64/jre/lib/ext/dnsns.jar
7f2afb78e000-7f2afb790000 r--s 00008000 08:01 2393871                    /usr/lib/jvm/java-8-openjdk-amd64/jre/lib/ext/sunec.jar
7f2afb790000-7f2afb792000 r--s 00006000 08:01 1969947                    /usr/share/java/java-atk-wrapper.jar
7f2afb792000-7f2afb797000 r--s 0003b000 08:01 2401113                    /usr/lib/jvm/java-8-openjdk-amd64/jre/lib/ext/sunjce_provider.jar
7f2afb797000-7f2afb798000 r--s 00010000 08:01 2401112                    /usr/lib/jvm/java-8-openjdk-amd64/jre/lib/ext/zipfs.jar
7f2afb798000-7f2afb79c000 r--s 00037000 08:01 2393831                    /usr/lib/jvm/java-8-openjdk-amd64/jre/lib/ext/sunpkcs11.jar
7f2afb79c000-7f2afb7a4000 rw-s 00000000 08:01 2366048                    /tmp/hsperfdata_root/19599
7f2afb7a4000-7f2afb7a5000 rw-p 00000000 00:00 0 
7f2afb7a5000-7f2afb7a6000 r--p 00000000 00:00 0 
7f2afb7a6000-7f2afb7a8000 rw-p 00000000 00:00 0 
7f2afb7a8000-7f2afb7a9000 r--p 00022000 08:01 2648245                    /lib/x86_64-linux-gnu/ld-2.19.so
7f2afb7a9000-7f2afb7aa000 rw-p 00023000 08:01 2648245                    /lib/x86_64-linux-gnu/ld-2.19.so
7f2afb7aa000-7f2afb7ab000 rw-p 00000000 00:00 0 
7fff0141f000-7fff01440000 rw-p 00000000 00:00 0                          [stack]
7fff01524000-7fff01526000 r-xp 00000000 00:00 0                          [vdso]
ffffffffff600000-ffffffffff601000 r-xp 00000000 00:00 0                  [vsyscall]

VM Arguments:
jvm_args: -Djava.library.path=/usr/lib/jvm/java-8-openjdk-amd64/lib/amd64 -Dfile.encoding=UTF-8 
java_command: pumpmain.PumpClass
java_class_path (initial): /home/developer/Documents/EclipseWorkspaces/kabi/SerialPortSimulator/bin:/home/developer/Documents/EclipseWorkspaces/kabi/SerialPortSimulator/lib/RXTXcomm.jar
Launcher Type: SUN_STANDARD

Environment Variables:
PATH=/usr/local/sbin:/usr/local/bin:/usr/sbin:/usr/bin:/sbin:/bin:/snap/bin
USERNAME=root
SHELL=/bin/bash
DISPLAY=:0

Signal Handlers:
SIGSEGV: [libjvm.so+0x9fddb0], sa_mask[0]=11111111011111111101111111111110, sa_flags=SA_RESTART|SA_SIGINFO
SIGBUS: [libjvm.so+0x9fddb0], sa_mask[0]=11111111011111111101111111111110, sa_flags=SA_RESTART|SA_SIGINFO
SIGFPE: [libjvm.so+0x85be50], sa_mask[0]=11111111011111111101111111111110, sa_flags=SA_RESTART|SA_SIGINFO
SIGPIPE: [libjvm.so+0x85be50], sa_mask[0]=11111111011111111101111111111110, sa_flags=SA_RESTART|SA_SIGINFO
SIGXFSZ: [libjvm.so+0x85be50], sa_mask[0]=11111111011111111101111111111110, sa_flags=SA_RESTART|SA_SIGINFO
SIGILL: [libjvm.so+0x85be50], sa_mask[0]=11111111011111111101111111111110, sa_flags=SA_RESTART|SA_SIGINFO
SIGUSR1: SIG_DFL, sa_mask[0]=00000000000000000000000000000000, sa_flags=none
SIGUSR2: [libjvm.so+0x85bd20], sa_mask[0]=00100000000000000000000000000000, sa_flags=SA_RESTART|SA_SIGINFO
SIGHUP: [libjvm.so+0x85bf10], sa_mask[0]=11111111011111111101111111111110, sa_flags=SA_RESTART|SA_SIGINFO
SIGINT: [libjvm.so+0x85bf10], sa_mask[0]=11111111011111111101111111111110, sa_flags=SA_RESTART|SA_SIGINFO
SIGTERM: [libjvm.so+0x85bf10], sa_mask[0]=11111111011111111101111111111110, sa_flags=SA_RESTART|SA_SIGINFO
SIGQUIT: [libjvm.so+0x85bf10], sa_mask[0]=11111111011111111101111111111110, sa_flags=SA_RESTART|SA_SIGINFO


---------------  S Y S T E M  ---------------

OS:DISTRIB_ID=Ubuntu
DISTRIB_RELEASE=14.04
DISTRIB_CODENAME=trusty
DISTRIB_DESCRIPTION="Ubuntu 14.04.5 LTS"

uname:Linux 3.13.0-24-generic #47-Ubuntu SMP Fri May 2 23:30:00 UTC 2014 x86_64
libc:glibc 2.19 NPTL 2.19 
rlimit: STACK 8192k, CORE 0k, NPROC 50611, NOFILE 4096, AS infinity
load average:1.13 0.82 0.78

/proc/meminfo:
MemTotal:        6500556 kB
MemFree:         2037396 kB
Buffers:          523440 kB
Cached:          1552356 kB
SwapCached:            0 kB
Active:          3012600 kB
Inactive:        1106060 kB
Active(anon):    2043464 kB
Inactive(anon):    54028 kB
Active(file):     969136 kB
Inactive(file):  1052032 kB
Unevictable:          16 kB
Mlocked:              16 kB
SwapTotal:       5312508 kB
SwapFree:        5312508 kB
Dirty:               156 kB
Writeback:             0 kB
AnonPages:       2042932 kB
Mapped:           209372 kB
Shmem:             54628 kB
Slab:             248148 kB
SReclaimable:     224776 kB
SUnreclaim:        23372 kB
KernelStack:        4512 kB
PageTables:        27780 kB
NFS_Unstable:          0 kB
Bounce:                0 kB
WritebackTmp:          0 kB
CommitLimit:     8562784 kB
Committed_AS:    5190220 kB
VmallocTotal:   34359738367 kB
VmallocUsed:       65540 kB
VmallocChunk:   34359642256 kB
HardwareCorrupted:     0 kB
AnonHugePages:   1486848 kB
HugePages_Total:       0
HugePages_Free:        0
HugePages_Rsvd:        0
HugePages_Surp:        0
Hugepagesize:       2048 kB
DirectMap4k:       64448 kB
DirectMap2M:     6623232 kB


CPU:total 4 (4 cores per cpu, 1 threads per core) family 6 model 60 stepping 3, cmov, cx8, fxsr, mmx, sse, sse2, sse3, ssse3, tsc

/proc/cpuinfo:
processor	: 0
vendor_id	: GenuineIntel
cpu family	: 6
model		: 60
model name	: Intel(R) Core(TM) i7-4800MQ CPU @ 2.70GHz
stepping	: 3
microcode	: 0x19
cpu MHz		: 2666.324
cache size	: 6144 KB
physical id	: 0
siblings	: 4
core id		: 0
cpu cores	: 4
apicid		: 0
initial apicid	: 0
fpu		: yes
fpu_exception	: yes
cpuid level	: 5
wp		: yes
flags		: fpu vme de pse tsc msr pae mce cx8 apic sep mtrr pge mca cmov pat pse36 clflush mmx fxsr sse sse2 ht syscall nx rdtscp lm constant_tsc rep_good nopl pni ssse3 lahf_lm
bogomips	: 5332.64
clflush size	: 64
cache_alignment	: 64
address sizes	: 39 bits physical, 48 bits virtual
power management:

processor	: 1
vendor_id	: GenuineIntel
cpu family	: 6
model		: 60
model name	: Intel(R) Core(TM) i7-4800MQ CPU @ 2.70GHz
stepping	: 3
microcode	: 0x19
cpu MHz		: 2666.324
cache size	: 6144 KB
physical id	: 0
siblings	: 4
core id		: 1
cpu cores	: 4
apicid		: 1
initial apicid	: 1
fpu		: yes
fpu_exception	: yes
cpuid level	: 5
wp		: yes
flags		: fpu vme de pse tsc msr pae mce cx8 apic sep mtrr pge mca cmov pat pse36 clflush mmx fxsr sse sse2 ht syscall nx rdtscp lm constant_tsc rep_good nopl pni ssse3 lahf_lm
bogomips	: 5332.64
clflush size	: 64
cache_alignment	: 64
address sizes	: 39 bits physical, 48 bits virtual
power management:

processor	: 2
vendor_id	: GenuineIntel
cpu family	: 6
model		: 60
model name	: Intel(R) Core(TM) i7-4800MQ CPU @ 2.70GHz
stepping	: 3
microcode	: 0x19
cpu MHz		: 2666.324
cache size	: 6144 KB
physical id	: 0
siblings	: 4
core id		: 2
cpu cores	: 4
apicid		: 2
initial apicid	: 2
fpu		: yes
fpu_exception	: yes
cpuid level	: 5
wp		: yes
flags		: fpu vme de pse tsc msr pae mce cx8 apic sep mtrr pge mca cmov pat pse36 clflush mmx fxsr sse sse2 ht syscall nx rdtscp lm constant_tsc rep_good nopl pni ssse3 lahf_lm
bogomips	: 5332.64
clflush size	: 64
cache_alignment	: 64
address sizes	: 39 bits physical, 48 bits virtual
power management:

processor	: 3
vendor_id	: GenuineIntel
cpu family	: 6
model		: 60
model name	: Intel(R) Core(TM) i7-4800MQ CPU @ 2.70GHz
stepping	: 3
microcode	: 0x19
cpu MHz		: 2666.324
cache size	: 6144 KB
physical id	: 0
siblings	: 4
core id		: 3
cpu cores	: 4
apicid		: 3
initial apicid	: 3
fpu		: yes
fpu_exception	: yes
cpuid level	: 5
wp		: yes
flags		: fpu vme de pse tsc msr pae mce cx8 apic sep mtrr pge mca cmov pat pse36 clflush mmx fxsr sse sse2 ht syscall nx rdtscp lm constant_tsc rep_good nopl pni ssse3 lahf_lm
bogomips	: 5332.64
clflush size	: 64
cache_alignment	: 64
address sizes	: 39 bits physical, 48 bits virtual
power management:



Memory: 4k page, physical 6500556k(2037396k free), swap 5312508k(5312508k free)

vm_info: OpenJDK 64-Bit Server VM (25.111-b14) for linux-amd64 JRE (1.8.0_111-8u111-b14-3~14.04.1-b14), built on Nov  5 2016 13:21:07 by "buildd" with gcc 4.8.4

time: Thu Jun  8 16:07:52 2017
elapsed time: 3 seconds (0d 0h 0m 3s)

