#
# A fatal error has been detected by the Java Runtime Environment:
#
#  SIGSEGV (0xb) at pc=0x00007f3067311462, pid=19139, tid=0x00007f3067209700
#
# JRE version: OpenJDK Runtime Environment (8.0_111-b14) (build 1.8.0_111-8u111-b14-3~14.04.1-b14)
# Java VM: OpenJDK 64-Bit Server VM (25.111-b14 mixed mode linux-amd64 compressed oops)
# Problematic frame:
# C  [librxtxSerial.so+0x6462]  read_byte_array+0x52
#
# Failed to write core dump. Core dumps have been disabled. To enable core dumping, try "ulimit -c unlimited" before starting Java again
#
# If you would like to submit a bug report, please visit:
#   http://bugreport.java.com/bugreport/crash.jsp
# The crash happened outside the Java Virtual Machine in native code.
# See problematic frame for where to report the bug.
#

---------------  T H R E A D  ---------------

Current thread (0x00007f309417d000):  JavaThread "Reader" [_thread_in_native, id=19163, stack(0x00007f3067109000,0x00007f306720a000)]

siginfo: si_signo: 11 (SIGSEGV), si_code: 1 (SEGV_MAPERR), si_addr: 0x0000000067309858

Registers:
RAX=0x0000000067309850, RBX=0xffffffffffffffff, RCX=0x0000000000000001, RDX=0x00007f309b7b8350
RSP=0x00007f30672086e0, RBP=0x00007f309417d1e0, RSI=0x00007f3067314e30, RDI=0x00007f3067314d3e
R8 =0x0000000000000006, R9 =0x00000000df0e8d78, R10=0x0000000000000002, R11=0x00007f309b7bcce4
R12=0x00000000ffffffff, R13=0x0000000000000000, R14=0x0000000000000010, R15=0x0000000000000000
RIP=0x00007f3067311462, EFLAGS=0x0000000000010206, CSGSFS=0x0000000000000033, ERR=0x0000000000000004
  TRAPNO=0x000000000000000e

Top of Stack: (sp=0x00007f30672086e0)
0x00007f30672086e0:   00007f306730bed0 00007f309416ac50
0x00007f30672086f0:   00007f3094184360 00007f303c000020
0x00007f3067208700:   0000000000000032 0000000067309850
0x00007f3067208710:   0000000000000007 0000000000000000
0x00007f3067208720:   0000000000000000 000000019be966d0
0x00007f3067208730:   00007f303c000bc0 0000001000000032
0x00007f3067208740:   00007f3067208780 00007f3067417830
0x00007f3067208750:   0000000000000000 0000000000000001
0x00007f3067208760:   0000000000000010 0000000000000000
0x00007f3067208770:   00007f309417d1e0 00007f309c3fa527
0x00007f3067208780:   00007f3000000005 0000000000000000
0x00007f3067208790:   00007f309417d000 00007f306730bed0
0x00007f30672087a0:   ffffffffffffffff 00007f309417d1e0
0x00007f30672087b0:   00007f303c000bc0 00007f309c4014d5
0x00007f30672087c0:   00007f303c000bc0 00007f303c000bc0
0x00007f30672087d0:   0000000000000010 ffffffffffffffff
0x00007f30672087e0:   00007f309417d1e0 00007f303c000bc0
0x00007f30672087f0:   0000000000000001 0000000000000010
0x00007f3067208800:   0000000000000000 00007f30673118a1
0x00007f3067208810:   00007f3084c0ba80 00007f30672088f8
0x00007f3067208820:   00007f3067208900 00007f3084c0ba80
0x00007f3067208830:   00007f30672088c8 0000000000000000
0x00007f3067208840:   00007f3084c0ba78 00007f3067208900
0x00007f3067208850:   00007f309417d000 00007f3085015574
0x00007f3067208860:   0000000000000000 00007f3084c0ba78
0x00007f3067208870:   00007f30672088c8 00007f3085015307
0x00007f3067208880:   00007f30850152c2 00007f3067208888
0x00007f3067208890:   00007f3084c0ba78 00007f3067208900
0x00007f30672088a0:   00007f3084c171c0 0000000000000000
0x00007f30672088b0:   00007f3084c0ba80 0000000000000000
0x00007f30672088c0:   00007f30672088e8 00007f3067208958
0x00007f30672088d0:   00007f3085007a40 0000000000000000 

Instructions: (pc=0x00007f3067311462)
0x00007f3067311442:   89 44 24 4c 48 c7 44 24 40 00 00 00 00 48 c7 44
0x00007f3067311452:   24 38 00 00 00 00 e8 53 d7 ff ff 48 89 44 24 28
0x00007f3067311462:   8b 40 08 45 85 e4 48 8b 54 24 28 44 8b 7c 24 4c
0x00007f3067311472:   89 44 24 34 c7 42 08 00 00 00 00 78 0c 31 c0 e8 

Register to memory mapping:

RAX=0x0000000067309850 is an unknown value
RBX=0xffffffffffffffff is an unknown value
RCX=0x0000000000000001 is an unknown value
RDX=0x00007f309b7b8350: <offset 0xed0350> in /usr/lib/jvm/java-8-openjdk-amd64/jre/lib/amd64/server/libjvm.so at 0x00007f309a8e8000
RSP=0x00007f30672086e0 is pointing into the stack for thread: 0x00007f309417d000
RBP=0x00007f309417d1e0 is an unknown value
RSI=0x00007f3067314e30: <offset 0x9e30> in /usr/lib/jvm/java-8-openjdk-amd64/lib/amd64/librxtxSerial.so at 0x00007f306730b000
RDI=0x00007f3067314d3e: <offset 0x9d3e> in /usr/lib/jvm/java-8-openjdk-amd64/lib/amd64/librxtxSerial.so at 0x00007f306730b000
R8 =0x0000000000000006 is an unknown value
R9 =0x00000000df0e8d78 is an oop
gnu.io.RXTXPort 
 - klass: 'gnu/io/RXTXPort'
R10=0x0000000000000002 is an unknown value
R11=0x00007f309b7bcce4: <offset 0xed4ce4> in /usr/lib/jvm/java-8-openjdk-amd64/jre/lib/amd64/server/libjvm.so at 0x00007f309a8e8000
R12=0x00000000ffffffff is an unallocated location in the heap
R13=0x0000000000000000 is an unknown value
R14=0x0000000000000010 is an unknown value
R15=0x0000000000000000 is an unknown value


Stack: [0x00007f3067109000,0x00007f306720a000],  sp=0x00007f30672086e0,  free space=1021k
Native frames: (J=compiled Java code, j=interpreted, Vv=VM code, C=native code)
C  [librxtxSerial.so+0x6462]  read_byte_array+0x52

Java frames: (J=compiled Java code, j=interpreted, Vv=VM code)
j  gnu.io.RXTXPort.readArray([BII)I+0
j  gnu.io.RXTXPort$SerialInputStream.read([BII)I+187
j  gnu.io.RXTXPort$SerialInputStream.read([B)I+38
j  serialports.SerialReader.run()V+33
j  java.lang.Thread.run()V+11
v  ~StubRoutines::call_stub

---------------  P R O C E S S  ---------------

Java Threads: ( => current thread )
  0x00007f309400a000 JavaThread "DestroyJavaVM" [_thread_blocked, id=19144, stack(0x00007f309c4e9000,0x00007f309c5ea000)]
  0x00007f309417f000 JavaThread "Writer" [_thread_blocked, id=19164, stack(0x00007f3067008000,0x00007f3067109000)]
=>0x00007f309417d000 JavaThread "Reader" [_thread_in_native, id=19163, stack(0x00007f3067109000,0x00007f306720a000)]
  0x00007f309417b800 JavaThread "Thread-1" [_thread_in_native, id=19162, stack(0x00007f306720a000,0x00007f306730b000)]
  0x00007f30940da000 JavaThread "Service Thread" daemon [_thread_blocked, id=19157, stack(0x00007f3067519000,0x00007f306761a000)]
  0x00007f30940b2800 JavaThread "C1 CompilerThread2" daemon [_thread_blocked, id=19156, stack(0x00007f306761a000,0x00007f306771b000)]
  0x00007f30940b0800 JavaThread "C2 CompilerThread1" daemon [_thread_blocked, id=19155, stack(0x00007f306771b000,0x00007f306781c000)]
  0x00007f30940ad800 JavaThread "C2 CompilerThread0" daemon [_thread_blocked, id=19154, stack(0x00007f306781c000,0x00007f306791d000)]
  0x00007f30940ab800 JavaThread "Signal Dispatcher" daemon [_thread_blocked, id=19153, stack(0x00007f307c052000,0x00007f307c153000)]
  0x00007f3094083800 JavaThread "Finalizer" daemon [_thread_blocked, id=19152, stack(0x00007f307c153000,0x00007f307c254000)]
  0x00007f309407f000 JavaThread "Reference Handler" daemon [_thread_blocked, id=19151, stack(0x00007f307c254000,0x00007f307c355000)]

Other Threads:
  0x00007f3094077000 VMThread [stack: 0x00007f307c355000,0x00007f307c456000] [id=19150]
  0x00007f30940dc800 WatcherThread [stack: 0x00007f3067418000,0x00007f3067519000] [id=19158]

VM state:not at safepoint (normal execution)

VM Mutex/Monitor currently owned by a thread: None

Heap:
 PSYoungGen      total 29696K, used 4096K [0x00000000def00000, 0x00000000e1000000, 0x0000000100000000)
  eden space 25600K, 16% used [0x00000000def00000,0x00000000df300268,0x00000000e0800000)
  from space 4096K, 0% used [0x00000000e0c00000,0x00000000e0c00000,0x00000000e1000000)
  to   space 4096K, 0% used [0x00000000e0800000,0x00000000e0800000,0x00000000e0c00000)
 ParOldGen       total 68608K, used 0K [0x000000009cc00000, 0x00000000a0f00000, 0x00000000def00000)
  object space 68608K, 0% used [0x000000009cc00000,0x000000009cc00000,0x00000000a0f00000)
 Metaspace       used 3723K, capacity 4704K, committed 4864K, reserved 1056768K
  class space    used 416K, capacity 464K, committed 512K, reserved 1048576K

Card table byte_map: [0x00007f3098951000,0x00007f3098c6c000] byte_map_base: 0x00007f309846b000

Marking Bits: (ParMarkBitMap*) 0x00007f309b7bc2a0
 Begin Bits: [0x00007f307ce60000, 0x00007f307e730000)
 End Bits:   [0x00007f307e730000, 0x00007f3080000000)

Polling page: 0x00007f309c60a000

CodeCache: size=245760Kb used=1323Kb max_used=1323Kb free=244436Kb
 bounds [0x00007f3085000000, 0x00007f3085270000, 0x00007f3094000000]
 total_blobs=366 nmethods=124 adapters=158
 compilation: enabled

Compilation events (10 events):
Event: 0.198 Thread 0x00007f30940b2800  116       1       java.util.regex.Pattern::flags (5 bytes)
Event: 0.198 Thread 0x00007f30940b2800 nmethod 116 0x00007f3085149410 code [0x00007f3085149560, 0x00007f3085149670]
Event: 0.198 Thread 0x00007f30940b2800  119       3       java.lang.Character::isBmpCodePoint (13 bytes)
Event: 0.198 Thread 0x00007f30940b2800 nmethod 119 0x00007f30851496d0 code [0x00007f3085149840, 0x00007f30851499d0]
Event: 0.198 Thread 0x00007f30940b2800  118       3       java.util.regex.ASCII::isAscii (13 bytes)
Event: 0.198 Thread 0x00007f30940b2800 nmethod 118 0x00007f3085149a50 code [0x00007f3085149bc0, 0x00007f3085149d50]
Event: 3.175 Thread 0x00007f30940b2800  120       1       java.net.URL::getQuery (5 bytes)
Event: 3.176 Thread 0x00007f30940b2800 nmethod 120 0x00007f3085149fd0 code [0x00007f308514a120, 0x00007f308514a230]
Event: 3.190 Thread 0x00007f30940b2800  122       3       java.lang.String::indexOf (25 bytes)
Event: 3.191 Thread 0x00007f30940b2800 nmethod 122 0x00007f308514a610 code [0x00007f308514a780, 0x00007f308514a928]

GC Heap History (0 events):
No events

Deoptimization events (0 events):
No events

Internal exceptions (10 events):
Event: 0.136 Thread 0x00007f309400a000 Exception <a 'java/io/FileNotFoundException'> (0x00000000df043d10) thrown at [/build/openjdk-8-8itSJj/openjdk-8-8u111-b14/src/hotspot/src/share/vm/prims/jni.cpp, line 709]
Event: 0.144 Thread 0x00007f309400a000 Exception <a 'java/io/FileNotFoundException'> (0x00000000df053b18) thrown at [/build/openjdk-8-8itSJj/openjdk-8-8u111-b14/src/hotspot/src/share/vm/prims/jni.cpp, line 709]
Event: 0.146 Thread 0x00007f309400a000 Exception <a 'java/io/FileNotFoundException'> (0x00000000df062e48) thrown at [/build/openjdk-8-8itSJj/openjdk-8-8u111-b14/src/hotspot/src/share/vm/prims/jni.cpp, line 709]
Event: 0.153 Thread 0x00007f309400a000 Exception <a 'java/io/FileNotFoundException'> (0x00000000df072730) thrown at [/build/openjdk-8-8itSJj/openjdk-8-8u111-b14/src/hotspot/src/share/vm/prims/jni.cpp, line 709]
Event: 0.184 Thread 0x00007f309400a000 Exception <a 'java/security/PrivilegedActionException'> (0x00000000df0bfd98) thrown at [/build/openjdk-8-8itSJj/openjdk-8-8u111-b14/src/hotspot/src/share/vm/prims/jvm.cpp, line 1386]
Event: 0.184 Thread 0x00007f309400a000 Exception <a 'java/security/PrivilegedActionException'> (0x00000000df0c0190) thrown at [/build/openjdk-8-8itSJj/openjdk-8-8u111-b14/src/hotspot/src/share/vm/prims/jvm.cpp, line 1386]
Event: 0.184 Thread 0x00007f309400a000 Exception <a 'java/security/PrivilegedActionException'> (0x00000000df0c23e0) thrown at [/build/openjdk-8-8itSJj/openjdk-8-8u111-b14/src/hotspot/src/share/vm/prims/jvm.cpp, line 1386]
Event: 0.184 Thread 0x00007f309400a000 Exception <a 'java/security/PrivilegedActionException'> (0x00000000df0c27d8) thrown at [/build/openjdk-8-8itSJj/openjdk-8-8u111-b14/src/hotspot/src/share/vm/prims/jvm.cpp, line 1386]
Event: 0.184 Thread 0x00007f309400a000 Exception <a 'java/security/PrivilegedActionException'> (0x00000000df0c3490) thrown at [/build/openjdk-8-8itSJj/openjdk-8-8u111-b14/src/hotspot/src/share/vm/prims/jvm.cpp, line 1386]
Event: 0.184 Thread 0x00007f309400a000 Exception <a 'java/security/PrivilegedActionException'> (0x00000000df0c3888) thrown at [/build/openjdk-8-8itSJj/openjdk-8-8u111-b14/src/hotspot/src/share/vm/prims/jvm.cpp, line 1386]

Events (10 events):
Event: 3.169 loading class java/util/concurrent/locks/AbstractQueuedSynchronizer$Node done
Event: 3.169 loading class serialports/ThreadSafeListWrapper
Event: 3.169 loading class serialports/ThreadSafeListWrapper done
Event: 3.179 Thread 0x00007f309417b800 Thread added: 0x00007f309417b800
Event: 3.185 loading class serialports/SerialWriter
Event: 3.185 loading class serialports/SerialWriter done
Event: 3.189 loading class serialports/SerialReader
Event: 3.189 loading class serialports/SerialReader done
Event: 3.191 Thread 0x00007f309417d000 Thread added: 0x00007f309417d000
Event: 3.192 Thread 0x00007f309417f000 Thread added: 0x00007f309417f000


Dynamic libraries:
00400000-00401000 r-xp 00000000 08:01 2404755                            /usr/lib/jvm/java-8-openjdk-amd64/jre/bin/java
00600000-00601000 r--p 00000000 08:01 2404755                            /usr/lib/jvm/java-8-openjdk-amd64/jre/bin/java
00601000-00602000 rw-p 00001000 08:01 2404755                            /usr/lib/jvm/java-8-openjdk-amd64/jre/bin/java
0200e000-0202f000 rw-p 00000000 00:00 0                                  [heap]
9cc00000-a0f00000 rw-p 00000000 00:00 0 
a0f00000-def00000 ---p 00000000 00:00 0 
def00000-e1000000 rw-p 00000000 00:00 0 
e1000000-100000000 ---p 00000000 00:00 0 
100000000-100080000 rw-p 00000000 00:00 0 
100080000-140000000 ---p 00000000 00:00 0 
7f303c000000-7f303c021000 rw-p 00000000 00:00 0 
7f303c021000-7f3040000000 ---p 00000000 00:00 0 
7f3040000000-7f3040021000 rw-p 00000000 00:00 0 
7f3040021000-7f3044000000 ---p 00000000 00:00 0 
7f3044000000-7f3044021000 rw-p 00000000 00:00 0 
7f3044021000-7f3048000000 ---p 00000000 00:00 0 
7f3048000000-7f3048021000 rw-p 00000000 00:00 0 
7f3048021000-7f304c000000 ---p 00000000 00:00 0 
7f304c000000-7f304c189000 rw-p 00000000 00:00 0 
7f304c189000-7f3050000000 ---p 00000000 00:00 0 
7f3050000000-7f3050021000 rw-p 00000000 00:00 0 
7f3050021000-7f3054000000 ---p 00000000 00:00 0 
7f3054000000-7f305403e000 rw-p 00000000 00:00 0 
7f305403e000-7f3058000000 ---p 00000000 00:00 0 
7f3058000000-7f3058021000 rw-p 00000000 00:00 0 
7f3058021000-7f305c000000 ---p 00000000 00:00 0 
7f305c000000-7f305c021000 rw-p 00000000 00:00 0 
7f305c021000-7f3060000000 ---p 00000000 00:00 0 
7f3060000000-7f3060021000 rw-p 00000000 00:00 0 
7f3060021000-7f3064000000 ---p 00000000 00:00 0 
7f3067008000-7f306700b000 ---p 00000000 00:00 0 
7f306700b000-7f3067109000 rw-p 00000000 00:00 0                          [stack:19164]
7f3067109000-7f306710c000 ---p 00000000 00:00 0 
7f306710c000-7f306720a000 rw-p 00000000 00:00 0                          [stack:19163]
7f306720a000-7f306720d000 ---p 00000000 00:00 0 
7f306720d000-7f306730b000 rw-p 00000000 00:00 0                          [stack:19162]
7f306730b000-7f3067317000 r-xp 00000000 08:01 2491058                    /usr/lib/jvm/java-8-openjdk-amd64/lib/amd64/librxtxSerial.so
7f3067317000-7f3067416000 ---p 0000c000 08:01 2491058                    /usr/lib/jvm/java-8-openjdk-amd64/lib/amd64/librxtxSerial.so
7f3067416000-7f3067418000 rw-p 0000b000 08:01 2491058                    /usr/lib/jvm/java-8-openjdk-amd64/lib/amd64/librxtxSerial.so
7f3067418000-7f3067419000 ---p 00000000 00:00 0 
7f3067419000-7f3067519000 rw-p 00000000 00:00 0                          [stack:19158]
7f3067519000-7f306751c000 ---p 00000000 00:00 0 
7f306751c000-7f306761a000 rw-p 00000000 00:00 0                          [stack:19157]
7f306761a000-7f306761d000 ---p 00000000 00:00 0 
7f306761d000-7f306771b000 rw-p 00000000 00:00 0                          [stack:19156]
7f306771b000-7f306771e000 ---p 00000000 00:00 0 
7f306771e000-7f306781c000 rw-p 00000000 00:00 0                          [stack:19155]
7f306781c000-7f306781f000 ---p 00000000 00:00 0 
7f306781f000-7f306791d000 rw-p 00000000 00:00 0                          [stack:19154]
7f306791d000-7f3068000000 r--p 00000000 08:01 1580881                    /usr/lib/locale/locale-archive
7f3068000000-7f3068021000 rw-p 00000000 00:00 0 
7f3068021000-7f306c000000 ---p 00000000 00:00 0 
7f306c000000-7f306c021000 rw-p 00000000 00:00 0 
7f306c021000-7f3070000000 ---p 00000000 00:00 0 
7f3070000000-7f3070021000 rw-p 00000000 00:00 0 
7f3070021000-7f3074000000 ---p 00000000 00:00 0 
7f3074000000-7f3074021000 rw-p 00000000 00:00 0 
7f3074021000-7f3078000000 ---p 00000000 00:00 0 
7f3078000000-7f3078021000 rw-p 00000000 00:00 0 
7f3078021000-7f307c000000 ---p 00000000 00:00 0 
7f307c01c000-7f307c037000 r--s 001d5000 08:01 2393868                    /usr/lib/jvm/java-8-openjdk-amd64/jre/lib/ext/nashorn.jar
7f307c037000-7f307c052000 r--s 00394000 08:01 2401111                    /usr/lib/jvm/java-8-openjdk-amd64/jre/lib/ext/cldrdata.jar
7f307c052000-7f307c055000 ---p 00000000 00:00 0 
7f307c055000-7f307c153000 rw-p 00000000 00:00 0                          [stack:19153]
7f307c153000-7f307c156000 ---p 00000000 00:00 0 
7f307c156000-7f307c254000 rw-p 00000000 00:00 0                          [stack:19152]
7f307c254000-7f307c257000 ---p 00000000 00:00 0 
7f307c257000-7f307c355000 rw-p 00000000 00:00 0                          [stack:19151]
7f307c355000-7f307c356000 ---p 00000000 00:00 0 
7f307c356000-7f3080000000 rw-p 00000000 00:00 0                          [stack:19150]
7f3080000000-7f3080021000 rw-p 00000000 00:00 0 
7f3080021000-7f3084000000 ---p 00000000 00:00 0 
7f3084007000-7f30845bc000 rw-p 00000000 00:00 0 
7f30845bc000-7f308478a000 r--s 03bf1000 08:01 2236126                    /usr/lib/jvm/java-8-openjdk-amd64/jre/lib/rt.jar
7f308478a000-7f3084c40000 rw-p 00000000 00:00 0 
7f3084c40000-7f3085000000 ---p 00000000 00:00 0 
7f3085000000-7f3085270000 rwxp 00000000 00:00 0 
7f3085270000-7f3094000000 ---p 00000000 00:00 0 
7f3094000000-7f309418f000 rw-p 00000000 00:00 0 
7f309418f000-7f3098000000 ---p 00000000 00:00 0 
7f3098000000-7f309833b000 rw-p 00000000 00:00 0 
7f309833b000-7f309833c000 ---p 00000000 00:00 0 
7f309833c000-7f309843c000 rw-p 00000000 00:00 0                          [stack:19149]
7f309843c000-7f309843d000 ---p 00000000 00:00 0 
7f309843d000-7f309853d000 rw-p 00000000 00:00 0                          [stack:19148]
7f309853d000-7f309853e000 ---p 00000000 00:00 0 
7f309853e000-7f309863e000 rw-p 00000000 00:00 0                          [stack:19147]
7f309863e000-7f309863f000 ---p 00000000 00:00 0 
7f309863f000-7f3098761000 rw-p 00000000 00:00 0                          [stack:19146]
7f3098761000-7f3098951000 ---p 00000000 00:00 0 
7f3098951000-7f3098973000 rw-p 00000000 00:00 0 
7f3098973000-7f3098b62000 ---p 00000000 00:00 0 
7f3098b62000-7f3098b73000 rw-p 00000000 00:00 0 
7f3098b73000-7f3098c6b000 ---p 00000000 00:00 0 
7f3098c6b000-7f3098c76000 rw-p 00000000 00:00 0 
7f3098c76000-7f309902c000 ---p 00000000 00:00 0 
7f309902c000-7f3099034000 r-xp 00000000 08:01 2236101                    /usr/lib/jvm/java-8-openjdk-amd64/jre/lib/amd64/libzip.so
7f3099034000-7f3099233000 ---p 00008000 08:01 2236101                    /usr/lib/jvm/java-8-openjdk-amd64/jre/lib/amd64/libzip.so
7f3099233000-7f3099234000 r--p 00007000 08:01 2236101                    /usr/lib/jvm/java-8-openjdk-amd64/jre/lib/amd64/libzip.so
7f3099234000-7f3099235000 rw-p 00008000 08:01 2236101                    /usr/lib/jvm/java-8-openjdk-amd64/jre/lib/amd64/libzip.so
7f3099235000-7f309923f000 r-xp 00000000 08:01 2648247                    /lib/x86_64-linux-gnu/libnss_files-2.19.so
7f309923f000-7f309943e000 ---p 0000a000 08:01 2648247                    /lib/x86_64-linux-gnu/libnss_files-2.19.so
7f309943e000-7f309943f000 r--p 00009000 08:01 2648247                    /lib/x86_64-linux-gnu/libnss_files-2.19.so
7f309943f000-7f3099440000 rw-p 0000a000 08:01 2648247                    /lib/x86_64-linux-gnu/libnss_files-2.19.so
7f3099440000-7f309944b000 r-xp 00000000 08:01 2624963                    /lib/x86_64-linux-gnu/libnss_nis-2.19.so
7f309944b000-7f309964a000 ---p 0000b000 08:01 2624963                    /lib/x86_64-linux-gnu/libnss_nis-2.19.so
7f309964a000-7f309964b000 r--p 0000a000 08:01 2624963                    /lib/x86_64-linux-gnu/libnss_nis-2.19.so
7f309964b000-7f309964c000 rw-p 0000b000 08:01 2624963                    /lib/x86_64-linux-gnu/libnss_nis-2.19.so
7f309964c000-7f3099663000 r-xp 00000000 08:01 2648235                    /lib/x86_64-linux-gnu/libnsl-2.19.so
7f3099663000-7f3099862000 ---p 00017000 08:01 2648235                    /lib/x86_64-linux-gnu/libnsl-2.19.so
7f3099862000-7f3099863000 r--p 00016000 08:01 2648235                    /lib/x86_64-linux-gnu/libnsl-2.19.so
7f3099863000-7f3099864000 rw-p 00017000 08:01 2648235                    /lib/x86_64-linux-gnu/libnsl-2.19.so
7f3099864000-7f3099866000 rw-p 00000000 00:00 0 
7f3099866000-7f309986f000 r-xp 00000000 08:01 2648231                    /lib/x86_64-linux-gnu/libnss_compat-2.19.so
7f309986f000-7f3099a6e000 ---p 00009000 08:01 2648231                    /lib/x86_64-linux-gnu/libnss_compat-2.19.so
7f3099a6e000-7f3099a6f000 r--p 00008000 08:01 2648231                    /lib/x86_64-linux-gnu/libnss_compat-2.19.so
7f3099a6f000-7f3099a70000 rw-p 00009000 08:01 2648231                    /lib/x86_64-linux-gnu/libnss_compat-2.19.so
7f3099a70000-7f3099a9d000 r-xp 00000000 08:01 2236111                    /usr/lib/jvm/java-8-openjdk-amd64/jre/lib/amd64/libjava.so
7f3099a9d000-7f3099c9c000 ---p 0002d000 08:01 2236111                    /usr/lib/jvm/java-8-openjdk-amd64/jre/lib/amd64/libjava.so
7f3099c9c000-7f3099c9d000 r--p 0002c000 08:01 2236111                    /usr/lib/jvm/java-8-openjdk-amd64/jre/lib/amd64/libjava.so
7f3099c9d000-7f3099c9f000 rw-p 0002d000 08:01 2236111                    /usr/lib/jvm/java-8-openjdk-amd64/jre/lib/amd64/libjava.so
7f3099c9f000-7f3099caf000 r-xp 00000000 08:01 2236091                    /usr/lib/jvm/java-8-openjdk-amd64/jre/lib/amd64/libverify.so
7f3099caf000-7f3099eae000 ---p 00010000 08:01 2236091                    /usr/lib/jvm/java-8-openjdk-amd64/jre/lib/amd64/libverify.so
7f3099eae000-7f3099eb0000 r--p 0000f000 08:01 2236091                    /usr/lib/jvm/java-8-openjdk-amd64/jre/lib/amd64/libverify.so
7f3099eb0000-7f3099eb1000 rw-p 00011000 08:01 2236091                    /usr/lib/jvm/java-8-openjdk-amd64/jre/lib/amd64/libverify.so
7f3099eb1000-7f3099eb8000 r-xp 00000000 08:01 2624957                    /lib/x86_64-linux-gnu/librt-2.19.so
7f3099eb8000-7f309a0b7000 ---p 00007000 08:01 2624957                    /lib/x86_64-linux-gnu/librt-2.19.so
7f309a0b7000-7f309a0b8000 r--p 00006000 08:01 2624957                    /lib/x86_64-linux-gnu/librt-2.19.so
7f309a0b8000-7f309a0b9000 rw-p 00007000 08:01 2624957                    /lib/x86_64-linux-gnu/librt-2.19.so
7f309a0b9000-7f309a0cf000 r-xp 00000000 08:01 2679480                    /lib/x86_64-linux-gnu/libgcc_s.so.1
7f309a0cf000-7f309a2ce000 ---p 00016000 08:01 2679480                    /lib/x86_64-linux-gnu/libgcc_s.so.1
7f309a2ce000-7f309a2cf000 r--p 00015000 08:01 2679480                    /lib/x86_64-linux-gnu/libgcc_s.so.1
7f309a2cf000-7f309a2d0000 rw-p 00016000 08:01 2679480                    /lib/x86_64-linux-gnu/libgcc_s.so.1
7f309a2d0000-7f309a3d5000 r-xp 00000000 08:01 2648237                    /lib/x86_64-linux-gnu/libm-2.19.so
7f309a3d5000-7f309a5d4000 ---p 00105000 08:01 2648237                    /lib/x86_64-linux-gnu/libm-2.19.so
7f309a5d4000-7f309a5d5000 r--p 00104000 08:01 2648237                    /lib/x86_64-linux-gnu/libm-2.19.so
7f309a5d5000-7f309a5d6000 rw-p 00105000 08:01 2648237                    /lib/x86_64-linux-gnu/libm-2.19.so
7f309a5d6000-7f309a6dc000 r-xp 00000000 08:01 1626084                    /usr/lib/x86_64-linux-gnu/libstdc++.so.6.0.22
7f309a6dc000-7f309a8db000 ---p 00106000 08:01 1626084                    /usr/lib/x86_64-linux-gnu/libstdc++.so.6.0.22
7f309a8db000-7f309a8e3000 r--p 00105000 08:01 1626084                    /usr/lib/x86_64-linux-gnu/libstdc++.so.6.0.22
7f309a8e3000-7f309a8e5000 rw-p 0010d000 08:01 1626084                    /usr/lib/x86_64-linux-gnu/libstdc++.so.6.0.22
7f309a8e5000-7f309a8e8000 rw-p 00000000 00:00 0 
7f309a8e8000-7f309b4e0000 r-xp 00000000 08:01 2236096                    /usr/lib/jvm/java-8-openjdk-amd64/jre/lib/amd64/server/libjvm.so
7f309b4e0000-7f309b6e0000 ---p 00bf8000 08:01 2236096                    /usr/lib/jvm/java-8-openjdk-amd64/jre/lib/amd64/server/libjvm.so
7f309b6e0000-7f309b77e000 r--p 00bf8000 08:01 2236096                    /usr/lib/jvm/java-8-openjdk-amd64/jre/lib/amd64/server/libjvm.so
7f309b77e000-7f309b7a7000 rw-p 00c96000 08:01 2236096                    /usr/lib/jvm/java-8-openjdk-amd64/jre/lib/amd64/server/libjvm.so
7f309b7a7000-7f309b7d9000 rw-p 00000000 00:00 0 
7f309b7d9000-7f309b7f2000 r-xp 00000000 08:01 2648251                    /lib/x86_64-linux-gnu/libpthread-2.19.so
7f309b7f2000-7f309b9f1000 ---p 00019000 08:01 2648251                    /lib/x86_64-linux-gnu/libpthread-2.19.so
7f309b9f1000-7f309b9f2000 r--p 00018000 08:01 2648251                    /lib/x86_64-linux-gnu/libpthread-2.19.so
7f309b9f2000-7f309b9f3000 rw-p 00019000 08:01 2648251                    /lib/x86_64-linux-gnu/libpthread-2.19.so
7f309b9f3000-7f309b9f7000 rw-p 00000000 00:00 0 
7f309b9f7000-7f309b9fa000 r-xp 00000000 08:01 2648249                    /lib/x86_64-linux-gnu/libdl-2.19.so
7f309b9fa000-7f309bbf9000 ---p 00003000 08:01 2648249                    /lib/x86_64-linux-gnu/libdl-2.19.so
7f309bbf9000-7f309bbfa000 r--p 00002000 08:01 2648249                    /lib/x86_64-linux-gnu/libdl-2.19.so
7f309bbfa000-7f309bbfb000 rw-p 00003000 08:01 2648249                    /lib/x86_64-linux-gnu/libdl-2.19.so
7f309bbfb000-7f309bc13000 r-xp 00000000 08:01 2625699                    /lib/x86_64-linux-gnu/libz.so.1.2.8
7f309bc13000-7f309be12000 ---p 00018000 08:01 2625699                    /lib/x86_64-linux-gnu/libz.so.1.2.8
7f309be12000-7f309be13000 r--p 00017000 08:01 2625699                    /lib/x86_64-linux-gnu/libz.so.1.2.8
7f309be13000-7f309be14000 rw-p 00018000 08:01 2625699                    /lib/x86_64-linux-gnu/libz.so.1.2.8
7f309be14000-7f309bfd2000 r-xp 00000000 08:01 2648229                    /lib/x86_64-linux-gnu/libc-2.19.so
7f309bfd2000-7f309c1d1000 ---p 001be000 08:01 2648229                    /lib/x86_64-linux-gnu/libc-2.19.so
7f309c1d1000-7f309c1d5000 r--p 001bd000 08:01 2648229                    /lib/x86_64-linux-gnu/libc-2.19.so
7f309c1d5000-7f309c1d7000 rw-p 001c1000 08:01 2648229                    /lib/x86_64-linux-gnu/libc-2.19.so
7f309c1d7000-7f309c1dc000 rw-p 00000000 00:00 0 
7f309c1dc000-7f309c1e9000 r-xp 00000000 08:01 2236107                    /usr/lib/jvm/java-8-openjdk-amd64/jre/lib/amd64/jli/libjli.so
7f309c1e9000-7f309c3e9000 ---p 0000d000 08:01 2236107                    /usr/lib/jvm/java-8-openjdk-amd64/jre/lib/amd64/jli/libjli.so
7f309c3e9000-7f309c3ea000 r--p 0000d000 08:01 2236107                    /usr/lib/jvm/java-8-openjdk-amd64/jre/lib/amd64/jli/libjli.so
7f309c3ea000-7f309c3eb000 rw-p 0000e000 08:01 2236107                    /usr/lib/jvm/java-8-openjdk-amd64/jre/lib/amd64/jli/libjli.so
7f309c3eb000-7f309c40e000 r-xp 00000000 08:01 2648245                    /lib/x86_64-linux-gnu/ld-2.19.so
7f309c416000-7f309c418000 r--s 0000d000 08:01 2752720                    /home/developer/Documents/EclipseWorkspaces/kabi/SerialPortSimulator/lib/RXTXcomm.jar
7f309c418000-7f309c41b000 r--s 0000f000 08:01 2394798                    /usr/lib/jvm/java-8-openjdk-amd64/jre/lib/ext/icedtea-sound.jar
7f309c41b000-7f309c425000 r--s 00116000 08:01 2367263                    /usr/lib/jvm/java-8-openjdk-amd64/jre/lib/ext/localedata.jar
7f309c425000-7f309c4e9000 rw-p 00000000 00:00 0 
7f309c4e9000-7f309c4ec000 ---p 00000000 00:00 0 
7f309c4ec000-7f309c5f0000 rw-p 00000000 00:00 0                          [stack:19144]
7f309c5f0000-7f309c5f1000 r--s 0000a000 08:01 2393870                    /usr/lib/jvm/java-8-openjdk-amd64/jre/lib/ext/jaccess.jar
7f309c5f1000-7f309c5f3000 r--s 00001000 08:01 2393867                    /usr/lib/jvm/java-8-openjdk-amd64/jre/lib/ext/dnsns.jar
7f309c5f3000-7f309c5f5000 r--s 00008000 08:01 2393871                    /usr/lib/jvm/java-8-openjdk-amd64/jre/lib/ext/sunec.jar
7f309c5f5000-7f309c5f7000 r--s 00006000 08:01 1969947                    /usr/share/java/java-atk-wrapper.jar
7f309c5f7000-7f309c5fc000 r--s 0003b000 08:01 2401113                    /usr/lib/jvm/java-8-openjdk-amd64/jre/lib/ext/sunjce_provider.jar
7f309c5fc000-7f309c5fd000 r--s 00010000 08:01 2401112                    /usr/lib/jvm/java-8-openjdk-amd64/jre/lib/ext/zipfs.jar
7f309c5fd000-7f309c601000 r--s 00037000 08:01 2393831                    /usr/lib/jvm/java-8-openjdk-amd64/jre/lib/ext/sunpkcs11.jar
7f309c601000-7f309c609000 rw-s 00000000 08:01 2366026                    /tmp/hsperfdata_root/19139
7f309c609000-7f309c60a000 rw-p 00000000 00:00 0 
7f309c60a000-7f309c60b000 r--p 00000000 00:00 0 
7f309c60b000-7f309c60d000 rw-p 00000000 00:00 0 
7f309c60d000-7f309c60e000 r--p 00022000 08:01 2648245                    /lib/x86_64-linux-gnu/ld-2.19.so
7f309c60e000-7f309c60f000 rw-p 00023000 08:01 2648245                    /lib/x86_64-linux-gnu/ld-2.19.so
7f309c60f000-7f309c610000 rw-p 00000000 00:00 0 
7fff526ad000-7fff526ce000 rw-p 00000000 00:00 0                          [stack]
7fff527fe000-7fff52800000 r-xp 00000000 00:00 0                          [vdso]
ffffffffff600000-ffffffffff601000 r-xp 00000000 00:00 0                  [vsyscall]

VM Arguments:
jvm_args: -Djava.library.path=/usr/lib/jvm/java-8-openjdk-amd64/lib/amd64 -Dfile.encoding=UTF-8 
java_command: pumpmain.PumpClass
java_class_path (initial): /home/developer/Documents/EclipseWorkspaces/kabi/SerialPortSimulator/bin:/home/developer/Documents/EclipseWorkspaces/kabi/SerialPortSimulator/lib/RXTXcomm.jar
Launcher Type: SUN_STANDARD

Environment Variables:
PATH=/usr/local/sbin:/usr/local/bin:/usr/sbin:/usr/bin:/sbin:/bin:/snap/bin
USERNAME=root
SHELL=/bin/bash
DISPLAY=:0

Signal Handlers:
SIGSEGV: [libjvm.so+0x9fddb0], sa_mask[0]=11111111011111111101111111111110, sa_flags=SA_RESTART|SA_SIGINFO
SIGBUS: [libjvm.so+0x9fddb0], sa_mask[0]=11111111011111111101111111111110, sa_flags=SA_RESTART|SA_SIGINFO
SIGFPE: [libjvm.so+0x85be50], sa_mask[0]=11111111011111111101111111111110, sa_flags=SA_RESTART|SA_SIGINFO
SIGPIPE: [libjvm.so+0x85be50], sa_mask[0]=11111111011111111101111111111110, sa_flags=SA_RESTART|SA_SIGINFO
SIGXFSZ: [libjvm.so+0x85be50], sa_mask[0]=11111111011111111101111111111110, sa_flags=SA_RESTART|SA_SIGINFO
SIGILL: [libjvm.so+0x85be50], sa_mask[0]=11111111011111111101111111111110, sa_flags=SA_RESTART|SA_SIGINFO
SIGUSR1: SIG_DFL, sa_mask[0]=00000000000000000000000000000000, sa_flags=none
SIGUSR2: [libjvm.so+0x85bd20], sa_mask[0]=00100000000000000000000000000000, sa_flags=SA_RESTART|SA_SIGINFO
SIGHUP: [libjvm.so+0x85bf10], sa_mask[0]=11111111011111111101111111111110, sa_flags=SA_RESTART|SA_SIGINFO
SIGINT: [libjvm.so+0x85bf10], sa_mask[0]=11111111011111111101111111111110, sa_flags=SA_RESTART|SA_SIGINFO
SIGTERM: [libjvm.so+0x85bf10], sa_mask[0]=11111111011111111101111111111110, sa_flags=SA_RESTART|SA_SIGINFO
SIGQUIT: [libjvm.so+0x85bf10], sa_mask[0]=11111111011111111101111111111110, sa_flags=SA_RESTART|SA_SIGINFO


---------------  S Y S T E M  ---------------

OS:DISTRIB_ID=Ubuntu
DISTRIB_RELEASE=14.04
DISTRIB_CODENAME=trusty
DISTRIB_DESCRIPTION="Ubuntu 14.04.5 LTS"

uname:Linux 3.13.0-24-generic #47-Ubuntu SMP Fri May 2 23:30:00 UTC 2014 x86_64
libc:glibc 2.19 NPTL 2.19 
rlimit: STACK 8192k, CORE 0k, NPROC 50611, NOFILE 4096, AS infinity
load average:0.50 0.66 0.75

/proc/meminfo:
MemTotal:        6500556 kB
MemFree:         2121288 kB
Buffers:          522892 kB
Cached:          1548448 kB
SwapCached:            0 kB
Active:          2932308 kB
Inactive:        1102408 kB
Active(anon):    1963976 kB
Inactive(anon):    54028 kB
Active(file):     968332 kB
Inactive(file):  1048380 kB
Unevictable:          16 kB
Mlocked:              16 kB
SwapTotal:       5312508 kB
SwapFree:        5312508 kB
Dirty:               208 kB
Writeback:           172 kB
AnonPages:       1965536 kB
Mapped:           209236 kB
Shmem:             54632 kB
Slab:             247100 kB
SReclaimable:     224316 kB
SUnreclaim:        22784 kB
KernelStack:        4152 kB
PageTables:        27076 kB
NFS_Unstable:          0 kB
Bounce:                0 kB
WritebackTmp:          0 kB
CommitLimit:     8562784 kB
Committed_AS:    4744564 kB
VmallocTotal:   34359738367 kB
VmallocUsed:       65540 kB
VmallocChunk:   34359642256 kB
HardwareCorrupted:     0 kB
AnonHugePages:   1435648 kB
HugePages_Total:       0
HugePages_Free:        0
HugePages_Rsvd:        0
HugePages_Surp:        0
Hugepagesize:       2048 kB
DirectMap4k:       64448 kB
DirectMap2M:     6623232 kB


CPU:total 4 (4 cores per cpu, 1 threads per core) family 6 model 60 stepping 3, cmov, cx8, fxsr, mmx, sse, sse2, sse3, ssse3, tsc

/proc/cpuinfo:
processor	: 0
vendor_id	: GenuineIntel
cpu family	: 6
model		: 60
model name	: Intel(R) Core(TM) i7-4800MQ CPU @ 2.70GHz
stepping	: 3
microcode	: 0x19
cpu MHz		: 2666.324
cache size	: 6144 KB
physical id	: 0
siblings	: 4
core id		: 0
cpu cores	: 4
apicid		: 0
initial apicid	: 0
fpu		: yes
fpu_exception	: yes
cpuid level	: 5
wp		: yes
flags		: fpu vme de pse tsc msr pae mce cx8 apic sep mtrr pge mca cmov pat pse36 clflush mmx fxsr sse sse2 ht syscall nx rdtscp lm constant_tsc rep_good nopl pni ssse3 lahf_lm
bogomips	: 5332.64
clflush size	: 64
cache_alignment	: 64
address sizes	: 39 bits physical, 48 bits virtual
power management:

processor	: 1
vendor_id	: GenuineIntel
cpu family	: 6
model		: 60
model name	: Intel(R) Core(TM) i7-4800MQ CPU @ 2.70GHz
stepping	: 3
microcode	: 0x19
cpu MHz		: 2666.324
cache size	: 6144 KB
physical id	: 0
siblings	: 4
core id		: 1
cpu cores	: 4
apicid		: 1
initial apicid	: 1
fpu		: yes
fpu_exception	: yes
cpuid level	: 5
wp		: yes
flags		: fpu vme de pse tsc msr pae mce cx8 apic sep mtrr pge mca cmov pat pse36 clflush mmx fxsr sse sse2 ht syscall nx rdtscp lm constant_tsc rep_good nopl pni ssse3 lahf_lm
bogomips	: 5332.64
clflush size	: 64
cache_alignment	: 64
address sizes	: 39 bits physical, 48 bits virtual
power management:

processor	: 2
vendor_id	: GenuineIntel
cpu family	: 6
model		: 60
model name	: Intel(R) Core(TM) i7-4800MQ CPU @ 2.70GHz
stepping	: 3
microcode	: 0x19
cpu MHz		: 2666.324
cache size	: 6144 KB
physical id	: 0
siblings	: 4
core id		: 2
cpu cores	: 4
apicid		: 2
initial apicid	: 2
fpu		: yes
fpu_exception	: yes
cpuid level	: 5
wp		: yes
flags		: fpu vme de pse tsc msr pae mce cx8 apic sep mtrr pge mca cmov pat pse36 clflush mmx fxsr sse sse2 ht syscall nx rdtscp lm constant_tsc rep_good nopl pni ssse3 lahf_lm
bogomips	: 5332.64
clflush size	: 64
cache_alignment	: 64
address sizes	: 39 bits physical, 48 bits virtual
power management:

processor	: 3
vendor_id	: GenuineIntel
cpu family	: 6
model		: 60
model name	: Intel(R) Core(TM) i7-4800MQ CPU @ 2.70GHz
stepping	: 3
microcode	: 0x19
cpu MHz		: 2666.324
cache size	: 6144 KB
physical id	: 0
siblings	: 4
core id		: 3
cpu cores	: 4
apicid		: 3
initial apicid	: 3
fpu		: yes
fpu_exception	: yes
cpuid level	: 5
wp		: yes
flags		: fpu vme de pse tsc msr pae mce cx8 apic sep mtrr pge mca cmov pat pse36 clflush mmx fxsr sse sse2 ht syscall nx rdtscp lm constant_tsc rep_good nopl pni ssse3 lahf_lm
bogomips	: 5332.64
clflush size	: 64
cache_alignment	: 64
address sizes	: 39 bits physical, 48 bits virtual
power management:



Memory: 4k page, physical 6500556k(2121040k free), swap 5312508k(5312508k free)

vm_info: OpenJDK 64-Bit Server VM (25.111-b14) for linux-amd64 JRE (1.8.0_111-8u111-b14-3~14.04.1-b14), built on Nov  5 2016 13:21:07 by "buildd" with gcc 4.8.4

time: Thu Jun  8 15:47:02 2017
elapsed time: 3 seconds (0d 0h 0m 3s)

