#
# A fatal error has been detected by the Java Runtime Environment:
#
#  SIGSEGV (0xb) at pc=0x00007fd9dc2ca462, pid=19299, tid=0x00007fd9dc1c2700
#
# JRE version: OpenJDK Runtime Environment (8.0_111-b14) (build 1.8.0_111-8u111-b14-3~14.04.1-b14)
# Java VM: OpenJDK 64-Bit Server VM (25.111-b14 mixed mode linux-amd64 compressed oops)
# Problematic frame:
# C  [librxtxSerial.so+0x6462]  read_byte_array+0x52
#
# Failed to write core dump. Core dumps have been disabled. To enable core dumping, try "ulimit -c unlimited" before starting Java again
#
# If you would like to submit a bug report, please visit:
#   http://bugreport.java.com/bugreport/crash.jsp
# The crash happened outside the Java Virtual Machine in native code.
# See problematic frame for where to report the bug.
#

---------------  T H R E A D  ---------------

Current thread (0x00007fd9f016d800):  JavaThread "Reader" [_thread_in_native, id=19320, stack(0x00007fd9dc0c2000,0x00007fd9dc1c3000)]

siginfo: si_signo: 11 (SIGSEGV), si_code: 1 (SEGV_MAPERR), si_addr: 0xffffffffdc2c2858

Registers:
RAX=0xffffffffdc2c2850, RBX=0xffffffffffffffff, RCX=0x0000000000000001, RDX=0x00007fd9f8764350
RSP=0x00007fd9dc1c16e0, RBP=0x00007fd9f016d9e0, RSI=0x00007fd9dc2cde30, RDI=0x00007fd9dc2cdd3e
R8 =0x0000000000000006, R9 =0x00000000df0e8d78, R10=0x0000000000000002, R11=0x00007fd9f8768ce4
R12=0x00000000ffffffff, R13=0x0000000000000000, R14=0x0000000000000010, R15=0x0000000000000000
RIP=0x00007fd9dc2ca462, EFLAGS=0x0000000000010206, CSGSFS=0x0000000000000033, ERR=0x0000000000000005
  TRAPNO=0x000000000000000e

Top of Stack: (sp=0x00007fd9dc1c16e0)
0x00007fd9dc1c16e0:   00007fd9dc2c4ed0 00007fd9f0151820
0x00007fd9dc1c16f0:   00007fd9f0173900 00007fd9a0000020
0x00007fd9dc1c1700:   0000000000000032 ffffffffdc2c2850
0x00007fd9dc1c1710:   0000000000000007 0000000000000000
0x00007fd9dc1c1720:   0000000000000000 00000001f8e426d0
0x00007fd9dc1c1730:   00007fd9a0000bc0 0000001000000032
0x00007fd9dc1c1740:   00007fd9dc1c1780 00007fd9dc3d0830
0x00007fd9dc1c1750:   0000000000000000 0000000000000001
0x00007fd9dc1c1760:   0000000000000010 0000000000000000
0x00007fd9dc1c1770:   00007fd9f016d9e0 00007fd9f93a6527
0x00007fd9dc1c1780:   00007fd900000005 0000000000000000
0x00007fd9dc1c1790:   00007fd9f016d800 00007fd9dc2c4ed0
0x00007fd9dc1c17a0:   ffffffffffffffff 00007fd9f016d9e0
0x00007fd9dc1c17b0:   00007fd9a0000bc0 00007fd9f93ad4d5
0x00007fd9dc1c17c0:   00007fd9a0000bc0 00007fd9a0000bc0
0x00007fd9dc1c17d0:   0000000000000010 ffffffffffffffff
0x00007fd9dc1c17e0:   00007fd9f016d9e0 00007fd9a0000bc0
0x00007fd9dc1c17f0:   0000000000000001 0000000000000010
0x00007fd9dc1c1800:   0000000000000000 00007fd9dc2ca8a1
0x00007fd9dc1c1810:   00007fd9f4bd8a80 00007fd9dc1c18f8
0x00007fd9dc1c1820:   00007fd9dc1c1900 00007fd9f4bd8a80
0x00007fd9dc1c1830:   00007fd9dc1c18c8 0000000000000000
0x00007fd9dc1c1840:   00007fd9f4bd8a78 00007fd9dc1c1900
0x00007fd9dc1c1850:   00007fd9f016d800 00007fd9e1015574
0x00007fd9dc1c1860:   0000000000000000 00007fd9f4bd8a78
0x00007fd9dc1c1870:   00007fd9dc1c18c8 00007fd9e1015307
0x00007fd9dc1c1880:   00007fd9e10152c2 00007fd9dc1c1888
0x00007fd9dc1c1890:   00007fd9f4bd8a78 00007fd9dc1c1900
0x00007fd9dc1c18a0:   00007fd9f4be41c0 0000000000000000
0x00007fd9dc1c18b0:   00007fd9f4bd8a80 0000000000000000
0x00007fd9dc1c18c0:   00007fd9dc1c18e8 00007fd9dc1c1958
0x00007fd9dc1c18d0:   00007fd9e1007a40 0000000000000000 

Instructions: (pc=0x00007fd9dc2ca462)
0x00007fd9dc2ca442:   89 44 24 4c 48 c7 44 24 40 00 00 00 00 48 c7 44
0x00007fd9dc2ca452:   24 38 00 00 00 00 e8 53 d7 ff ff 48 89 44 24 28
0x00007fd9dc2ca462:   8b 40 08 45 85 e4 48 8b 54 24 28 44 8b 7c 24 4c
0x00007fd9dc2ca472:   89 44 24 34 c7 42 08 00 00 00 00 78 0c 31 c0 e8 

Register to memory mapping:

RAX=0xffffffffdc2c2850 is an unknown value
RBX=0xffffffffffffffff is an unknown value
RCX=0x0000000000000001 is an unknown value
RDX=0x00007fd9f8764350: <offset 0xed0350> in /usr/lib/jvm/java-8-openjdk-amd64/jre/lib/amd64/server/libjvm.so at 0x00007fd9f7894000
RSP=0x00007fd9dc1c16e0 is pointing into the stack for thread: 0x00007fd9f016d800
RBP=0x00007fd9f016d9e0 is an unknown value
RSI=0x00007fd9dc2cde30: <offset 0x9e30> in /usr/lib/jvm/java-8-openjdk-amd64/lib/amd64/librxtxSerial.so at 0x00007fd9dc2c4000
RDI=0x00007fd9dc2cdd3e: <offset 0x9d3e> in /usr/lib/jvm/java-8-openjdk-amd64/lib/amd64/librxtxSerial.so at 0x00007fd9dc2c4000
R8 =0x0000000000000006 is an unknown value
R9 =0x00000000df0e8d78 is an oop
gnu.io.RXTXPort 
 - klass: 'gnu/io/RXTXPort'
R10=0x0000000000000002 is an unknown value
R11=0x00007fd9f8768ce4: <offset 0xed4ce4> in /usr/lib/jvm/java-8-openjdk-amd64/jre/lib/amd64/server/libjvm.so at 0x00007fd9f7894000
R12=0x00000000ffffffff is an unallocated location in the heap
R13=0x0000000000000000 is an unknown value
R14=0x0000000000000010 is an unknown value
R15=0x0000000000000000 is an unknown value


Stack: [0x00007fd9dc0c2000,0x00007fd9dc1c3000],  sp=0x00007fd9dc1c16e0,  free space=1021k
Native frames: (J=compiled Java code, j=interpreted, Vv=VM code, C=native code)
C  [librxtxSerial.so+0x6462]  read_byte_array+0x52

Java frames: (J=compiled Java code, j=interpreted, Vv=VM code)
j  gnu.io.RXTXPort.readArray([BII)I+0
j  gnu.io.RXTXPort$SerialInputStream.read([BII)I+187
j  gnu.io.RXTXPort$SerialInputStream.read([B)I+38
j  serialports.SerialReader.run()V+10
j  java.lang.Thread.run()V+11
v  ~StubRoutines::call_stub

---------------  P R O C E S S  ---------------

Java Threads: ( => current thread )
  0x00007fd9f000a000 JavaThread "DestroyJavaVM" [_thread_blocked, id=19302, stack(0x00007fd9f9495000,0x00007fd9f9596000)]
  0x00007fd9f016f000 JavaThread "Writer" [_thread_in_Java, id=19321, stack(0x00007fd9cfeff000,0x00007fd9d0000000)]
=>0x00007fd9f016d800 JavaThread "Reader" [_thread_in_native, id=19320, stack(0x00007fd9dc0c2000,0x00007fd9dc1c3000)]
  0x00007fd9f016c000 JavaThread "Thread-1" [_thread_in_native, id=19319, stack(0x00007fd9dc1c3000,0x00007fd9dc2c4000)]
  0x00007fd9f00b9800 JavaThread "Service Thread" daemon [_thread_blocked, id=19316, stack(0x00007fd9dc508000,0x00007fd9dc609000)]
  0x00007fd9f00b2800 JavaThread "C1 CompilerThread2" daemon [_thread_blocked, id=19315, stack(0x00007fd9dc609000,0x00007fd9dc70a000)]
  0x00007fd9f00b0800 JavaThread "C2 CompilerThread1" daemon [_thread_blocked, id=19314, stack(0x00007fd9dc70a000,0x00007fd9dc80b000)]
  0x00007fd9f00ad800 JavaThread "C2 CompilerThread0" daemon [_thread_blocked, id=19313, stack(0x00007fd9dc80b000,0x00007fd9dc90c000)]
  0x00007fd9f00ab800 JavaThread "Signal Dispatcher" daemon [_thread_blocked, id=19312, stack(0x00007fd9dc90c000,0x00007fd9dca0d000)]
  0x00007fd9f0083800 JavaThread "Finalizer" daemon [_thread_blocked, id=19311, stack(0x00007fd9dd0f0000,0x00007fd9dd1f1000)]
  0x00007fd9f007f000 JavaThread "Reference Handler" daemon [_thread_blocked, id=19310, stack(0x00007fd9dd1f1000,0x00007fd9dd2f2000)]

Other Threads:
  0x00007fd9f0077000 VMThread [stack: 0x00007fd9dd2f2000,0x00007fd9dd3f3000] [id=19309]
  0x00007fd9f00bc000 WatcherThread [stack: 0x00007fd9dc407000,0x00007fd9dc508000] [id=19317]

VM state:not at safepoint (normal execution)

VM Mutex/Monitor currently owned by a thread: None

Heap:
 PSYoungGen      total 29696K, used 4096K [0x00000000def00000, 0x00000000e1000000, 0x0000000100000000)
  eden space 25600K, 16% used [0x00000000def00000,0x00000000df300268,0x00000000e0800000)
  from space 4096K, 0% used [0x00000000e0c00000,0x00000000e0c00000,0x00000000e1000000)
  to   space 4096K, 0% used [0x00000000e0800000,0x00000000e0800000,0x00000000e0c00000)
 ParOldGen       total 68608K, used 0K [0x000000009cc00000, 0x00000000a0f00000, 0x00000000def00000)
  object space 68608K, 0% used [0x000000009cc00000,0x000000009cc00000,0x00000000a0f00000)
 Metaspace       used 3721K, capacity 4704K, committed 4864K, reserved 1056768K
  class space    used 415K, capacity 464K, committed 512K, reserved 1048576K

Card table byte_map: [0x00007fd9f58fd000,0x00007fd9f5c18000] byte_map_base: 0x00007fd9f5417000

Marking Bits: (ParMarkBitMap*) 0x00007fd9f87682a0
 Begin Bits: [0x00007fd9dde60000, 0x00007fd9df730000)
 End Bits:   [0x00007fd9df730000, 0x00007fd9e1000000)

Polling page: 0x00007fd9f95b6000

CodeCache: size=245760Kb used=1316Kb max_used=1316Kb free=244443Kb
 bounds [0x00007fd9e1000000, 0x00007fd9e1270000, 0x00007fd9f0000000]
 total_blobs=358 nmethods=116 adapters=158
 compilation: enabled

Compilation events (10 events):
Event: 0.381 Thread 0x00007fd9f00b2800  102       3       java.util.HashSet::add (20 bytes)
Event: 0.381 Thread 0x00007fd9f00b2800 nmethod 102 0x00007fd9e1147890 code [0x00007fd9e1147a20, 0x00007fd9e1147f38]
Event: 0.381 Thread 0x00007fd9f00b2800  113       1       java.util.regex.Pattern::flags (5 bytes)
Event: 0.381 Thread 0x00007fd9f00b2800 nmethod 113 0x00007fd9e1148110 code [0x00007fd9e1148260, 0x00007fd9e1148370]
Event: 0.381 Thread 0x00007fd9f00b2800  107       3       java.lang.Character::isSurrogate (18 bytes)
Event: 0.381 Thread 0x00007fd9f00b2800 nmethod 107 0x00007fd9e11483d0 code [0x00007fd9e1148540, 0x00007fd9e1148710]
Event: 1.588 Thread 0x00007fd9f00b2800  114       1       java.net.URL::getQuery (5 bytes)
Event: 1.588 Thread 0x00007fd9f00b2800 nmethod 114 0x00007fd9e1148990 code [0x00007fd9e1148ae0, 0x00007fd9e1148bf0]
Event: 1.597 Thread 0x00007fd9f00b2800  116       3       java.lang.String::indexOf (25 bytes)
Event: 1.597 Thread 0x00007fd9f00b2800 nmethod 116 0x00007fd9e1148fd0 code [0x00007fd9e1149140, 0x00007fd9e11492e8]

GC Heap History (0 events):
No events

Deoptimization events (0 events):
No events

Internal exceptions (10 events):
Event: 0.290 Thread 0x00007fd9f000a000 Exception <a 'java/io/FileNotFoundException'> (0x00000000df043d10) thrown at [/build/openjdk-8-8itSJj/openjdk-8-8u111-b14/src/hotspot/src/share/vm/prims/jni.cpp, line 709]
Event: 0.304 Thread 0x00007fd9f000a000 Exception <a 'java/io/FileNotFoundException'> (0x00000000df053b18) thrown at [/build/openjdk-8-8itSJj/openjdk-8-8u111-b14/src/hotspot/src/share/vm/prims/jni.cpp, line 709]
Event: 0.307 Thread 0x00007fd9f000a000 Exception <a 'java/io/FileNotFoundException'> (0x00000000df062e48) thrown at [/build/openjdk-8-8itSJj/openjdk-8-8u111-b14/src/hotspot/src/share/vm/prims/jni.cpp, line 709]
Event: 0.317 Thread 0x00007fd9f000a000 Exception <a 'java/io/FileNotFoundException'> (0x00000000df072730) thrown at [/build/openjdk-8-8itSJj/openjdk-8-8u111-b14/src/hotspot/src/share/vm/prims/jni.cpp, line 709]
Event: 0.352 Thread 0x00007fd9f000a000 Exception <a 'java/security/PrivilegedActionException'> (0x00000000df0bfd98) thrown at [/build/openjdk-8-8itSJj/openjdk-8-8u111-b14/src/hotspot/src/share/vm/prims/jvm.cpp, line 1386]
Event: 0.352 Thread 0x00007fd9f000a000 Exception <a 'java/security/PrivilegedActionException'> (0x00000000df0c0190) thrown at [/build/openjdk-8-8itSJj/openjdk-8-8u111-b14/src/hotspot/src/share/vm/prims/jvm.cpp, line 1386]
Event: 0.352 Thread 0x00007fd9f000a000 Exception <a 'java/security/PrivilegedActionException'> (0x00000000df0c23e0) thrown at [/build/openjdk-8-8itSJj/openjdk-8-8u111-b14/src/hotspot/src/share/vm/prims/jvm.cpp, line 1386]
Event: 0.352 Thread 0x00007fd9f000a000 Exception <a 'java/security/PrivilegedActionException'> (0x00000000df0c27d8) thrown at [/build/openjdk-8-8itSJj/openjdk-8-8u111-b14/src/hotspot/src/share/vm/prims/jvm.cpp, line 1386]
Event: 0.352 Thread 0x00007fd9f000a000 Exception <a 'java/security/PrivilegedActionException'> (0x00000000df0c3490) thrown at [/build/openjdk-8-8itSJj/openjdk-8-8u111-b14/src/hotspot/src/share/vm/prims/jvm.cpp, line 1386]
Event: 0.353 Thread 0x00007fd9f000a000 Exception <a 'java/security/PrivilegedActionException'> (0x00000000df0c3888) thrown at [/build/openjdk-8-8itSJj/openjdk-8-8u111-b14/src/hotspot/src/share/vm/prims/jvm.cpp, line 1386]

Events (10 events):
Event: 1.586 loading class java/util/concurrent/locks/AbstractQueuedSynchronizer$Node
Event: 1.586 loading class java/util/concurrent/locks/AbstractQueuedSynchronizer$Node done
Event: 1.587 loading class serialports/ThreadSafeListWrapper
Event: 1.587 loading class serialports/ThreadSafeListWrapper done
Event: 1.589 Thread 0x00007fd9f016c000 Thread added: 0x00007fd9f016c000
Event: 1.595 loading class serialports/SerialWriter
Event: 1.595 loading class serialports/SerialWriter done
Event: 1.596 loading class serialports/SerialReader
Event: 1.596 loading class serialports/SerialReader done
Event: 1.597 Thread 0x00007fd9f016d800 Thread added: 0x00007fd9f016d800


Dynamic libraries:
00400000-00401000 r-xp 00000000 08:01 2404755                            /usr/lib/jvm/java-8-openjdk-amd64/jre/bin/java
00600000-00601000 r--p 00000000 08:01 2404755                            /usr/lib/jvm/java-8-openjdk-amd64/jre/bin/java
00601000-00602000 rw-p 00001000 08:01 2404755                            /usr/lib/jvm/java-8-openjdk-amd64/jre/bin/java
00820000-00841000 rw-p 00000000 00:00 0                                  [heap]
9cc00000-a0f00000 rw-p 00000000 00:00 0 
a0f00000-def00000 ---p 00000000 00:00 0 
def00000-e1000000 rw-p 00000000 00:00 0 
e1000000-100000000 ---p 00000000 00:00 0 
100000000-100080000 rw-p 00000000 00:00 0 
100080000-140000000 ---p 00000000 00:00 0 
7fd994000000-7fd994021000 rw-p 00000000 00:00 0 
7fd994021000-7fd998000000 ---p 00000000 00:00 0 
7fd99c000000-7fd99c021000 rw-p 00000000 00:00 0 
7fd99c021000-7fd9a0000000 ---p 00000000 00:00 0 
7fd9a0000000-7fd9a0021000 rw-p 00000000 00:00 0 
7fd9a0021000-7fd9a4000000 ---p 00000000 00:00 0 
7fd9a4000000-7fd9a4021000 rw-p 00000000 00:00 0 
7fd9a4021000-7fd9a8000000 ---p 00000000 00:00 0 
7fd9a8000000-7fd9a8021000 rw-p 00000000 00:00 0 
7fd9a8021000-7fd9ac000000 ---p 00000000 00:00 0 
7fd9ac000000-7fd9ac021000 rw-p 00000000 00:00 0 
7fd9ac021000-7fd9b0000000 ---p 00000000 00:00 0 
7fd9b0000000-7fd9b0190000 rw-p 00000000 00:00 0 
7fd9b0190000-7fd9b4000000 ---p 00000000 00:00 0 
7fd9b4000000-7fd9b4021000 rw-p 00000000 00:00 0 
7fd9b4021000-7fd9b8000000 ---p 00000000 00:00 0 
7fd9b8000000-7fd9b8056000 rw-p 00000000 00:00 0 
7fd9b8056000-7fd9bc000000 ---p 00000000 00:00 0 
7fd9bc000000-7fd9bc021000 rw-p 00000000 00:00 0 
7fd9bc021000-7fd9c0000000 ---p 00000000 00:00 0 
7fd9c0000000-7fd9c0021000 rw-p 00000000 00:00 0 
7fd9c0021000-7fd9c4000000 ---p 00000000 00:00 0 
7fd9c4000000-7fd9c4021000 rw-p 00000000 00:00 0 
7fd9c4021000-7fd9c8000000 ---p 00000000 00:00 0 
7fd9c8000000-7fd9c8021000 rw-p 00000000 00:00 0 
7fd9c8021000-7fd9cc000000 ---p 00000000 00:00 0 
7fd9cfeff000-7fd9cff02000 ---p 00000000 00:00 0 
7fd9cff02000-7fd9d0000000 rw-p 00000000 00:00 0                          [stack:19321]
7fd9d0000000-7fd9d0021000 rw-p 00000000 00:00 0 
7fd9d0021000-7fd9d4000000 ---p 00000000 00:00 0 
7fd9d4000000-7fd9d4021000 rw-p 00000000 00:00 0 
7fd9d4021000-7fd9d8000000 ---p 00000000 00:00 0 
7fd9d8000000-7fd9d8021000 rw-p 00000000 00:00 0 
7fd9d8021000-7fd9dc000000 ---p 00000000 00:00 0 
7fd9dc0c2000-7fd9dc0c5000 ---p 00000000 00:00 0 
7fd9dc0c5000-7fd9dc1c3000 rw-p 00000000 00:00 0                          [stack:19320]
7fd9dc1c3000-7fd9dc1c6000 ---p 00000000 00:00 0 
7fd9dc1c6000-7fd9dc2c4000 rw-p 00000000 00:00 0                          [stack:19319]
7fd9dc2c4000-7fd9dc2d0000 r-xp 00000000 08:01 2491058                    /usr/lib/jvm/java-8-openjdk-amd64/lib/amd64/librxtxSerial.so
7fd9dc2d0000-7fd9dc3cf000 ---p 0000c000 08:01 2491058                    /usr/lib/jvm/java-8-openjdk-amd64/lib/amd64/librxtxSerial.so
7fd9dc3cf000-7fd9dc3d1000 rw-p 0000b000 08:01 2491058                    /usr/lib/jvm/java-8-openjdk-amd64/lib/amd64/librxtxSerial.so
7fd9dc3d1000-7fd9dc3ec000 r--s 001d5000 08:01 2393868                    /usr/lib/jvm/java-8-openjdk-amd64/jre/lib/ext/nashorn.jar
7fd9dc3ec000-7fd9dc407000 r--s 00394000 08:01 2401111                    /usr/lib/jvm/java-8-openjdk-amd64/jre/lib/ext/cldrdata.jar
7fd9dc407000-7fd9dc408000 ---p 00000000 00:00 0 
7fd9dc408000-7fd9dc508000 rw-p 00000000 00:00 0                          [stack:19317]
7fd9dc508000-7fd9dc50b000 ---p 00000000 00:00 0 
7fd9dc50b000-7fd9dc609000 rw-p 00000000 00:00 0                          [stack:19316]
7fd9dc609000-7fd9dc60c000 ---p 00000000 00:00 0 
7fd9dc60c000-7fd9dc70a000 rw-p 00000000 00:00 0                          [stack:19315]
7fd9dc70a000-7fd9dc70d000 ---p 00000000 00:00 0 
7fd9dc70d000-7fd9dc80b000 rw-p 00000000 00:00 0                          [stack:19314]
7fd9dc80b000-7fd9dc80e000 ---p 00000000 00:00 0 
7fd9dc80e000-7fd9dc90c000 rw-p 00000000 00:00 0                          [stack:19313]
7fd9dc90c000-7fd9dc90f000 ---p 00000000 00:00 0 
7fd9dc90f000-7fd9dca0d000 rw-p 00000000 00:00 0                          [stack:19312]
7fd9dca0d000-7fd9dd0f0000 r--p 00000000 08:01 1580881                    /usr/lib/locale/locale-archive
7fd9dd0f0000-7fd9dd0f3000 ---p 00000000 00:00 0 
7fd9dd0f3000-7fd9dd1f1000 rw-p 00000000 00:00 0                          [stack:19311]
7fd9dd1f1000-7fd9dd1f4000 ---p 00000000 00:00 0 
7fd9dd1f4000-7fd9dd2f2000 rw-p 00000000 00:00 0                          [stack:19310]
7fd9dd2f2000-7fd9dd2f3000 ---p 00000000 00:00 0 
7fd9dd2f3000-7fd9e1000000 rw-p 00000000 00:00 0                          [stack:19309]
7fd9e1000000-7fd9e1270000 rwxp 00000000 00:00 0 
7fd9e1270000-7fd9f0000000 ---p 00000000 00:00 0 
7fd9f0000000-7fd9f0185000 rw-p 00000000 00:00 0 
7fd9f0185000-7fd9f4000000 ---p 00000000 00:00 0 
7fd9f4016000-7fd9f4589000 rw-p 00000000 00:00 0 
7fd9f4589000-7fd9f4757000 r--s 03bf1000 08:01 2236126                    /usr/lib/jvm/java-8-openjdk-amd64/jre/lib/rt.jar
7fd9f4757000-7fd9f4c0d000 rw-p 00000000 00:00 0 
7fd9f4c0d000-7fd9f4fcd000 ---p 00000000 00:00 0 
7fd9f4fcd000-7fd9f52e7000 rw-p 00000000 00:00 0 
7fd9f52e7000-7fd9f52e8000 ---p 00000000 00:00 0 
7fd9f52e8000-7fd9f53e8000 rw-p 00000000 00:00 0                          [stack:19308]
7fd9f53e8000-7fd9f53e9000 ---p 00000000 00:00 0 
7fd9f53e9000-7fd9f54e9000 rw-p 00000000 00:00 0                          [stack:19307]
7fd9f54e9000-7fd9f54ea000 ---p 00000000 00:00 0 
7fd9f54ea000-7fd9f55ea000 rw-p 00000000 00:00 0                          [stack:19306]
7fd9f55ea000-7fd9f55eb000 ---p 00000000 00:00 0 
7fd9f55eb000-7fd9f570d000 rw-p 00000000 00:00 0                          [stack:19305]
7fd9f570d000-7fd9f58fd000 ---p 00000000 00:00 0 
7fd9f58fd000-7fd9f591f000 rw-p 00000000 00:00 0 
7fd9f591f000-7fd9f5b0e000 ---p 00000000 00:00 0 
7fd9f5b0e000-7fd9f5b1f000 rw-p 00000000 00:00 0 
7fd9f5b1f000-7fd9f5c17000 ---p 00000000 00:00 0 
7fd9f5c17000-7fd9f5c22000 rw-p 00000000 00:00 0 
7fd9f5c22000-7fd9f5fd8000 ---p 00000000 00:00 0 
7fd9f5fd8000-7fd9f5fe0000 r-xp 00000000 08:01 2236101                    /usr/lib/jvm/java-8-openjdk-amd64/jre/lib/amd64/libzip.so
7fd9f5fe0000-7fd9f61df000 ---p 00008000 08:01 2236101                    /usr/lib/jvm/java-8-openjdk-amd64/jre/lib/amd64/libzip.so
7fd9f61df000-7fd9f61e0000 r--p 00007000 08:01 2236101                    /usr/lib/jvm/java-8-openjdk-amd64/jre/lib/amd64/libzip.so
7fd9f61e0000-7fd9f61e1000 rw-p 00008000 08:01 2236101                    /usr/lib/jvm/java-8-openjdk-amd64/jre/lib/amd64/libzip.so
7fd9f61e1000-7fd9f61eb000 r-xp 00000000 08:01 2648247                    /lib/x86_64-linux-gnu/libnss_files-2.19.so
7fd9f61eb000-7fd9f63ea000 ---p 0000a000 08:01 2648247                    /lib/x86_64-linux-gnu/libnss_files-2.19.so
7fd9f63ea000-7fd9f63eb000 r--p 00009000 08:01 2648247                    /lib/x86_64-linux-gnu/libnss_files-2.19.so
7fd9f63eb000-7fd9f63ec000 rw-p 0000a000 08:01 2648247                    /lib/x86_64-linux-gnu/libnss_files-2.19.so
7fd9f63ec000-7fd9f63f7000 r-xp 00000000 08:01 2624963                    /lib/x86_64-linux-gnu/libnss_nis-2.19.so
7fd9f63f7000-7fd9f65f6000 ---p 0000b000 08:01 2624963                    /lib/x86_64-linux-gnu/libnss_nis-2.19.so
7fd9f65f6000-7fd9f65f7000 r--p 0000a000 08:01 2624963                    /lib/x86_64-linux-gnu/libnss_nis-2.19.so
7fd9f65f7000-7fd9f65f8000 rw-p 0000b000 08:01 2624963                    /lib/x86_64-linux-gnu/libnss_nis-2.19.so
7fd9f65f8000-7fd9f660f000 r-xp 00000000 08:01 2648235                    /lib/x86_64-linux-gnu/libnsl-2.19.so
7fd9f660f000-7fd9f680e000 ---p 00017000 08:01 2648235                    /lib/x86_64-linux-gnu/libnsl-2.19.so
7fd9f680e000-7fd9f680f000 r--p 00016000 08:01 2648235                    /lib/x86_64-linux-gnu/libnsl-2.19.so
7fd9f680f000-7fd9f6810000 rw-p 00017000 08:01 2648235                    /lib/x86_64-linux-gnu/libnsl-2.19.so
7fd9f6810000-7fd9f6812000 rw-p 00000000 00:00 0 
7fd9f6812000-7fd9f681b000 r-xp 00000000 08:01 2648231                    /lib/x86_64-linux-gnu/libnss_compat-2.19.so
7fd9f681b000-7fd9f6a1a000 ---p 00009000 08:01 2648231                    /lib/x86_64-linux-gnu/libnss_compat-2.19.so
7fd9f6a1a000-7fd9f6a1b000 r--p 00008000 08:01 2648231                    /lib/x86_64-linux-gnu/libnss_compat-2.19.so
7fd9f6a1b000-7fd9f6a1c000 rw-p 00009000 08:01 2648231                    /lib/x86_64-linux-gnu/libnss_compat-2.19.so
7fd9f6a1c000-7fd9f6a49000 r-xp 00000000 08:01 2236111                    /usr/lib/jvm/java-8-openjdk-amd64/jre/lib/amd64/libjava.so
7fd9f6a49000-7fd9f6c48000 ---p 0002d000 08:01 2236111                    /usr/lib/jvm/java-8-openjdk-amd64/jre/lib/amd64/libjava.so
7fd9f6c48000-7fd9f6c49000 r--p 0002c000 08:01 2236111                    /usr/lib/jvm/java-8-openjdk-amd64/jre/lib/amd64/libjava.so
7fd9f6c49000-7fd9f6c4b000 rw-p 0002d000 08:01 2236111                    /usr/lib/jvm/java-8-openjdk-amd64/jre/lib/amd64/libjava.so
7fd9f6c4b000-7fd9f6c5b000 r-xp 00000000 08:01 2236091                    /usr/lib/jvm/java-8-openjdk-amd64/jre/lib/amd64/libverify.so
7fd9f6c5b000-7fd9f6e5a000 ---p 00010000 08:01 2236091                    /usr/lib/jvm/java-8-openjdk-amd64/jre/lib/amd64/libverify.so
7fd9f6e5a000-7fd9f6e5c000 r--p 0000f000 08:01 2236091                    /usr/lib/jvm/java-8-openjdk-amd64/jre/lib/amd64/libverify.so
7fd9f6e5c000-7fd9f6e5d000 rw-p 00011000 08:01 2236091                    /usr/lib/jvm/java-8-openjdk-amd64/jre/lib/amd64/libverify.so
7fd9f6e5d000-7fd9f6e64000 r-xp 00000000 08:01 2624957                    /lib/x86_64-linux-gnu/librt-2.19.so
7fd9f6e64000-7fd9f7063000 ---p 00007000 08:01 2624957                    /lib/x86_64-linux-gnu/librt-2.19.so
7fd9f7063000-7fd9f7064000 r--p 00006000 08:01 2624957                    /lib/x86_64-linux-gnu/librt-2.19.so
7fd9f7064000-7fd9f7065000 rw-p 00007000 08:01 2624957                    /lib/x86_64-linux-gnu/librt-2.19.so
7fd9f7065000-7fd9f707b000 r-xp 00000000 08:01 2679480                    /lib/x86_64-linux-gnu/libgcc_s.so.1
7fd9f707b000-7fd9f727a000 ---p 00016000 08:01 2679480                    /lib/x86_64-linux-gnu/libgcc_s.so.1
7fd9f727a000-7fd9f727b000 r--p 00015000 08:01 2679480                    /lib/x86_64-linux-gnu/libgcc_s.so.1
7fd9f727b000-7fd9f727c000 rw-p 00016000 08:01 2679480                    /lib/x86_64-linux-gnu/libgcc_s.so.1
7fd9f727c000-7fd9f7381000 r-xp 00000000 08:01 2648237                    /lib/x86_64-linux-gnu/libm-2.19.so
7fd9f7381000-7fd9f7580000 ---p 00105000 08:01 2648237                    /lib/x86_64-linux-gnu/libm-2.19.so
7fd9f7580000-7fd9f7581000 r--p 00104000 08:01 2648237                    /lib/x86_64-linux-gnu/libm-2.19.so
7fd9f7581000-7fd9f7582000 rw-p 00105000 08:01 2648237                    /lib/x86_64-linux-gnu/libm-2.19.so
7fd9f7582000-7fd9f7688000 r-xp 00000000 08:01 1626084                    /usr/lib/x86_64-linux-gnu/libstdc++.so.6.0.22
7fd9f7688000-7fd9f7887000 ---p 00106000 08:01 1626084                    /usr/lib/x86_64-linux-gnu/libstdc++.so.6.0.22
7fd9f7887000-7fd9f788f000 r--p 00105000 08:01 1626084                    /usr/lib/x86_64-linux-gnu/libstdc++.so.6.0.22
7fd9f788f000-7fd9f7891000 rw-p 0010d000 08:01 1626084                    /usr/lib/x86_64-linux-gnu/libstdc++.so.6.0.22
7fd9f7891000-7fd9f7894000 rw-p 00000000 00:00 0 
7fd9f7894000-7fd9f848c000 r-xp 00000000 08:01 2236096                    /usr/lib/jvm/java-8-openjdk-amd64/jre/lib/amd64/server/libjvm.so
7fd9f848c000-7fd9f868c000 ---p 00bf8000 08:01 2236096                    /usr/lib/jvm/java-8-openjdk-amd64/jre/lib/amd64/server/libjvm.so
7fd9f868c000-7fd9f872a000 r--p 00bf8000 08:01 2236096                    /usr/lib/jvm/java-8-openjdk-amd64/jre/lib/amd64/server/libjvm.so
7fd9f872a000-7fd9f8753000 rw-p 00c96000 08:01 2236096                    /usr/lib/jvm/java-8-openjdk-amd64/jre/lib/amd64/server/libjvm.so
7fd9f8753000-7fd9f8785000 rw-p 00000000 00:00 0 
7fd9f8785000-7fd9f879e000 r-xp 00000000 08:01 2648251                    /lib/x86_64-linux-gnu/libpthread-2.19.so
7fd9f879e000-7fd9f899d000 ---p 00019000 08:01 2648251                    /lib/x86_64-linux-gnu/libpthread-2.19.so
7fd9f899d000-7fd9f899e000 r--p 00018000 08:01 2648251                    /lib/x86_64-linux-gnu/libpthread-2.19.so
7fd9f899e000-7fd9f899f000 rw-p 00019000 08:01 2648251                    /lib/x86_64-linux-gnu/libpthread-2.19.so
7fd9f899f000-7fd9f89a3000 rw-p 00000000 00:00 0 
7fd9f89a3000-7fd9f89a6000 r-xp 00000000 08:01 2648249                    /lib/x86_64-linux-gnu/libdl-2.19.so
7fd9f89a6000-7fd9f8ba5000 ---p 00003000 08:01 2648249                    /lib/x86_64-linux-gnu/libdl-2.19.so
7fd9f8ba5000-7fd9f8ba6000 r--p 00002000 08:01 2648249                    /lib/x86_64-linux-gnu/libdl-2.19.so
7fd9f8ba6000-7fd9f8ba7000 rw-p 00003000 08:01 2648249                    /lib/x86_64-linux-gnu/libdl-2.19.so
7fd9f8ba7000-7fd9f8bbf000 r-xp 00000000 08:01 2625699                    /lib/x86_64-linux-gnu/libz.so.1.2.8
7fd9f8bbf000-7fd9f8dbe000 ---p 00018000 08:01 2625699                    /lib/x86_64-linux-gnu/libz.so.1.2.8
7fd9f8dbe000-7fd9f8dbf000 r--p 00017000 08:01 2625699                    /lib/x86_64-linux-gnu/libz.so.1.2.8
7fd9f8dbf000-7fd9f8dc0000 rw-p 00018000 08:01 2625699                    /lib/x86_64-linux-gnu/libz.so.1.2.8
7fd9f8dc0000-7fd9f8f7e000 r-xp 00000000 08:01 2648229                    /lib/x86_64-linux-gnu/libc-2.19.so
7fd9f8f7e000-7fd9f917d000 ---p 001be000 08:01 2648229                    /lib/x86_64-linux-gnu/libc-2.19.so
7fd9f917d000-7fd9f9181000 r--p 001bd000 08:01 2648229                    /lib/x86_64-linux-gnu/libc-2.19.so
7fd9f9181000-7fd9f9183000 rw-p 001c1000 08:01 2648229                    /lib/x86_64-linux-gnu/libc-2.19.so
7fd9f9183000-7fd9f9188000 rw-p 00000000 00:00 0 
7fd9f9188000-7fd9f9195000 r-xp 00000000 08:01 2236107                    /usr/lib/jvm/java-8-openjdk-amd64/jre/lib/amd64/jli/libjli.so
7fd9f9195000-7fd9f9395000 ---p 0000d000 08:01 2236107                    /usr/lib/jvm/java-8-openjdk-amd64/jre/lib/amd64/jli/libjli.so
7fd9f9395000-7fd9f9396000 r--p 0000d000 08:01 2236107                    /usr/lib/jvm/java-8-openjdk-amd64/jre/lib/amd64/jli/libjli.so
7fd9f9396000-7fd9f9397000 rw-p 0000e000 08:01 2236107                    /usr/lib/jvm/java-8-openjdk-amd64/jre/lib/amd64/jli/libjli.so
7fd9f9397000-7fd9f93ba000 r-xp 00000000 08:01 2648245                    /lib/x86_64-linux-gnu/ld-2.19.so
7fd9f93c2000-7fd9f93c4000 r--s 0000d000 08:01 2752720                    /home/developer/Documents/EclipseWorkspaces/kabi/SerialPortSimulator/lib/RXTXcomm.jar
7fd9f93c4000-7fd9f93c7000 r--s 0000f000 08:01 2394798                    /usr/lib/jvm/java-8-openjdk-amd64/jre/lib/ext/icedtea-sound.jar
7fd9f93c7000-7fd9f93d1000 r--s 00116000 08:01 2367263                    /usr/lib/jvm/java-8-openjdk-amd64/jre/lib/ext/localedata.jar
7fd9f93d1000-7fd9f9495000 rw-p 00000000 00:00 0 
7fd9f9495000-7fd9f9498000 ---p 00000000 00:00 0 
7fd9f9498000-7fd9f959c000 rw-p 00000000 00:00 0                          [stack:19302]
7fd9f959c000-7fd9f959d000 r--s 0000a000 08:01 2393870                    /usr/lib/jvm/java-8-openjdk-amd64/jre/lib/ext/jaccess.jar
7fd9f959d000-7fd9f959f000 r--s 00001000 08:01 2393867                    /usr/lib/jvm/java-8-openjdk-amd64/jre/lib/ext/dnsns.jar
7fd9f959f000-7fd9f95a1000 r--s 00008000 08:01 2393871                    /usr/lib/jvm/java-8-openjdk-amd64/jre/lib/ext/sunec.jar
7fd9f95a1000-7fd9f95a3000 r--s 00006000 08:01 1969947                    /usr/share/java/java-atk-wrapper.jar
7fd9f95a3000-7fd9f95a8000 r--s 0003b000 08:01 2401113                    /usr/lib/jvm/java-8-openjdk-amd64/jre/lib/ext/sunjce_provider.jar
7fd9f95a8000-7fd9f95a9000 r--s 00010000 08:01 2401112                    /usr/lib/jvm/java-8-openjdk-amd64/jre/lib/ext/zipfs.jar
7fd9f95a9000-7fd9f95ad000 r--s 00037000 08:01 2393831                    /usr/lib/jvm/java-8-openjdk-amd64/jre/lib/ext/sunpkcs11.jar
7fd9f95ad000-7fd9f95b5000 rw-s 00000000 08:01 2366048                    /tmp/hsperfdata_root/19299
7fd9f95b5000-7fd9f95b6000 rw-p 00000000 00:00 0 
7fd9f95b6000-7fd9f95b7000 r--p 00000000 00:00 0 
7fd9f95b7000-7fd9f95b9000 rw-p 00000000 00:00 0 
7fd9f95b9000-7fd9f95ba000 r--p 00022000 08:01 2648245                    /lib/x86_64-linux-gnu/ld-2.19.so
7fd9f95ba000-7fd9f95bb000 rw-p 00023000 08:01 2648245                    /lib/x86_64-linux-gnu/ld-2.19.so
7fd9f95bb000-7fd9f95bc000 rw-p 00000000 00:00 0 
7fff6d334000-7fff6d355000 rw-p 00000000 00:00 0                          [stack]
7fff6d35c000-7fff6d35e000 r-xp 00000000 00:00 0                          [vdso]
ffffffffff600000-ffffffffff601000 r-xp 00000000 00:00 0                  [vsyscall]

VM Arguments:
jvm_args: -Djava.library.path=/usr/lib/jvm/java-8-openjdk-amd64/lib/amd64 -Dfile.encoding=UTF-8 
java_command: pumpmain.PumpClass
java_class_path (initial): /home/developer/Documents/EclipseWorkspaces/kabi/SerialPortSimulator/bin:/home/developer/Documents/EclipseWorkspaces/kabi/SerialPortSimulator/lib/RXTXcomm.jar
Launcher Type: SUN_STANDARD

Environment Variables:
PATH=/usr/local/sbin:/usr/local/bin:/usr/sbin:/usr/bin:/sbin:/bin:/snap/bin
USERNAME=root
SHELL=/bin/bash
DISPLAY=:0

Signal Handlers:
SIGSEGV: [libjvm.so+0x9fddb0], sa_mask[0]=11111111011111111101111111111110, sa_flags=SA_RESTART|SA_SIGINFO
SIGBUS: [libjvm.so+0x9fddb0], sa_mask[0]=11111111011111111101111111111110, sa_flags=SA_RESTART|SA_SIGINFO
SIGFPE: [libjvm.so+0x85be50], sa_mask[0]=11111111011111111101111111111110, sa_flags=SA_RESTART|SA_SIGINFO
SIGPIPE: [libjvm.so+0x85be50], sa_mask[0]=11111111011111111101111111111110, sa_flags=SA_RESTART|SA_SIGINFO
SIGXFSZ: [libjvm.so+0x85be50], sa_mask[0]=11111111011111111101111111111110, sa_flags=SA_RESTART|SA_SIGINFO
SIGILL: [libjvm.so+0x85be50], sa_mask[0]=11111111011111111101111111111110, sa_flags=SA_RESTART|SA_SIGINFO
SIGUSR1: SIG_DFL, sa_mask[0]=00000000000000000000000000000000, sa_flags=none
SIGUSR2: [libjvm.so+0x85bd20], sa_mask[0]=00100000000000000000000000000000, sa_flags=SA_RESTART|SA_SIGINFO
SIGHUP: [libjvm.so+0x85bf10], sa_mask[0]=11111111011111111101111111111110, sa_flags=SA_RESTART|SA_SIGINFO
SIGINT: [libjvm.so+0x85bf10], sa_mask[0]=11111111011111111101111111111110, sa_flags=SA_RESTART|SA_SIGINFO
SIGTERM: [libjvm.so+0x85bf10], sa_mask[0]=11111111011111111101111111111110, sa_flags=SA_RESTART|SA_SIGINFO
SIGQUIT: [libjvm.so+0x85bf10], sa_mask[0]=11111111011111111101111111111110, sa_flags=SA_RESTART|SA_SIGINFO


---------------  S Y S T E M  ---------------

OS:DISTRIB_ID=Ubuntu
DISTRIB_RELEASE=14.04
DISTRIB_CODENAME=trusty
DISTRIB_DESCRIPTION="Ubuntu 14.04.5 LTS"

uname:Linux 3.13.0-24-generic #47-Ubuntu SMP Fri May 2 23:30:00 UTC 2014 x86_64
libc:glibc 2.19 NPTL 2.19 
rlimit: STACK 8192k, CORE 0k, NPROC 50611, NOFILE 4096, AS infinity
load average:1.61 0.86 0.79

/proc/meminfo:
MemTotal:        6500556 kB
MemFree:         2076144 kB
Buffers:          522980 kB
Cached:          1548600 kB
SwapCached:            0 kB
Active:          2978996 kB
Inactive:        1102444 kB
Active(anon):    2010460 kB
Inactive(anon):    54028 kB
Active(file):     968536 kB
Inactive(file):  1048416 kB
Unevictable:          16 kB
Mlocked:              16 kB
SwapTotal:       5312508 kB
SwapFree:        5312508 kB
Dirty:               316 kB
Writeback:             0 kB
AnonPages:       2009920 kB
Mapped:           209332 kB
Shmem:             54628 kB
Slab:             247876 kB
SReclaimable:     224632 kB
SUnreclaim:        23244 kB
KernelStack:        4536 kB
PageTables:        27700 kB
NFS_Unstable:          0 kB
Bounce:                0 kB
WritebackTmp:          0 kB
CommitLimit:     8562784 kB
Committed_AS:    5135732 kB
VmallocTotal:   34359738367 kB
VmallocUsed:       65540 kB
VmallocChunk:   34359642256 kB
HardwareCorrupted:     0 kB
AnonHugePages:   1458176 kB
HugePages_Total:       0
HugePages_Free:        0
HugePages_Rsvd:        0
HugePages_Surp:        0
Hugepagesize:       2048 kB
DirectMap4k:       64448 kB
DirectMap2M:     6623232 kB


CPU:total 4 (4 cores per cpu, 1 threads per core) family 6 model 60 stepping 3, cmov, cx8, fxsr, mmx, sse, sse2, sse3, ssse3, tsc

/proc/cpuinfo:
processor	: 0
vendor_id	: GenuineIntel
cpu family	: 6
model		: 60
model name	: Intel(R) Core(TM) i7-4800MQ CPU @ 2.70GHz
stepping	: 3
microcode	: 0x19
cpu MHz		: 2666.324
cache size	: 6144 KB
physical id	: 0
siblings	: 4
core id		: 0
cpu cores	: 4
apicid		: 0
initial apicid	: 0
fpu		: yes
fpu_exception	: yes
cpuid level	: 5
wp		: yes
flags		: fpu vme de pse tsc msr pae mce cx8 apic sep mtrr pge mca cmov pat pse36 clflush mmx fxsr sse sse2 ht syscall nx rdtscp lm constant_tsc rep_good nopl pni ssse3 lahf_lm
bogomips	: 5332.64
clflush size	: 64
cache_alignment	: 64
address sizes	: 39 bits physical, 48 bits virtual
power management:

processor	: 1
vendor_id	: GenuineIntel
cpu family	: 6
model		: 60
model name	: Intel(R) Core(TM) i7-4800MQ CPU @ 2.70GHz
stepping	: 3
microcode	: 0x19
cpu MHz		: 2666.324
cache size	: 6144 KB
physical id	: 0
siblings	: 4
core id		: 1
cpu cores	: 4
apicid		: 1
initial apicid	: 1
fpu		: yes
fpu_exception	: yes
cpuid level	: 5
wp		: yes
flags		: fpu vme de pse tsc msr pae mce cx8 apic sep mtrr pge mca cmov pat pse36 clflush mmx fxsr sse sse2 ht syscall nx rdtscp lm constant_tsc rep_good nopl pni ssse3 lahf_lm
bogomips	: 5332.64
clflush size	: 64
cache_alignment	: 64
address sizes	: 39 bits physical, 48 bits virtual
power management:

processor	: 2
vendor_id	: GenuineIntel
cpu family	: 6
model		: 60
model name	: Intel(R) Core(TM) i7-4800MQ CPU @ 2.70GHz
stepping	: 3
microcode	: 0x19
cpu MHz		: 2666.324
cache size	: 6144 KB
physical id	: 0
siblings	: 4
core id		: 2
cpu cores	: 4
apicid		: 2
initial apicid	: 2
fpu		: yes
fpu_exception	: yes
cpuid level	: 5
wp		: yes
flags		: fpu vme de pse tsc msr pae mce cx8 apic sep mtrr pge mca cmov pat pse36 clflush mmx fxsr sse sse2 ht syscall nx rdtscp lm constant_tsc rep_good nopl pni ssse3 lahf_lm
bogomips	: 5332.64
clflush size	: 64
cache_alignment	: 64
address sizes	: 39 bits physical, 48 bits virtual
power management:

processor	: 3
vendor_id	: GenuineIntel
cpu family	: 6
model		: 60
model name	: Intel(R) Core(TM) i7-4800MQ CPU @ 2.70GHz
stepping	: 3
microcode	: 0x19
cpu MHz		: 2666.324
cache size	: 6144 KB
physical id	: 0
siblings	: 4
core id		: 3
cpu cores	: 4
apicid		: 3
initial apicid	: 3
fpu		: yes
fpu_exception	: yes
cpuid level	: 5
wp		: yes
flags		: fpu vme de pse tsc msr pae mce cx8 apic sep mtrr pge mca cmov pat pse36 clflush mmx fxsr sse sse2 ht syscall nx rdtscp lm constant_tsc rep_good nopl pni ssse3 lahf_lm
bogomips	: 5332.64
clflush size	: 64
cache_alignment	: 64
address sizes	: 39 bits physical, 48 bits virtual
power management:



Memory: 4k page, physical 6500556k(2076144k free), swap 5312508k(5312508k free)

vm_info: OpenJDK 64-Bit Server VM (25.111-b14) for linux-amd64 JRE (1.8.0_111-8u111-b14-3~14.04.1-b14), built on Nov  5 2016 13:21:07 by "buildd" with gcc 4.8.4

time: Thu Jun  8 15:51:35 2017
elapsed time: 1 seconds (0d 0h 0m 1s)

