#
# A fatal error has been detected by the Java Runtime Environment:
#
#  SIGSEGV (0xb) at pc=0x00007fbd79df4462, pid=19333, tid=0x00007fbd79cec700
#
# JRE version: OpenJDK Runtime Environment (8.0_111-b14) (build 1.8.0_111-8u111-b14-3~14.04.1-b14)
# Java VM: OpenJDK 64-Bit Server VM (25.111-b14 mixed mode linux-amd64 compressed oops)
# Problematic frame:
# C  [librxtxSerial.so+0x6462]  read_byte_array+0x52
#
# Failed to write core dump. Core dumps have been disabled. To enable core dumping, try "ulimit -c unlimited" before starting Java again
#
# If you would like to submit a bug report, please visit:
#   http://bugreport.java.com/bugreport/crash.jsp
# The crash happened outside the Java Virtual Machine in native code.
# See problematic frame for where to report the bug.
#

---------------  T H R E A D  ---------------

Current thread (0x00007fbd94167000):  JavaThread "Reader" [_thread_in_native, id=19354, stack(0x00007fbd79bec000,0x00007fbd79ced000)]

siginfo: si_signo: 11 (SIGSEGV), si_code: 1 (SEGV_MAPERR), si_addr: 0x0000000079dec858

Registers:
RAX=0x0000000079dec850, RBX=0xffffffffffffffff, RCX=0x0000000000000001, RDX=0x00007fbd9a28b350
RSP=0x00007fbd79ceb6e0, RBP=0x00007fbd941671e0, RSI=0x00007fbd79df7e30, RDI=0x00007fbd79df7d3e
R8 =0x0000000000000006, R9 =0x00000000df0e8d78, R10=0x0000000000000002, R11=0x00007fbd9a28fce4
R12=0x00000000ffffffff, R13=0x0000000000000000, R14=0x0000000000000010, R15=0x0000000000000000
RIP=0x00007fbd79df4462, EFLAGS=0x0000000000010206, CSGSFS=0x0000000000000033, ERR=0x0000000000000004
  TRAPNO=0x000000000000000e

Top of Stack: (sp=0x00007fbd79ceb6e0)
0x00007fbd79ceb6e0:   00007fbd79deeed0 00007fbd9416b110
0x00007fbd79ceb6f0:   00007fbd9416aec0 00007fbd3c000020
0x00007fbd79ceb700:   0000000000000400 0000000079dec850
0x00007fbd79ceb710:   0000000000000007 0000000000000000
0x00007fbd79ceb720:   0000000000000000 000000019a9696d0
0x00007fbd79ceb730:   00007fbd3c000a80 0000001000000400
0x00007fbd79ceb740:   00007fbd79ceb780 00007fbd79efa830
0x00007fbd79ceb750:   0000000000000000 0000000000000001
0x00007fbd79ceb760:   0000000000000010 0000000000000000
0x00007fbd79ceb770:   00007fbd941671e0 00007fbd9aecd527
0x00007fbd79ceb780:   00007fbd00000005 0000000000000000
0x00007fbd79ceb790:   00007fbd94167000 00007fbd79deeed0
0x00007fbd79ceb7a0:   ffffffffffffffff 00007fbd941671e0
0x00007fbd79ceb7b0:   00007fbd3c000a80 00007fbd9aed44d5
0x00007fbd79ceb7c0:   00007fbd3c000a80 00007fbd3c000a80
0x00007fbd79ceb7d0:   0000000000000010 ffffffffffffffff
0x00007fbd79ceb7e0:   00007fbd941671e0 00007fbd3c000a80
0x00007fbd79ceb7f0:   0000000000000001 0000000000000010
0x00007fbd79ceb800:   0000000000000000 00007fbd79df48a1
0x00007fbd79ceb810:   00007fbd80541a80 00007fbd79ceb8f8
0x00007fbd79ceb820:   00007fbd79ceb900 00007fbd80541a80
0x00007fbd79ceb830:   00007fbd79ceb8c8 0000000000000000
0x00007fbd79ceb840:   00007fbd80541a78 00007fbd79ceb900
0x00007fbd79ceb850:   00007fbd94167000 00007fbd849f5574
0x00007fbd79ceb860:   0000000000000000 00007fbd80541a78
0x00007fbd79ceb870:   00007fbd79ceb8c8 00007fbd849f5307
0x00007fbd79ceb880:   00007fbd849f52c2 00007fbd79ceb888
0x00007fbd79ceb890:   00007fbd80541a78 00007fbd79ceb900
0x00007fbd79ceb8a0:   00007fbd8054d1c0 0000000000000000
0x00007fbd79ceb8b0:   00007fbd80541a80 0000000000000000
0x00007fbd79ceb8c0:   00007fbd79ceb8e8 00007fbd79ceb958
0x00007fbd79ceb8d0:   00007fbd849e7a40 0000000000000000 

Instructions: (pc=0x00007fbd79df4462)
0x00007fbd79df4442:   89 44 24 4c 48 c7 44 24 40 00 00 00 00 48 c7 44
0x00007fbd79df4452:   24 38 00 00 00 00 e8 53 d7 ff ff 48 89 44 24 28
0x00007fbd79df4462:   8b 40 08 45 85 e4 48 8b 54 24 28 44 8b 7c 24 4c
0x00007fbd79df4472:   89 44 24 34 c7 42 08 00 00 00 00 78 0c 31 c0 e8 

Register to memory mapping:

RAX=0x0000000079dec850 is an unknown value
RBX=0xffffffffffffffff is an unknown value
RCX=0x0000000000000001 is an unknown value
RDX=0x00007fbd9a28b350: <offset 0xed0350> in /usr/lib/jvm/java-8-openjdk-amd64/jre/lib/amd64/server/libjvm.so at 0x00007fbd993bb000
RSP=0x00007fbd79ceb6e0 is pointing into the stack for thread: 0x00007fbd94167000
RBP=0x00007fbd941671e0 is an unknown value
RSI=0x00007fbd79df7e30: <offset 0x9e30> in /usr/lib/jvm/java-8-openjdk-amd64/lib/amd64/librxtxSerial.so at 0x00007fbd79dee000
RDI=0x00007fbd79df7d3e: <offset 0x9d3e> in /usr/lib/jvm/java-8-openjdk-amd64/lib/amd64/librxtxSerial.so at 0x00007fbd79dee000
R8 =0x0000000000000006 is an unknown value
R9 =0x00000000df0e8d78 is an oop
gnu.io.RXTXPort 
 - klass: 'gnu/io/RXTXPort'
R10=0x0000000000000002 is an unknown value
R11=0x00007fbd9a28fce4: <offset 0xed4ce4> in /usr/lib/jvm/java-8-openjdk-amd64/jre/lib/amd64/server/libjvm.so at 0x00007fbd993bb000
R12=0x00000000ffffffff is an unallocated location in the heap
R13=0x0000000000000000 is an unknown value
R14=0x0000000000000010 is an unknown value
R15=0x0000000000000000 is an unknown value


Stack: [0x00007fbd79bec000,0x00007fbd79ced000],  sp=0x00007fbd79ceb6e0,  free space=1021k
Native frames: (J=compiled Java code, j=interpreted, Vv=VM code, C=native code)
C  [librxtxSerial.so+0x6462]  read_byte_array+0x52

Java frames: (J=compiled Java code, j=interpreted, Vv=VM code)
j  gnu.io.RXTXPort.readArray([BII)I+0
j  gnu.io.RXTXPort$SerialInputStream.read([BII)I+187
j  gnu.io.RXTXPort$SerialInputStream.read([B)I+38
j  serialports.SerialReader.run()V+34
j  java.lang.Thread.run()V+11
v  ~StubRoutines::call_stub

---------------  P R O C E S S  ---------------

Java Threads: ( => current thread )
  0x00007fbd9400a000 JavaThread "DestroyJavaVM" [_thread_blocked, id=19337, stack(0x00007fbd9afbc000,0x00007fbd9b0bd000)]
  0x00007fbd94168800 JavaThread "Writer" [_thread_blocked, id=19355, stack(0x00007fbd79aeb000,0x00007fbd79bec000)]
=>0x00007fbd94167000 JavaThread "Reader" [_thread_in_native, id=19354, stack(0x00007fbd79bec000,0x00007fbd79ced000)]
  0x00007fbd94166000 JavaThread "Thread-1" [_thread_in_native, id=19353, stack(0x00007fbd79ced000,0x00007fbd79dee000)]
  0x00007fbd940b9800 JavaThread "Service Thread" daemon [_thread_blocked, id=19350, stack(0x00007fbd7a017000,0x00007fbd7a118000)]
  0x00007fbd940b2800 JavaThread "C1 CompilerThread2" daemon [_thread_blocked, id=19349, stack(0x00007fbd7a118000,0x00007fbd7a219000)]
  0x00007fbd940b0800 JavaThread "C2 CompilerThread1" daemon [_thread_blocked, id=19348, stack(0x00007fbd7a219000,0x00007fbd7a31a000)]
  0x00007fbd940ad800 JavaThread "C2 CompilerThread0" daemon [_thread_blocked, id=19347, stack(0x00007fbd7a31a000,0x00007fbd7a41b000)]
  0x00007fbd940ab800 JavaThread "Signal Dispatcher" daemon [_thread_blocked, id=19346, stack(0x00007fbd7a41b000,0x00007fbd7a51c000)]
  0x00007fbd94083800 JavaThread "Finalizer" daemon [_thread_blocked, id=19345, stack(0x00007fbd7abff000,0x00007fbd7ad00000)]
  0x00007fbd9407f000 JavaThread "Reference Handler" daemon [_thread_blocked, id=19344, stack(0x00007fbd7ad00000,0x00007fbd7ae01000)]

Other Threads:
  0x00007fbd94077000 VMThread [stack: 0x00007fbd7ae01000,0x00007fbd7af02000] [id=19343]
  0x00007fbd940bc000 WatcherThread [stack: 0x00007fbd79f16000,0x00007fbd7a017000] [id=19351]

VM state:not at safepoint (normal execution)

VM Mutex/Monitor currently owned by a thread: None

Heap:
 PSYoungGen      total 29696K, used 4097K [0x00000000def00000, 0x00000000e1000000, 0x0000000100000000)
  eden space 25600K, 16% used [0x00000000def00000,0x00000000df300630,0x00000000e0800000)
  from space 4096K, 0% used [0x00000000e0c00000,0x00000000e0c00000,0x00000000e1000000)
  to   space 4096K, 0% used [0x00000000e0800000,0x00000000e0800000,0x00000000e0c00000)
 ParOldGen       total 68608K, used 0K [0x000000009cc00000, 0x00000000a0f00000, 0x00000000def00000)
  object space 68608K, 0% used [0x000000009cc00000,0x000000009cc00000,0x00000000a0f00000)
 Metaspace       used 3727K, capacity 4704K, committed 4864K, reserved 1056768K
  class space    used 416K, capacity 464K, committed 512K, reserved 1048576K

Card table byte_map: [0x00007fbd84305000,0x00007fbd84620000] byte_map_base: 0x00007fbd83e1f000

Marking Bits: (ParMarkBitMap*) 0x00007fbd9a28f2a0
 Begin Bits: [0x00007fbd80c50000, 0x00007fbd82520000)
 End Bits:   [0x00007fbd82520000, 0x00007fbd83df0000)

Polling page: 0x00007fbd9b0dd000

CodeCache: size=245760Kb used=1319Kb max_used=1319Kb free=244440Kb
 bounds [0x00007fbd849e0000, 0x00007fbd84c50000, 0x00007fbd939e0000]
 total_blobs=361 nmethods=119 adapters=158
 compilation: enabled

Compilation events (10 events):
Event: 0.262 Thread 0x00007fbd940b2800  112       3       java.util.regex.Pattern::next (33 bytes)
Event: 0.262 Thread 0x00007fbd940b2800 nmethod 112 0x00007fbd84b28590 code [0x00007fbd84b28720, 0x00007fbd84b289c8]
Event: 0.262 Thread 0x00007fbd940b2800  113       3       java.lang.Character::isBmpCodePoint (13 bytes)
Event: 0.262 Thread 0x00007fbd940b2800 nmethod 113 0x00007fbd84b28b10 code [0x00007fbd84b28c80, 0x00007fbd84b28e10]
Event: 0.262 Thread 0x00007fbd940b2800  114       1       java.util.regex.Pattern::flags (5 bytes)
Event: 0.262 Thread 0x00007fbd940b2800 nmethod 114 0x00007fbd84b28e90 code [0x00007fbd84b28fe0, 0x00007fbd84b290f0]
Event: 3.149 Thread 0x00007fbd940b2800  115       1       java.net.URL::getQuery (5 bytes)
Event: 3.149 Thread 0x00007fbd940b2800 nmethod 115 0x00007fbd84b29350 code [0x00007fbd84b294a0, 0x00007fbd84b295b0]
Event: 3.157 Thread 0x00007fbd940b2800  117       3       java.lang.String::indexOf (25 bytes)
Event: 3.157 Thread 0x00007fbd940b2800 nmethod 117 0x00007fbd84b29990 code [0x00007fbd84b29b00, 0x00007fbd84b29ca8]

GC Heap History (0 events):
No events

Deoptimization events (0 events):
No events

Internal exceptions (10 events):
Event: 0.186 Thread 0x00007fbd9400a000 Exception <a 'java/io/FileNotFoundException'> (0x00000000df043d10) thrown at [/build/openjdk-8-8itSJj/openjdk-8-8u111-b14/src/hotspot/src/share/vm/prims/jni.cpp, line 709]
Event: 0.195 Thread 0x00007fbd9400a000 Exception <a 'java/io/FileNotFoundException'> (0x00000000df053b18) thrown at [/build/openjdk-8-8itSJj/openjdk-8-8u111-b14/src/hotspot/src/share/vm/prims/jni.cpp, line 709]
Event: 0.198 Thread 0x00007fbd9400a000 Exception <a 'java/io/FileNotFoundException'> (0x00000000df062e48) thrown at [/build/openjdk-8-8itSJj/openjdk-8-8u111-b14/src/hotspot/src/share/vm/prims/jni.cpp, line 709]
Event: 0.206 Thread 0x00007fbd9400a000 Exception <a 'java/io/FileNotFoundException'> (0x00000000df072730) thrown at [/build/openjdk-8-8itSJj/openjdk-8-8u111-b14/src/hotspot/src/share/vm/prims/jni.cpp, line 709]
Event: 0.243 Thread 0x00007fbd9400a000 Exception <a 'java/security/PrivilegedActionException'> (0x00000000df0bfd98) thrown at [/build/openjdk-8-8itSJj/openjdk-8-8u111-b14/src/hotspot/src/share/vm/prims/jvm.cpp, line 1386]
Event: 0.243 Thread 0x00007fbd9400a000 Exception <a 'java/security/PrivilegedActionException'> (0x00000000df0c0190) thrown at [/build/openjdk-8-8itSJj/openjdk-8-8u111-b14/src/hotspot/src/share/vm/prims/jvm.cpp, line 1386]
Event: 0.244 Thread 0x00007fbd9400a000 Exception <a 'java/security/PrivilegedActionException'> (0x00000000df0c23e0) thrown at [/build/openjdk-8-8itSJj/openjdk-8-8u111-b14/src/hotspot/src/share/vm/prims/jvm.cpp, line 1386]
Event: 0.244 Thread 0x00007fbd9400a000 Exception <a 'java/security/PrivilegedActionException'> (0x00000000df0c27d8) thrown at [/build/openjdk-8-8itSJj/openjdk-8-8u111-b14/src/hotspot/src/share/vm/prims/jvm.cpp, line 1386]
Event: 0.244 Thread 0x00007fbd9400a000 Exception <a 'java/security/PrivilegedActionException'> (0x00000000df0c3490) thrown at [/build/openjdk-8-8itSJj/openjdk-8-8u111-b14/src/hotspot/src/share/vm/prims/jvm.cpp, line 1386]
Event: 0.244 Thread 0x00007fbd9400a000 Exception <a 'java/security/PrivilegedActionException'> (0x00000000df0c3888) thrown at [/build/openjdk-8-8itSJj/openjdk-8-8u111-b14/src/hotspot/src/share/vm/prims/jvm.cpp, line 1386]

Events (10 events):
Event: 3.148 loading class serialports/ThreadSafeListWrapper done
Event: 3.149 Thread 0x00007fbd94166000 Thread added: 0x00007fbd94166000
Event: 3.155 loading class serialports/SerialWriter
Event: 3.155 loading class serialports/SerialWriter done
Event: 3.156 loading class serialports/SerialReader
Event: 3.156 loading class serialports/SerialReader done
Event: 3.161 Thread 0x00007fbd94167000 Thread added: 0x00007fbd94167000
Event: 3.161 Thread 0x00007fbd94168800 Thread added: 0x00007fbd94168800
Event: 3.161 Thread 0x00007fbd9400a000 Thread exited: 0x00007fbd9400a000
Event: 3.161 Thread 0x00007fbd9400a000 Thread added: 0x00007fbd9400a000


Dynamic libraries:
00400000-00401000 r-xp 00000000 08:01 2404755                            /usr/lib/jvm/java-8-openjdk-amd64/jre/bin/java
00600000-00601000 r--p 00000000 08:01 2404755                            /usr/lib/jvm/java-8-openjdk-amd64/jre/bin/java
00601000-00602000 rw-p 00001000 08:01 2404755                            /usr/lib/jvm/java-8-openjdk-amd64/jre/bin/java
010ef000-01110000 rw-p 00000000 00:00 0                                  [heap]
9cc00000-a0f00000 rw-p 00000000 00:00 0 
a0f00000-def00000 ---p 00000000 00:00 0 
def00000-e1000000 rw-p 00000000 00:00 0 
e1000000-100000000 ---p 00000000 00:00 0 
100000000-100080000 rw-p 00000000 00:00 0 
100080000-140000000 ---p 00000000 00:00 0 
7fbd3c000000-7fbd3c021000 rw-p 00000000 00:00 0 
7fbd3c021000-7fbd40000000 ---p 00000000 00:00 0 
7fbd40000000-7fbd40021000 rw-p 00000000 00:00 0 
7fbd40021000-7fbd44000000 ---p 00000000 00:00 0 
7fbd44000000-7fbd44021000 rw-p 00000000 00:00 0 
7fbd44021000-7fbd48000000 ---p 00000000 00:00 0 
7fbd48000000-7fbd48021000 rw-p 00000000 00:00 0 
7fbd48021000-7fbd4c000000 ---p 00000000 00:00 0 
7fbd4c000000-7fbd4c180000 rw-p 00000000 00:00 0 
7fbd4c180000-7fbd50000000 ---p 00000000 00:00 0 
7fbd50000000-7fbd50021000 rw-p 00000000 00:00 0 
7fbd50021000-7fbd54000000 ---p 00000000 00:00 0 
7fbd54000000-7fbd54021000 rw-p 00000000 00:00 0 
7fbd54021000-7fbd58000000 ---p 00000000 00:00 0 
7fbd58000000-7fbd58021000 rw-p 00000000 00:00 0 
7fbd58021000-7fbd5c000000 ---p 00000000 00:00 0 
7fbd5c000000-7fbd5c021000 rw-p 00000000 00:00 0 
7fbd5c021000-7fbd60000000 ---p 00000000 00:00 0 
7fbd60000000-7fbd60066000 rw-p 00000000 00:00 0 
7fbd60066000-7fbd64000000 ---p 00000000 00:00 0 
7fbd64000000-7fbd64021000 rw-p 00000000 00:00 0 
7fbd64021000-7fbd68000000 ---p 00000000 00:00 0 
7fbd68000000-7fbd68021000 rw-p 00000000 00:00 0 
7fbd68021000-7fbd6c000000 ---p 00000000 00:00 0 
7fbd6c000000-7fbd6c021000 rw-p 00000000 00:00 0 
7fbd6c021000-7fbd70000000 ---p 00000000 00:00 0 
7fbd70000000-7fbd70021000 rw-p 00000000 00:00 0 
7fbd70021000-7fbd74000000 ---p 00000000 00:00 0 
7fbd74000000-7fbd74021000 rw-p 00000000 00:00 0 
7fbd74021000-7fbd78000000 ---p 00000000 00:00 0 
7fbd79aeb000-7fbd79aee000 ---p 00000000 00:00 0 
7fbd79aee000-7fbd79bec000 rw-p 00000000 00:00 0                          [stack:19355]
7fbd79bec000-7fbd79bef000 ---p 00000000 00:00 0 
7fbd79bef000-7fbd79ced000 rw-p 00000000 00:00 0                          [stack:19354]
7fbd79ced000-7fbd79cf0000 ---p 00000000 00:00 0 
7fbd79cf0000-7fbd79dee000 rw-p 00000000 00:00 0                          [stack:19353]
7fbd79dee000-7fbd79dfa000 r-xp 00000000 08:01 2491058                    /usr/lib/jvm/java-8-openjdk-amd64/lib/amd64/librxtxSerial.so
7fbd79dfa000-7fbd79ef9000 ---p 0000c000 08:01 2491058                    /usr/lib/jvm/java-8-openjdk-amd64/lib/amd64/librxtxSerial.so
7fbd79ef9000-7fbd79efb000 rw-p 0000b000 08:01 2491058                    /usr/lib/jvm/java-8-openjdk-amd64/lib/amd64/librxtxSerial.so
7fbd79efb000-7fbd79f16000 r--s 001d5000 08:01 2393868                    /usr/lib/jvm/java-8-openjdk-amd64/jre/lib/ext/nashorn.jar
7fbd79f16000-7fbd79f17000 ---p 00000000 00:00 0 
7fbd79f17000-7fbd7a017000 rw-p 00000000 00:00 0                          [stack:19351]
7fbd7a017000-7fbd7a01a000 ---p 00000000 00:00 0 
7fbd7a01a000-7fbd7a118000 rw-p 00000000 00:00 0                          [stack:19350]
7fbd7a118000-7fbd7a11b000 ---p 00000000 00:00 0 
7fbd7a11b000-7fbd7a219000 rw-p 00000000 00:00 0                          [stack:19349]
7fbd7a219000-7fbd7a21c000 ---p 00000000 00:00 0 
7fbd7a21c000-7fbd7a31a000 rw-p 00000000 00:00 0                          [stack:19348]
7fbd7a31a000-7fbd7a31d000 ---p 00000000 00:00 0 
7fbd7a31d000-7fbd7a41b000 rw-p 00000000 00:00 0                          [stack:19347]
7fbd7a41b000-7fbd7a41e000 ---p 00000000 00:00 0 
7fbd7a41e000-7fbd7a51c000 rw-p 00000000 00:00 0                          [stack:19346]
7fbd7a51c000-7fbd7abff000 r--p 00000000 08:01 1580881                    /usr/lib/locale/locale-archive
7fbd7abff000-7fbd7ac02000 ---p 00000000 00:00 0 
7fbd7ac02000-7fbd7ad00000 rw-p 00000000 00:00 0                          [stack:19345]
7fbd7ad00000-7fbd7ad03000 ---p 00000000 00:00 0 
7fbd7ad03000-7fbd7ae01000 rw-p 00000000 00:00 0                          [stack:19344]
7fbd7ae01000-7fbd7ae02000 ---p 00000000 00:00 0 
7fbd7ae02000-7fbd7be32000 rw-p 00000000 00:00 0                          [stack:19343]
7fbd7be32000-7fbd7c000000 r--s 03bf1000 08:01 2236126                    /usr/lib/jvm/java-8-openjdk-amd64/jre/lib/rt.jar
7fbd7c000000-7fbd7c021000 rw-p 00000000 00:00 0 
7fbd7c021000-7fbd80000000 ---p 00000000 00:00 0 
7fbd80010000-7fbd80576000 rw-p 00000000 00:00 0 
7fbd80576000-7fbd80936000 ---p 00000000 00:00 0 
7fbd80936000-7fbd83df0000 rw-p 00000000 00:00 0 
7fbd83df0000-7fbd83df1000 ---p 00000000 00:00 0 
7fbd83df1000-7fbd83ef1000 rw-p 00000000 00:00 0                          [stack:19342]
7fbd83ef1000-7fbd83ef2000 ---p 00000000 00:00 0 
7fbd83ef2000-7fbd83ff2000 rw-p 00000000 00:00 0                          [stack:19341]
7fbd83ff2000-7fbd83ff3000 ---p 00000000 00:00 0 
7fbd83ff3000-7fbd84115000 rw-p 00000000 00:00 0                          [stack:19340]
7fbd84115000-7fbd84305000 ---p 00000000 00:00 0 
7fbd84305000-7fbd84327000 rw-p 00000000 00:00 0 
7fbd84327000-7fbd84516000 ---p 00000000 00:00 0 
7fbd84516000-7fbd84527000 rw-p 00000000 00:00 0 
7fbd84527000-7fbd8461f000 ---p 00000000 00:00 0 
7fbd8461f000-7fbd8462a000 rw-p 00000000 00:00 0 
7fbd8462a000-7fbd849e0000 ---p 00000000 00:00 0 
7fbd849e0000-7fbd84c50000 rwxp 00000000 00:00 0 
7fbd84c50000-7fbd939e0000 ---p 00000000 00:00 0 
7fbd939e0000-7fbd939e8000 r-xp 00000000 08:01 2236101                    /usr/lib/jvm/java-8-openjdk-amd64/jre/lib/amd64/libzip.so
7fbd939e8000-7fbd93be7000 ---p 00008000 08:01 2236101                    /usr/lib/jvm/java-8-openjdk-amd64/jre/lib/amd64/libzip.so
7fbd93be7000-7fbd93be8000 r--p 00007000 08:01 2236101                    /usr/lib/jvm/java-8-openjdk-amd64/jre/lib/amd64/libzip.so
7fbd93be8000-7fbd93be9000 rw-p 00008000 08:01 2236101                    /usr/lib/jvm/java-8-openjdk-amd64/jre/lib/amd64/libzip.so
7fbd93be9000-7fbd93bf3000 r-xp 00000000 08:01 2648247                    /lib/x86_64-linux-gnu/libnss_files-2.19.so
7fbd93bf3000-7fbd93df2000 ---p 0000a000 08:01 2648247                    /lib/x86_64-linux-gnu/libnss_files-2.19.so
7fbd93df2000-7fbd93df3000 r--p 00009000 08:01 2648247                    /lib/x86_64-linux-gnu/libnss_files-2.19.so
7fbd93df3000-7fbd93df4000 rw-p 0000a000 08:01 2648247                    /lib/x86_64-linux-gnu/libnss_files-2.19.so
7fbd93df4000-7fbd93dff000 r-xp 00000000 08:01 2624963                    /lib/x86_64-linux-gnu/libnss_nis-2.19.so
7fbd93dff000-7fbd93ffe000 ---p 0000b000 08:01 2624963                    /lib/x86_64-linux-gnu/libnss_nis-2.19.so
7fbd93ffe000-7fbd93fff000 r--p 0000a000 08:01 2624963                    /lib/x86_64-linux-gnu/libnss_nis-2.19.so
7fbd93fff000-7fbd94000000 rw-p 0000b000 08:01 2624963                    /lib/x86_64-linux-gnu/libnss_nis-2.19.so
7fbd94000000-7fbd9417c000 rw-p 00000000 00:00 0 
7fbd9417c000-7fbd98000000 ---p 00000000 00:00 0 
7fbd98003000-7fbd9801e000 r--s 00394000 08:01 2401111                    /usr/lib/jvm/java-8-openjdk-amd64/jre/lib/ext/cldrdata.jar
7fbd9801e000-7fbd9801f000 ---p 00000000 00:00 0 
7fbd9801f000-7fbd9811f000 rw-p 00000000 00:00 0                          [stack:19339]
7fbd9811f000-7fbd98136000 r-xp 00000000 08:01 2648235                    /lib/x86_64-linux-gnu/libnsl-2.19.so
7fbd98136000-7fbd98335000 ---p 00017000 08:01 2648235                    /lib/x86_64-linux-gnu/libnsl-2.19.so
7fbd98335000-7fbd98336000 r--p 00016000 08:01 2648235                    /lib/x86_64-linux-gnu/libnsl-2.19.so
7fbd98336000-7fbd98337000 rw-p 00017000 08:01 2648235                    /lib/x86_64-linux-gnu/libnsl-2.19.so
7fbd98337000-7fbd98339000 rw-p 00000000 00:00 0 
7fbd98339000-7fbd98342000 r-xp 00000000 08:01 2648231                    /lib/x86_64-linux-gnu/libnss_compat-2.19.so
7fbd98342000-7fbd98541000 ---p 00009000 08:01 2648231                    /lib/x86_64-linux-gnu/libnss_compat-2.19.so
7fbd98541000-7fbd98542000 r--p 00008000 08:01 2648231                    /lib/x86_64-linux-gnu/libnss_compat-2.19.so
7fbd98542000-7fbd98543000 rw-p 00009000 08:01 2648231                    /lib/x86_64-linux-gnu/libnss_compat-2.19.so
7fbd98543000-7fbd98570000 r-xp 00000000 08:01 2236111                    /usr/lib/jvm/java-8-openjdk-amd64/jre/lib/amd64/libjava.so
7fbd98570000-7fbd9876f000 ---p 0002d000 08:01 2236111                    /usr/lib/jvm/java-8-openjdk-amd64/jre/lib/amd64/libjava.so
7fbd9876f000-7fbd98770000 r--p 0002c000 08:01 2236111                    /usr/lib/jvm/java-8-openjdk-amd64/jre/lib/amd64/libjava.so
7fbd98770000-7fbd98772000 rw-p 0002d000 08:01 2236111                    /usr/lib/jvm/java-8-openjdk-amd64/jre/lib/amd64/libjava.so
7fbd98772000-7fbd98782000 r-xp 00000000 08:01 2236091                    /usr/lib/jvm/java-8-openjdk-amd64/jre/lib/amd64/libverify.so
7fbd98782000-7fbd98981000 ---p 00010000 08:01 2236091                    /usr/lib/jvm/java-8-openjdk-amd64/jre/lib/amd64/libverify.so
7fbd98981000-7fbd98983000 r--p 0000f000 08:01 2236091                    /usr/lib/jvm/java-8-openjdk-amd64/jre/lib/amd64/libverify.so
7fbd98983000-7fbd98984000 rw-p 00011000 08:01 2236091                    /usr/lib/jvm/java-8-openjdk-amd64/jre/lib/amd64/libverify.so
7fbd98984000-7fbd9898b000 r-xp 00000000 08:01 2624957                    /lib/x86_64-linux-gnu/librt-2.19.so
7fbd9898b000-7fbd98b8a000 ---p 00007000 08:01 2624957                    /lib/x86_64-linux-gnu/librt-2.19.so
7fbd98b8a000-7fbd98b8b000 r--p 00006000 08:01 2624957                    /lib/x86_64-linux-gnu/librt-2.19.so
7fbd98b8b000-7fbd98b8c000 rw-p 00007000 08:01 2624957                    /lib/x86_64-linux-gnu/librt-2.19.so
7fbd98b8c000-7fbd98ba2000 r-xp 00000000 08:01 2679480                    /lib/x86_64-linux-gnu/libgcc_s.so.1
7fbd98ba2000-7fbd98da1000 ---p 00016000 08:01 2679480                    /lib/x86_64-linux-gnu/libgcc_s.so.1
7fbd98da1000-7fbd98da2000 r--p 00015000 08:01 2679480                    /lib/x86_64-linux-gnu/libgcc_s.so.1
7fbd98da2000-7fbd98da3000 rw-p 00016000 08:01 2679480                    /lib/x86_64-linux-gnu/libgcc_s.so.1
7fbd98da3000-7fbd98ea8000 r-xp 00000000 08:01 2648237                    /lib/x86_64-linux-gnu/libm-2.19.so
7fbd98ea8000-7fbd990a7000 ---p 00105000 08:01 2648237                    /lib/x86_64-linux-gnu/libm-2.19.so
7fbd990a7000-7fbd990a8000 r--p 00104000 08:01 2648237                    /lib/x86_64-linux-gnu/libm-2.19.so
7fbd990a8000-7fbd990a9000 rw-p 00105000 08:01 2648237                    /lib/x86_64-linux-gnu/libm-2.19.so
7fbd990a9000-7fbd991af000 r-xp 00000000 08:01 1626084                    /usr/lib/x86_64-linux-gnu/libstdc++.so.6.0.22
7fbd991af000-7fbd993ae000 ---p 00106000 08:01 1626084                    /usr/lib/x86_64-linux-gnu/libstdc++.so.6.0.22
7fbd993ae000-7fbd993b6000 r--p 00105000 08:01 1626084                    /usr/lib/x86_64-linux-gnu/libstdc++.so.6.0.22
7fbd993b6000-7fbd993b8000 rw-p 0010d000 08:01 1626084                    /usr/lib/x86_64-linux-gnu/libstdc++.so.6.0.22
7fbd993b8000-7fbd993bb000 rw-p 00000000 00:00 0 
7fbd993bb000-7fbd99fb3000 r-xp 00000000 08:01 2236096                    /usr/lib/jvm/java-8-openjdk-amd64/jre/lib/amd64/server/libjvm.so
7fbd99fb3000-7fbd9a1b3000 ---p 00bf8000 08:01 2236096                    /usr/lib/jvm/java-8-openjdk-amd64/jre/lib/amd64/server/libjvm.so
7fbd9a1b3000-7fbd9a251000 r--p 00bf8000 08:01 2236096                    /usr/lib/jvm/java-8-openjdk-amd64/jre/lib/amd64/server/libjvm.so
7fbd9a251000-7fbd9a27a000 rw-p 00c96000 08:01 2236096                    /usr/lib/jvm/java-8-openjdk-amd64/jre/lib/amd64/server/libjvm.so
7fbd9a27a000-7fbd9a2ac000 rw-p 00000000 00:00 0 
7fbd9a2ac000-7fbd9a2c5000 r-xp 00000000 08:01 2648251                    /lib/x86_64-linux-gnu/libpthread-2.19.so
7fbd9a2c5000-7fbd9a4c4000 ---p 00019000 08:01 2648251                    /lib/x86_64-linux-gnu/libpthread-2.19.so
7fbd9a4c4000-7fbd9a4c5000 r--p 00018000 08:01 2648251                    /lib/x86_64-linux-gnu/libpthread-2.19.so
7fbd9a4c5000-7fbd9a4c6000 rw-p 00019000 08:01 2648251                    /lib/x86_64-linux-gnu/libpthread-2.19.so
7fbd9a4c6000-7fbd9a4ca000 rw-p 00000000 00:00 0 
7fbd9a4ca000-7fbd9a4cd000 r-xp 00000000 08:01 2648249                    /lib/x86_64-linux-gnu/libdl-2.19.so
7fbd9a4cd000-7fbd9a6cc000 ---p 00003000 08:01 2648249                    /lib/x86_64-linux-gnu/libdl-2.19.so
7fbd9a6cc000-7fbd9a6cd000 r--p 00002000 08:01 2648249                    /lib/x86_64-linux-gnu/libdl-2.19.so
7fbd9a6cd000-7fbd9a6ce000 rw-p 00003000 08:01 2648249                    /lib/x86_64-linux-gnu/libdl-2.19.so
7fbd9a6ce000-7fbd9a6e6000 r-xp 00000000 08:01 2625699                    /lib/x86_64-linux-gnu/libz.so.1.2.8
7fbd9a6e6000-7fbd9a8e5000 ---p 00018000 08:01 2625699                    /lib/x86_64-linux-gnu/libz.so.1.2.8
7fbd9a8e5000-7fbd9a8e6000 r--p 00017000 08:01 2625699                    /lib/x86_64-linux-gnu/libz.so.1.2.8
7fbd9a8e6000-7fbd9a8e7000 rw-p 00018000 08:01 2625699                    /lib/x86_64-linux-gnu/libz.so.1.2.8
7fbd9a8e7000-7fbd9aaa5000 r-xp 00000000 08:01 2648229                    /lib/x86_64-linux-gnu/libc-2.19.so
7fbd9aaa5000-7fbd9aca4000 ---p 001be000 08:01 2648229                    /lib/x86_64-linux-gnu/libc-2.19.so
7fbd9aca4000-7fbd9aca8000 r--p 001bd000 08:01 2648229                    /lib/x86_64-linux-gnu/libc-2.19.so
7fbd9aca8000-7fbd9acaa000 rw-p 001c1000 08:01 2648229                    /lib/x86_64-linux-gnu/libc-2.19.so
7fbd9acaa000-7fbd9acaf000 rw-p 00000000 00:00 0 
7fbd9acaf000-7fbd9acbc000 r-xp 00000000 08:01 2236107                    /usr/lib/jvm/java-8-openjdk-amd64/jre/lib/amd64/jli/libjli.so
7fbd9acbc000-7fbd9aebc000 ---p 0000d000 08:01 2236107                    /usr/lib/jvm/java-8-openjdk-amd64/jre/lib/amd64/jli/libjli.so
7fbd9aebc000-7fbd9aebd000 r--p 0000d000 08:01 2236107                    /usr/lib/jvm/java-8-openjdk-amd64/jre/lib/amd64/jli/libjli.so
7fbd9aebd000-7fbd9aebe000 rw-p 0000e000 08:01 2236107                    /usr/lib/jvm/java-8-openjdk-amd64/jre/lib/amd64/jli/libjli.so
7fbd9aebe000-7fbd9aee1000 r-xp 00000000 08:01 2648245                    /lib/x86_64-linux-gnu/ld-2.19.so
7fbd9aee9000-7fbd9aeeb000 r--s 0000d000 08:01 2752720                    /home/developer/Documents/EclipseWorkspaces/kabi/SerialPortSimulator/lib/RXTXcomm.jar
7fbd9aeeb000-7fbd9aeee000 r--s 0000f000 08:01 2394798                    /usr/lib/jvm/java-8-openjdk-amd64/jre/lib/ext/icedtea-sound.jar
7fbd9aeee000-7fbd9aef8000 r--s 00116000 08:01 2367263                    /usr/lib/jvm/java-8-openjdk-amd64/jre/lib/ext/localedata.jar
7fbd9aef8000-7fbd9afbc000 rw-p 00000000 00:00 0 
7fbd9afbc000-7fbd9afbf000 ---p 00000000 00:00 0 
7fbd9afbf000-7fbd9b0c3000 rw-p 00000000 00:00 0                          [stack:19337]
7fbd9b0c3000-7fbd9b0c4000 r--s 0000a000 08:01 2393870                    /usr/lib/jvm/java-8-openjdk-amd64/jre/lib/ext/jaccess.jar
7fbd9b0c4000-7fbd9b0c6000 r--s 00001000 08:01 2393867                    /usr/lib/jvm/java-8-openjdk-amd64/jre/lib/ext/dnsns.jar
7fbd9b0c6000-7fbd9b0c8000 r--s 00008000 08:01 2393871                    /usr/lib/jvm/java-8-openjdk-amd64/jre/lib/ext/sunec.jar
7fbd9b0c8000-7fbd9b0ca000 r--s 00006000 08:01 1969947                    /usr/share/java/java-atk-wrapper.jar
7fbd9b0ca000-7fbd9b0cf000 r--s 0003b000 08:01 2401113                    /usr/lib/jvm/java-8-openjdk-amd64/jre/lib/ext/sunjce_provider.jar
7fbd9b0cf000-7fbd9b0d0000 r--s 00010000 08:01 2401112                    /usr/lib/jvm/java-8-openjdk-amd64/jre/lib/ext/zipfs.jar
7fbd9b0d0000-7fbd9b0d4000 r--s 00037000 08:01 2393831                    /usr/lib/jvm/java-8-openjdk-amd64/jre/lib/ext/sunpkcs11.jar
7fbd9b0d4000-7fbd9b0dc000 rw-s 00000000 08:01 2366048                    /tmp/hsperfdata_root/19333
7fbd9b0dc000-7fbd9b0dd000 rw-p 00000000 00:00 0 
7fbd9b0dd000-7fbd9b0de000 r--p 00000000 00:00 0 
7fbd9b0de000-7fbd9b0e0000 rw-p 00000000 00:00 0 
7fbd9b0e0000-7fbd9b0e1000 r--p 00022000 08:01 2648245                    /lib/x86_64-linux-gnu/ld-2.19.so
7fbd9b0e1000-7fbd9b0e2000 rw-p 00023000 08:01 2648245                    /lib/x86_64-linux-gnu/ld-2.19.so
7fbd9b0e2000-7fbd9b0e3000 rw-p 00000000 00:00 0 
7fff35c41000-7fff35c62000 rw-p 00000000 00:00 0                          [stack]
7fff35cdc000-7fff35cde000 r-xp 00000000 00:00 0                          [vdso]
ffffffffff600000-ffffffffff601000 r-xp 00000000 00:00 0                  [vsyscall]

VM Arguments:
jvm_args: -Djava.library.path=/usr/lib/jvm/java-8-openjdk-amd64/lib/amd64 -Dfile.encoding=UTF-8 
java_command: pumpmain.PumpClass
java_class_path (initial): /home/developer/Documents/EclipseWorkspaces/kabi/SerialPortSimulator/bin:/home/developer/Documents/EclipseWorkspaces/kabi/SerialPortSimulator/lib/RXTXcomm.jar
Launcher Type: SUN_STANDARD

Environment Variables:
PATH=/usr/local/sbin:/usr/local/bin:/usr/sbin:/usr/bin:/sbin:/bin:/snap/bin
USERNAME=root
SHELL=/bin/bash
DISPLAY=:0

Signal Handlers:
SIGSEGV: [libjvm.so+0x9fddb0], sa_mask[0]=11111111011111111101111111111110, sa_flags=SA_RESTART|SA_SIGINFO
SIGBUS: [libjvm.so+0x9fddb0], sa_mask[0]=11111111011111111101111111111110, sa_flags=SA_RESTART|SA_SIGINFO
SIGFPE: [libjvm.so+0x85be50], sa_mask[0]=11111111011111111101111111111110, sa_flags=SA_RESTART|SA_SIGINFO
SIGPIPE: [libjvm.so+0x85be50], sa_mask[0]=11111111011111111101111111111110, sa_flags=SA_RESTART|SA_SIGINFO
SIGXFSZ: [libjvm.so+0x85be50], sa_mask[0]=11111111011111111101111111111110, sa_flags=SA_RESTART|SA_SIGINFO
SIGILL: [libjvm.so+0x85be50], sa_mask[0]=11111111011111111101111111111110, sa_flags=SA_RESTART|SA_SIGINFO
SIGUSR1: SIG_DFL, sa_mask[0]=00000000000000000000000000000000, sa_flags=none
SIGUSR2: [libjvm.so+0x85bd20], sa_mask[0]=00100000000000000000000000000000, sa_flags=SA_RESTART|SA_SIGINFO
SIGHUP: [libjvm.so+0x85bf10], sa_mask[0]=11111111011111111101111111111110, sa_flags=SA_RESTART|SA_SIGINFO
SIGINT: [libjvm.so+0x85bf10], sa_mask[0]=11111111011111111101111111111110, sa_flags=SA_RESTART|SA_SIGINFO
SIGTERM: [libjvm.so+0x85bf10], sa_mask[0]=11111111011111111101111111111110, sa_flags=SA_RESTART|SA_SIGINFO
SIGQUIT: [libjvm.so+0x85bf10], sa_mask[0]=11111111011111111101111111111110, sa_flags=SA_RESTART|SA_SIGINFO


---------------  S Y S T E M  ---------------

OS:DISTRIB_ID=Ubuntu
DISTRIB_RELEASE=14.04
DISTRIB_CODENAME=trusty
DISTRIB_DESCRIPTION="Ubuntu 14.04.5 LTS"

uname:Linux 3.13.0-24-generic #47-Ubuntu SMP Fri May 2 23:30:00 UTC 2014 x86_64
libc:glibc 2.19 NPTL 2.19 
rlimit: STACK 8192k, CORE 0k, NPROC 50611, NOFILE 4096, AS infinity
load average:1.53 0.91 0.80

/proc/meminfo:
MemTotal:        6500556 kB
MemFree:         2076584 kB
Buffers:          523000 kB
Cached:          1548632 kB
SwapCached:            0 kB
Active:          2978068 kB
Inactive:        1102452 kB
Active(anon):    2009484 kB
Inactive(anon):    54028 kB
Active(file):     968584 kB
Inactive(file):  1048424 kB
Unevictable:          16 kB
Mlocked:              16 kB
SwapTotal:       5312508 kB
SwapFree:        5312508 kB
Dirty:               352 kB
Writeback:             0 kB
AnonPages:       2008964 kB
Mapped:           209300 kB
Shmem:             54628 kB
Slab:             247972 kB
SReclaimable:     224660 kB
SUnreclaim:        23312 kB
KernelStack:        4512 kB
PageTables:        27704 kB
NFS_Unstable:          0 kB
Bounce:                0 kB
WritebackTmp:          0 kB
CommitLimit:     8562784 kB
Committed_AS:    5143232 kB
VmallocTotal:   34359738367 kB
VmallocUsed:       65540 kB
VmallocChunk:   34359642256 kB
HardwareCorrupted:     0 kB
AnonHugePages:   1456128 kB
HugePages_Total:       0
HugePages_Free:        0
HugePages_Rsvd:        0
HugePages_Surp:        0
Hugepagesize:       2048 kB
DirectMap4k:       64448 kB
DirectMap2M:     6623232 kB


CPU:total 4 (4 cores per cpu, 1 threads per core) family 6 model 60 stepping 3, cmov, cx8, fxsr, mmx, sse, sse2, sse3, ssse3, tsc

/proc/cpuinfo:
processor	: 0
vendor_id	: GenuineIntel
cpu family	: 6
model		: 60
model name	: Intel(R) Core(TM) i7-4800MQ CPU @ 2.70GHz
stepping	: 3
microcode	: 0x19
cpu MHz		: 2666.324
cache size	: 6144 KB
physical id	: 0
siblings	: 4
core id		: 0
cpu cores	: 4
apicid		: 0
initial apicid	: 0
fpu		: yes
fpu_exception	: yes
cpuid level	: 5
wp		: yes
flags		: fpu vme de pse tsc msr pae mce cx8 apic sep mtrr pge mca cmov pat pse36 clflush mmx fxsr sse sse2 ht syscall nx rdtscp lm constant_tsc rep_good nopl pni ssse3 lahf_lm
bogomips	: 5332.64
clflush size	: 64
cache_alignment	: 64
address sizes	: 39 bits physical, 48 bits virtual
power management:

processor	: 1
vendor_id	: GenuineIntel
cpu family	: 6
model		: 60
model name	: Intel(R) Core(TM) i7-4800MQ CPU @ 2.70GHz
stepping	: 3
microcode	: 0x19
cpu MHz		: 2666.324
cache size	: 6144 KB
physical id	: 0
siblings	: 4
core id		: 1
cpu cores	: 4
apicid		: 1
initial apicid	: 1
fpu		: yes
fpu_exception	: yes
cpuid level	: 5
wp		: yes
flags		: fpu vme de pse tsc msr pae mce cx8 apic sep mtrr pge mca cmov pat pse36 clflush mmx fxsr sse sse2 ht syscall nx rdtscp lm constant_tsc rep_good nopl pni ssse3 lahf_lm
bogomips	: 5332.64
clflush size	: 64
cache_alignment	: 64
address sizes	: 39 bits physical, 48 bits virtual
power management:

processor	: 2
vendor_id	: GenuineIntel
cpu family	: 6
model		: 60
model name	: Intel(R) Core(TM) i7-4800MQ CPU @ 2.70GHz
stepping	: 3
microcode	: 0x19
cpu MHz		: 2666.324
cache size	: 6144 KB
physical id	: 0
siblings	: 4
core id		: 2
cpu cores	: 4
apicid		: 2
initial apicid	: 2
fpu		: yes
fpu_exception	: yes
cpuid level	: 5
wp		: yes
flags		: fpu vme de pse tsc msr pae mce cx8 apic sep mtrr pge mca cmov pat pse36 clflush mmx fxsr sse sse2 ht syscall nx rdtscp lm constant_tsc rep_good nopl pni ssse3 lahf_lm
bogomips	: 5332.64
clflush size	: 64
cache_alignment	: 64
address sizes	: 39 bits physical, 48 bits virtual
power management:

processor	: 3
vendor_id	: GenuineIntel
cpu family	: 6
model		: 60
model name	: Intel(R) Core(TM) i7-4800MQ CPU @ 2.70GHz
stepping	: 3
microcode	: 0x19
cpu MHz		: 2666.324
cache size	: 6144 KB
physical id	: 0
siblings	: 4
core id		: 3
cpu cores	: 4
apicid		: 3
initial apicid	: 3
fpu		: yes
fpu_exception	: yes
cpuid level	: 5
wp		: yes
flags		: fpu vme de pse tsc msr pae mce cx8 apic sep mtrr pge mca cmov pat pse36 clflush mmx fxsr sse sse2 ht syscall nx rdtscp lm constant_tsc rep_good nopl pni ssse3 lahf_lm
bogomips	: 5332.64
clflush size	: 64
cache_alignment	: 64
address sizes	: 39 bits physical, 48 bits virtual
power management:



Memory: 4k page, physical 6500556k(2076584k free), swap 5312508k(5312508k free)

vm_info: OpenJDK 64-Bit Server VM (25.111-b14) for linux-amd64 JRE (1.8.0_111-8u111-b14-3~14.04.1-b14), built on Nov  5 2016 13:21:07 by "buildd" with gcc 4.8.4

time: Thu Jun  8 15:52:05 2017
elapsed time: 3 seconds (0d 0h 0m 3s)

