#
# A fatal error has been detected by the Java Runtime Environment:
#
#  SIGSEGV (0xb) at pc=0x00007fd36310f462, pid=18864, tid=0x00007fd363007700
#
# JRE version: OpenJDK Runtime Environment (8.0_111-b14) (build 1.8.0_111-8u111-b14-3~14.04.1-b14)
# Java VM: OpenJDK 64-Bit Server VM (25.111-b14 mixed mode linux-amd64 compressed oops)
# Problematic frame:
# C  [librxtxSerial.so+0x6462]  read_byte_array+0x52
#
# Failed to write core dump. Core dumps have been disabled. To enable core dumping, try "ulimit -c unlimited" before starting Java again
#
# If you would like to submit a bug report, please visit:
#   http://bugreport.java.com/bugreport/crash.jsp
# The crash happened outside the Java Virtual Machine in native code.
# See problematic frame for where to report the bug.
#

---------------  T H R E A D  ---------------

Current thread (0x00007fd38c17f800):  JavaThread "Reader" [_thread_in_native, id=18887, stack(0x00007fd362f07000,0x00007fd363008000)]

siginfo: si_signo: 11 (SIGSEGV), si_code: 1 (SEGV_MAPERR), si_addr: 0x0000000063107858

Registers:
RAX=0x0000000063107850, RBX=0xffffffffffffffff, RCX=0x0000000000000001, RDX=0x00007fd3935c8350
RSP=0x00007fd3630066e0, RBP=0x00007fd38c17f9e0, RSI=0x00007fd363112e30, RDI=0x00007fd363112d3e
R8 =0x0000000000000006, R9 =0x00000000df0ebf10, R10=0x0000000000000004, R11=0x00007fd3935ccce4
R12=0x00000000ffffffff, R13=0x0000000000000000, R14=0x0000000000000010, R15=0x0000000000000000
RIP=0x00007fd36310f462, EFLAGS=0x0000000000010206, CSGSFS=0x0000000000000033, ERR=0x0000000000000004
  TRAPNO=0x000000000000000e

Top of Stack: (sp=0x00007fd3630066e0)
0x00007fd3630066e0:   00007fd363109ed0 00007fd38c1651c0
0x00007fd3630066f0:   00007fd38c182af0 00007fd33c000020
0x00007fd363006700:   0000000000000032 0000000063107850
0x00007fd363006710:   0000000000000007 0000000000000000
0x00007fd363006720:   0000000000000000 0000000193ca66d0
0x00007fd363006730:   00007fd33c000bc0 0000001000000032
0x00007fd363006740:   00007fd363006780 00007fd363215830
0x00007fd363006750:   0000000000000000 0000000000000001
0x00007fd363006760:   0000000000000010 0000000000000000
0x00007fd363006770:   00007fd38c17f9e0 00007fd39420a527
0x00007fd363006780:   00007fd300000005 0000000000000000
0x00007fd363006790:   00007fd38c17f800 00007fd363109ed0
0x00007fd3630067a0:   ffffffffffffffff 00007fd38c17f9e0
0x00007fd3630067b0:   00007fd33c000bc0 00007fd3942114d5
0x00007fd3630067c0:   00007fd33c000bc0 00007fd33c000bc0
0x00007fd3630067d0:   0000000000000010 ffffffffffffffff
0x00007fd3630067e0:   00007fd38c17f9e0 00007fd33c000bc0
0x00007fd3630067f0:   0000000000000001 0000000000000010
0x00007fd363006800:   0000000000000000 00007fd36310f8a1
0x00007fd363006810:   00007fd379751cb0 00007fd3630068f8
0x00007fd363006820:   00007fd363006900 00007fd379751cb0
0x00007fd363006830:   00007fd3630068c8 0000000000000000
0x00007fd363006840:   00007fd379751ca8 00007fd363006900
0x00007fd363006850:   00007fd38c17f800 00007fd37d015574
0x00007fd363006860:   0000000000000000 00007fd379751ca8
0x00007fd363006870:   00007fd3630068c8 00007fd37d015307
0x00007fd363006880:   00007fd37d0152c2 00007fd363006888
0x00007fd363006890:   00007fd379751ca8 00007fd363006900
0x00007fd3630068a0:   00007fd37975d478 0000000000000000
0x00007fd3630068b0:   00007fd379751cb0 0000000000000000
0x00007fd3630068c0:   00007fd3630068e8 00007fd363006958
0x00007fd3630068d0:   00007fd37d007a40 0000000000000000 

Instructions: (pc=0x00007fd36310f462)
0x00007fd36310f442:   89 44 24 4c 48 c7 44 24 40 00 00 00 00 48 c7 44
0x00007fd36310f452:   24 38 00 00 00 00 e8 53 d7 ff ff 48 89 44 24 28
0x00007fd36310f462:   8b 40 08 45 85 e4 48 8b 54 24 28 44 8b 7c 24 4c
0x00007fd36310f472:   89 44 24 34 c7 42 08 00 00 00 00 78 0c 31 c0 e8 

Register to memory mapping:

RAX=0x0000000063107850 is an unknown value
RBX=0xffffffffffffffff is an unknown value
RCX=0x0000000000000001 is an unknown value
RDX=0x00007fd3935c8350: <offset 0xed0350> in /usr/lib/jvm/java-8-openjdk-amd64/jre/lib/amd64/server/libjvm.so at 0x00007fd3926f8000
RSP=0x00007fd3630066e0 is pointing into the stack for thread: 0x00007fd38c17f800
RBP=0x00007fd38c17f9e0 is an unknown value
RSI=0x00007fd363112e30: <offset 0x9e30> in /usr/lib/jvm/java-8-openjdk-amd64/lib/amd64/librxtxSerial.so at 0x00007fd363109000
RDI=0x00007fd363112d3e: <offset 0x9d3e> in /usr/lib/jvm/java-8-openjdk-amd64/lib/amd64/librxtxSerial.so at 0x00007fd363109000
R8 =0x0000000000000006 is an unknown value
R9 =0x00000000df0ebf10 is an oop
gnu.io.RXTXPort 
 - klass: 'gnu/io/RXTXPort'
R10=0x0000000000000004 is an unknown value
R11=0x00007fd3935ccce4: <offset 0xed4ce4> in /usr/lib/jvm/java-8-openjdk-amd64/jre/lib/amd64/server/libjvm.so at 0x00007fd3926f8000
R12=0x00000000ffffffff is an unallocated location in the heap
R13=0x0000000000000000 is an unknown value
R14=0x0000000000000010 is an unknown value
R15=0x0000000000000000 is an unknown value


Stack: [0x00007fd362f07000,0x00007fd363008000],  sp=0x00007fd3630066e0,  free space=1021k
Native frames: (J=compiled Java code, j=interpreted, Vv=VM code, C=native code)
C  [librxtxSerial.so+0x6462]  read_byte_array+0x52

Java frames: (J=compiled Java code, j=interpreted, Vv=VM code)
j  gnu.io.RXTXPort.readArray([BII)I+0
j  gnu.io.RXTXPort$SerialInputStream.read([BII)I+187
j  gnu.io.RXTXPort$SerialInputStream.read([B)I+38
j  serialports.SerialReader.run()V+33
j  java.lang.Thread.run()V+11
v  ~StubRoutines::call_stub

---------------  P R O C E S S  ---------------

Java Threads: ( => current thread )
  0x00007fd38c00a000 JavaThread "DestroyJavaVM" [_thread_blocked, id=18866, stack(0x00007fd3942f9000,0x00007fd3943fa000)]
  0x00007fd38c18b000 JavaThread "Printer" [_thread_blocked, id=18889, stack(0x00007fd362d05000,0x00007fd362e06000)]
  0x00007fd38c181800 JavaThread "Writer" [_thread_blocked, id=18888, stack(0x00007fd362e06000,0x00007fd362f07000)]
=>0x00007fd38c17f800 JavaThread "Reader" [_thread_in_native, id=18887, stack(0x00007fd362f07000,0x00007fd363008000)]
  0x00007fd38c17e800 JavaThread "Thread-1" [_thread_in_native, id=18886, stack(0x00007fd363008000,0x00007fd363109000)]
  0x00007fd38c0c2000 JavaThread "Service Thread" daemon [_thread_blocked, id=18881, stack(0x00007fd363317000,0x00007fd363418000)]
  0x00007fd38c0b2800 JavaThread "C1 CompilerThread2" daemon [_thread_blocked, id=18880, stack(0x00007fd363418000,0x00007fd363519000)]
  0x00007fd38c0b0800 JavaThread "C2 CompilerThread1" daemon [_thread_blocked, id=18879, stack(0x00007fd363519000,0x00007fd36361a000)]
  0x00007fd38c0ad800 JavaThread "C2 CompilerThread0" daemon [_thread_blocked, id=18878, stack(0x00007fd36361a000,0x00007fd36371b000)]
  0x00007fd38c0ab800 JavaThread "Signal Dispatcher" daemon [_thread_blocked, id=18877, stack(0x00007fd36371b000,0x00007fd36381c000)]
  0x00007fd38c083800 JavaThread "Finalizer" daemon [_thread_blocked, id=18876, stack(0x00007fd363eff000,0x00007fd364000000)]
  0x00007fd38c07f000 JavaThread "Reference Handler" daemon [_thread_blocked, id=18875, stack(0x00007fd378067000,0x00007fd378168000)]

Other Threads:
  0x00007fd38c077000 VMThread [stack: 0x00007fd378168000,0x00007fd378269000] [id=18874]
  0x00007fd38c0c4800 WatcherThread [stack: 0x00007fd363216000,0x00007fd363317000] [id=18882]

VM state:not at safepoint (normal execution)

VM Mutex/Monitor currently owned by a thread: None

Heap:
 PSYoungGen      total 29696K, used 4608K [0x00000000def00000, 0x00000000e1000000, 0x0000000100000000)
  eden space 25600K, 18% used [0x00000000def00000,0x00000000df380288,0x00000000e0800000)
  from space 4096K, 0% used [0x00000000e0c00000,0x00000000e0c00000,0x00000000e1000000)
  to   space 4096K, 0% used [0x00000000e0800000,0x00000000e0800000,0x00000000e0c00000)
 ParOldGen       total 68608K, used 0K [0x000000009cc00000, 0x00000000a0f00000, 0x00000000def00000)
  object space 68608K, 0% used [0x000000009cc00000,0x000000009cc00000,0x00000000a0f00000)
 Metaspace       used 3731K, capacity 4704K, committed 4864K, reserved 1056768K
  class space    used 416K, capacity 464K, committed 512K, reserved 1048576K

Card table byte_map: [0x00007fd390761000,0x00007fd390a7c000] byte_map_base: 0x00007fd39027b000

Marking Bits: (ParMarkBitMap*) 0x00007fd3935cc2a0
 Begin Bits: [0x00007fd379e60000, 0x00007fd37b730000)
 End Bits:   [0x00007fd37b730000, 0x00007fd37d000000)

Polling page: 0x00007fd39441a000

CodeCache: size=245760Kb used=1333Kb max_used=1338Kb free=244426Kb
 bounds [0x00007fd37d000000, 0x00007fd37d270000, 0x00007fd38c000000]
 total_blobs=366 nmethods=124 adapters=158
 compilation: enabled

Compilation events (10 events):
Event: 0.231 Thread 0x00007fd38c0b2800  117       3       java.lang.Math::max (11 bytes)
Event: 0.231 Thread 0x00007fd38c0b2800 nmethod 117 0x00007fd37d14b290 code [0x00007fd37d14b400, 0x00007fd37d14b590]
Event: 0.231 Thread 0x00007fd38c0b2800  116       3       java.util.regex.ASCII::isAscii (13 bytes)
Event: 0.231 Thread 0x00007fd38c0b2800 nmethod 116 0x00007fd37d14b610 code [0x00007fd37d14b780, 0x00007fd37d14b910]
Event: 4.237 Thread 0x00007fd38c0b2800  118       1       java.net.URL::getQuery (5 bytes)
Event: 4.238 Thread 0x00007fd38c0b2800 nmethod 118 0x00007fd37d14bb90 code [0x00007fd37d14bce0, 0x00007fd37d14bdf0]
Event: 4.239 Thread 0x00007fd38c0ad800  119       4       java.lang.Math::min (11 bytes)
Event: 4.240 Thread 0x00007fd38c0ad800 nmethod 119 0x00007fd37d14ea90 code [0x00007fd37d14ebc0, 0x00007fd37d14ebf8]
Event: 4.250 Thread 0x00007fd38c0b2800  121       3       java.lang.String::indexOf (25 bytes)
Event: 4.250 Thread 0x00007fd38c0b2800 nmethod 121 0x00007fd37d14e2d0 code [0x00007fd37d14e440, 0x00007fd37d14e5e8]

GC Heap History (0 events):
No events

Deoptimization events (0 events):
No events

Internal exceptions (10 events):
Event: 0.161 Thread 0x00007fd38c00a000 Exception <a 'java/io/FileNotFoundException'> (0x00000000df043e70) thrown at [/build/openjdk-8-8itSJj/openjdk-8-8u111-b14/src/hotspot/src/share/vm/prims/jni.cpp, line 709]
Event: 0.170 Thread 0x00007fd38c00a000 Exception <a 'java/io/FileNotFoundException'> (0x00000000df053c78) thrown at [/build/openjdk-8-8itSJj/openjdk-8-8u111-b14/src/hotspot/src/share/vm/prims/jni.cpp, line 709]
Event: 0.172 Thread 0x00007fd38c00a000 Exception <a 'java/io/FileNotFoundException'> (0x00000000df062fa8) thrown at [/build/openjdk-8-8itSJj/openjdk-8-8u111-b14/src/hotspot/src/share/vm/prims/jni.cpp, line 709]
Event: 0.181 Thread 0x00007fd38c00a000 Exception <a 'java/io/FileNotFoundException'> (0x00000000df072890) thrown at [/build/openjdk-8-8itSJj/openjdk-8-8u111-b14/src/hotspot/src/share/vm/prims/jni.cpp, line 709]
Event: 0.217 Thread 0x00007fd38c00a000 Exception <a 'java/security/PrivilegedActionException'> (0x00000000df0bfef8) thrown at [/build/openjdk-8-8itSJj/openjdk-8-8u111-b14/src/hotspot/src/share/vm/prims/jvm.cpp, line 1386]
Event: 0.217 Thread 0x00007fd38c00a000 Exception <a 'java/security/PrivilegedActionException'> (0x00000000df0c02f0) thrown at [/build/openjdk-8-8itSJj/openjdk-8-8u111-b14/src/hotspot/src/share/vm/prims/jvm.cpp, line 1386]
Event: 0.217 Thread 0x00007fd38c00a000 Exception <a 'java/security/PrivilegedActionException'> (0x00000000df0c2540) thrown at [/build/openjdk-8-8itSJj/openjdk-8-8u111-b14/src/hotspot/src/share/vm/prims/jvm.cpp, line 1386]
Event: 0.217 Thread 0x00007fd38c00a000 Exception <a 'java/security/PrivilegedActionException'> (0x00000000df0c2938) thrown at [/build/openjdk-8-8itSJj/openjdk-8-8u111-b14/src/hotspot/src/share/vm/prims/jvm.cpp, line 1386]
Event: 0.217 Thread 0x00007fd38c00a000 Exception <a 'java/security/PrivilegedActionException'> (0x00000000df0c35f0) thrown at [/build/openjdk-8-8itSJj/openjdk-8-8u111-b14/src/hotspot/src/share/vm/prims/jvm.cpp, line 1386]
Event: 0.217 Thread 0x00007fd38c00a000 Exception <a 'java/security/PrivilegedActionException'> (0x00000000df0c39e8) thrown at [/build/openjdk-8-8itSJj/openjdk-8-8u111-b14/src/hotspot/src/share/vm/prims/jvm.cpp, line 1386]

Events (10 events):
Event: 4.241 Thread 0x00007fd38c17e800 Thread added: 0x00007fd38c17e800
Event: 4.249 loading class serialports/SerialWriter
Event: 4.249 loading class serialports/SerialWriter done
Event: 4.250 loading class serialports/SerialReader
Event: 4.250 loading class serialports/SerialReader done
Event: 4.252 Thread 0x00007fd38c17f800 Thread added: 0x00007fd38c17f800
Event: 4.252 Thread 0x00007fd38c181800 Thread added: 0x00007fd38c181800
Event: 4.253 Thread 0x00007fd38c18b000 Thread added: 0x00007fd38c18b000
Event: 4.253 Thread 0x00007fd38c00a000 Thread exited: 0x00007fd38c00a000
Event: 4.253 Thread 0x00007fd38c00a000 Thread added: 0x00007fd38c00a000


Dynamic libraries:
00400000-00401000 r-xp 00000000 08:01 2404755                            /usr/lib/jvm/java-8-openjdk-amd64/jre/bin/java
00600000-00601000 r--p 00000000 08:01 2404755                            /usr/lib/jvm/java-8-openjdk-amd64/jre/bin/java
00601000-00602000 rw-p 00001000 08:01 2404755                            /usr/lib/jvm/java-8-openjdk-amd64/jre/bin/java
01b73000-01b94000 rw-p 00000000 00:00 0                                  [heap]
9cc00000-a0f00000 rw-p 00000000 00:00 0 
a0f00000-def00000 ---p 00000000 00:00 0 
def00000-e1000000 rw-p 00000000 00:00 0 
e1000000-100000000 ---p 00000000 00:00 0 
100000000-100080000 rw-p 00000000 00:00 0 
100080000-140000000 ---p 00000000 00:00 0 
7fd328000000-7fd328021000 rw-p 00000000 00:00 0 
7fd328021000-7fd32c000000 ---p 00000000 00:00 0 
7fd330000000-7fd330021000 rw-p 00000000 00:00 0 
7fd330021000-7fd334000000 ---p 00000000 00:00 0 
7fd338000000-7fd338021000 rw-p 00000000 00:00 0 
7fd338021000-7fd33c000000 ---p 00000000 00:00 0 
7fd33c000000-7fd33c021000 rw-p 00000000 00:00 0 
7fd33c021000-7fd340000000 ---p 00000000 00:00 0 
7fd340000000-7fd340021000 rw-p 00000000 00:00 0 
7fd340021000-7fd344000000 ---p 00000000 00:00 0 
7fd344000000-7fd344021000 rw-p 00000000 00:00 0 
7fd344021000-7fd348000000 ---p 00000000 00:00 0 
7fd348000000-7fd348045000 rw-p 00000000 00:00 0 
7fd348045000-7fd34c000000 ---p 00000000 00:00 0 
7fd34c000000-7fd34c182000 rw-p 00000000 00:00 0 
7fd34c182000-7fd350000000 ---p 00000000 00:00 0 
7fd350000000-7fd350021000 rw-p 00000000 00:00 0 
7fd350021000-7fd354000000 ---p 00000000 00:00 0 
7fd354000000-7fd354021000 rw-p 00000000 00:00 0 
7fd354021000-7fd358000000 ---p 00000000 00:00 0 
7fd358000000-7fd358021000 rw-p 00000000 00:00 0 
7fd358021000-7fd35c000000 ---p 00000000 00:00 0 
7fd35c000000-7fd35c021000 rw-p 00000000 00:00 0 
7fd35c021000-7fd360000000 ---p 00000000 00:00 0 
7fd362d05000-7fd362d08000 ---p 00000000 00:00 0 
7fd362d08000-7fd362e06000 rw-p 00000000 00:00 0                          [stack:18889]
7fd362e06000-7fd362e09000 ---p 00000000 00:00 0 
7fd362e09000-7fd362f07000 rw-p 00000000 00:00 0                          [stack:18888]
7fd362f07000-7fd362f0a000 ---p 00000000 00:00 0 
7fd362f0a000-7fd363008000 rw-p 00000000 00:00 0                          [stack:18887]
7fd363008000-7fd36300b000 ---p 00000000 00:00 0 
7fd36300b000-7fd363109000 rw-p 00000000 00:00 0                          [stack:18886]
7fd363109000-7fd363115000 r-xp 00000000 08:01 2491058                    /usr/lib/jvm/java-8-openjdk-amd64/lib/amd64/librxtxSerial.so
7fd363115000-7fd363214000 ---p 0000c000 08:01 2491058                    /usr/lib/jvm/java-8-openjdk-amd64/lib/amd64/librxtxSerial.so
7fd363214000-7fd363216000 rw-p 0000b000 08:01 2491058                    /usr/lib/jvm/java-8-openjdk-amd64/lib/amd64/librxtxSerial.so
7fd363216000-7fd363217000 ---p 00000000 00:00 0 
7fd363217000-7fd363317000 rw-p 00000000 00:00 0                          [stack:18882]
7fd363317000-7fd36331a000 ---p 00000000 00:00 0 
7fd36331a000-7fd363418000 rw-p 00000000 00:00 0                          [stack:18881]
7fd363418000-7fd36341b000 ---p 00000000 00:00 0 
7fd36341b000-7fd363519000 rw-p 00000000 00:00 0                          [stack:18880]
7fd363519000-7fd36351c000 ---p 00000000 00:00 0 
7fd36351c000-7fd36361a000 rw-p 00000000 00:00 0                          [stack:18879]
7fd36361a000-7fd36361d000 ---p 00000000 00:00 0 
7fd36361d000-7fd36371b000 rw-p 00000000 00:00 0                          [stack:18878]
7fd36371b000-7fd36371e000 ---p 00000000 00:00 0 
7fd36371e000-7fd36381c000 rw-p 00000000 00:00 0                          [stack:18877]
7fd36381c000-7fd363eff000 r--p 00000000 08:01 1580881                    /usr/lib/locale/locale-archive
7fd363eff000-7fd363f02000 ---p 00000000 00:00 0 
7fd363f02000-7fd364000000 rw-p 00000000 00:00 0                          [stack:18876]
7fd364000000-7fd364021000 rw-p 00000000 00:00 0 
7fd364021000-7fd368000000 ---p 00000000 00:00 0 
7fd368000000-7fd368021000 rw-p 00000000 00:00 0 
7fd368021000-7fd36c000000 ---p 00000000 00:00 0 
7fd36c000000-7fd36c021000 rw-p 00000000 00:00 0 
7fd36c021000-7fd370000000 ---p 00000000 00:00 0 
7fd370000000-7fd370021000 rw-p 00000000 00:00 0 
7fd370021000-7fd374000000 ---p 00000000 00:00 0 
7fd374000000-7fd374021000 rw-p 00000000 00:00 0 
7fd374021000-7fd378000000 ---p 00000000 00:00 0 
7fd378031000-7fd37804c000 r--s 001d5000 08:01 2393868                    /usr/lib/jvm/java-8-openjdk-amd64/jre/lib/ext/nashorn.jar
7fd37804c000-7fd378067000 r--s 00394000 08:01 2401111                    /usr/lib/jvm/java-8-openjdk-amd64/jre/lib/ext/cldrdata.jar
7fd378067000-7fd37806a000 ---p 00000000 00:00 0 
7fd37806a000-7fd378168000 rw-p 00000000 00:00 0                          [stack:18875]
7fd378168000-7fd378169000 ---p 00000000 00:00 0 
7fd378169000-7fd379178000 rw-p 00000000 00:00 0                          [stack:18874]
7fd379178000-7fd379346000 r--s 03bf1000 08:01 2236126                    /usr/lib/jvm/java-8-openjdk-amd64/jre/lib/rt.jar
7fd379346000-7fd379786000 rw-p 00000000 00:00 0 
7fd379786000-7fd379b46000 ---p 00000000 00:00 0 
7fd379b46000-7fd37d000000 rw-p 00000000 00:00 0 
7fd37d000000-7fd37d270000 rwxp 00000000 00:00 0 
7fd37d270000-7fd38c000000 ---p 00000000 00:00 0 
7fd38c000000-7fd38c194000 rw-p 00000000 00:00 0 
7fd38c194000-7fd390000000 ---p 00000000 00:00 0 
7fd390004000-7fd39014b000 rw-p 00000000 00:00 0 
7fd39014b000-7fd39014c000 ---p 00000000 00:00 0 
7fd39014c000-7fd39024c000 rw-p 00000000 00:00 0                          [stack:18871]
7fd39024c000-7fd39024d000 ---p 00000000 00:00 0 
7fd39024d000-7fd39034d000 rw-p 00000000 00:00 0                          [stack:18870]
7fd39034d000-7fd39034e000 ---p 00000000 00:00 0 
7fd39034e000-7fd39044e000 rw-p 00000000 00:00 0                          [stack:18869]
7fd39044e000-7fd39044f000 ---p 00000000 00:00 0 
7fd39044f000-7fd390571000 rw-p 00000000 00:00 0                          [stack:18868]
7fd390571000-7fd390761000 ---p 00000000 00:00 0 
7fd390761000-7fd390783000 rw-p 00000000 00:00 0 
7fd390783000-7fd390972000 ---p 00000000 00:00 0 
7fd390972000-7fd390983000 rw-p 00000000 00:00 0 
7fd390983000-7fd390a7b000 ---p 00000000 00:00 0 
7fd390a7b000-7fd390a86000 rw-p 00000000 00:00 0 
7fd390a86000-7fd390e3c000 ---p 00000000 00:00 0 
7fd390e3c000-7fd390e44000 r-xp 00000000 08:01 2236101                    /usr/lib/jvm/java-8-openjdk-amd64/jre/lib/amd64/libzip.so
7fd390e44000-7fd391043000 ---p 00008000 08:01 2236101                    /usr/lib/jvm/java-8-openjdk-amd64/jre/lib/amd64/libzip.so
7fd391043000-7fd391044000 r--p 00007000 08:01 2236101                    /usr/lib/jvm/java-8-openjdk-amd64/jre/lib/amd64/libzip.so
7fd391044000-7fd391045000 rw-p 00008000 08:01 2236101                    /usr/lib/jvm/java-8-openjdk-amd64/jre/lib/amd64/libzip.so
7fd391045000-7fd39104f000 r-xp 00000000 08:01 2648247                    /lib/x86_64-linux-gnu/libnss_files-2.19.so
7fd39104f000-7fd39124e000 ---p 0000a000 08:01 2648247                    /lib/x86_64-linux-gnu/libnss_files-2.19.so
7fd39124e000-7fd39124f000 r--p 00009000 08:01 2648247                    /lib/x86_64-linux-gnu/libnss_files-2.19.so
7fd39124f000-7fd391250000 rw-p 0000a000 08:01 2648247                    /lib/x86_64-linux-gnu/libnss_files-2.19.so
7fd391250000-7fd39125b000 r-xp 00000000 08:01 2624963                    /lib/x86_64-linux-gnu/libnss_nis-2.19.so
7fd39125b000-7fd39145a000 ---p 0000b000 08:01 2624963                    /lib/x86_64-linux-gnu/libnss_nis-2.19.so
7fd39145a000-7fd39145b000 r--p 0000a000 08:01 2624963                    /lib/x86_64-linux-gnu/libnss_nis-2.19.so
7fd39145b000-7fd39145c000 rw-p 0000b000 08:01 2624963                    /lib/x86_64-linux-gnu/libnss_nis-2.19.so
7fd39145c000-7fd391473000 r-xp 00000000 08:01 2648235                    /lib/x86_64-linux-gnu/libnsl-2.19.so
7fd391473000-7fd391672000 ---p 00017000 08:01 2648235                    /lib/x86_64-linux-gnu/libnsl-2.19.so
7fd391672000-7fd391673000 r--p 00016000 08:01 2648235                    /lib/x86_64-linux-gnu/libnsl-2.19.so
7fd391673000-7fd391674000 rw-p 00017000 08:01 2648235                    /lib/x86_64-linux-gnu/libnsl-2.19.so
7fd391674000-7fd391676000 rw-p 00000000 00:00 0 
7fd391676000-7fd39167f000 r-xp 00000000 08:01 2648231                    /lib/x86_64-linux-gnu/libnss_compat-2.19.so
7fd39167f000-7fd39187e000 ---p 00009000 08:01 2648231                    /lib/x86_64-linux-gnu/libnss_compat-2.19.so
7fd39187e000-7fd39187f000 r--p 00008000 08:01 2648231                    /lib/x86_64-linux-gnu/libnss_compat-2.19.so
7fd39187f000-7fd391880000 rw-p 00009000 08:01 2648231                    /lib/x86_64-linux-gnu/libnss_compat-2.19.so
7fd391880000-7fd3918ad000 r-xp 00000000 08:01 2236111                    /usr/lib/jvm/java-8-openjdk-amd64/jre/lib/amd64/libjava.so
7fd3918ad000-7fd391aac000 ---p 0002d000 08:01 2236111                    /usr/lib/jvm/java-8-openjdk-amd64/jre/lib/amd64/libjava.so
7fd391aac000-7fd391aad000 r--p 0002c000 08:01 2236111                    /usr/lib/jvm/java-8-openjdk-amd64/jre/lib/amd64/libjava.so
7fd391aad000-7fd391aaf000 rw-p 0002d000 08:01 2236111                    /usr/lib/jvm/java-8-openjdk-amd64/jre/lib/amd64/libjava.so
7fd391aaf000-7fd391abf000 r-xp 00000000 08:01 2236091                    /usr/lib/jvm/java-8-openjdk-amd64/jre/lib/amd64/libverify.so
7fd391abf000-7fd391cbe000 ---p 00010000 08:01 2236091                    /usr/lib/jvm/java-8-openjdk-amd64/jre/lib/amd64/libverify.so
7fd391cbe000-7fd391cc0000 r--p 0000f000 08:01 2236091                    /usr/lib/jvm/java-8-openjdk-amd64/jre/lib/amd64/libverify.so
7fd391cc0000-7fd391cc1000 rw-p 00011000 08:01 2236091                    /usr/lib/jvm/java-8-openjdk-amd64/jre/lib/amd64/libverify.so
7fd391cc1000-7fd391cc8000 r-xp 00000000 08:01 2624957                    /lib/x86_64-linux-gnu/librt-2.19.so
7fd391cc8000-7fd391ec7000 ---p 00007000 08:01 2624957                    /lib/x86_64-linux-gnu/librt-2.19.so
7fd391ec7000-7fd391ec8000 r--p 00006000 08:01 2624957                    /lib/x86_64-linux-gnu/librt-2.19.so
7fd391ec8000-7fd391ec9000 rw-p 00007000 08:01 2624957                    /lib/x86_64-linux-gnu/librt-2.19.so
7fd391ec9000-7fd391edf000 r-xp 00000000 08:01 2679480                    /lib/x86_64-linux-gnu/libgcc_s.so.1
7fd391edf000-7fd3920de000 ---p 00016000 08:01 2679480                    /lib/x86_64-linux-gnu/libgcc_s.so.1
7fd3920de000-7fd3920df000 r--p 00015000 08:01 2679480                    /lib/x86_64-linux-gnu/libgcc_s.so.1
7fd3920df000-7fd3920e0000 rw-p 00016000 08:01 2679480                    /lib/x86_64-linux-gnu/libgcc_s.so.1
7fd3920e0000-7fd3921e5000 r-xp 00000000 08:01 2648237                    /lib/x86_64-linux-gnu/libm-2.19.so
7fd3921e5000-7fd3923e4000 ---p 00105000 08:01 2648237                    /lib/x86_64-linux-gnu/libm-2.19.so
7fd3923e4000-7fd3923e5000 r--p 00104000 08:01 2648237                    /lib/x86_64-linux-gnu/libm-2.19.so
7fd3923e5000-7fd3923e6000 rw-p 00105000 08:01 2648237                    /lib/x86_64-linux-gnu/libm-2.19.so
7fd3923e6000-7fd3924ec000 r-xp 00000000 08:01 1626084                    /usr/lib/x86_64-linux-gnu/libstdc++.so.6.0.22
7fd3924ec000-7fd3926eb000 ---p 00106000 08:01 1626084                    /usr/lib/x86_64-linux-gnu/libstdc++.so.6.0.22
7fd3926eb000-7fd3926f3000 r--p 00105000 08:01 1626084                    /usr/lib/x86_64-linux-gnu/libstdc++.so.6.0.22
7fd3926f3000-7fd3926f5000 rw-p 0010d000 08:01 1626084                    /usr/lib/x86_64-linux-gnu/libstdc++.so.6.0.22
7fd3926f5000-7fd3926f8000 rw-p 00000000 00:00 0 
7fd3926f8000-7fd3932f0000 r-xp 00000000 08:01 2236096                    /usr/lib/jvm/java-8-openjdk-amd64/jre/lib/amd64/server/libjvm.so
7fd3932f0000-7fd3934f0000 ---p 00bf8000 08:01 2236096                    /usr/lib/jvm/java-8-openjdk-amd64/jre/lib/amd64/server/libjvm.so
7fd3934f0000-7fd39358e000 r--p 00bf8000 08:01 2236096                    /usr/lib/jvm/java-8-openjdk-amd64/jre/lib/amd64/server/libjvm.so
7fd39358e000-7fd3935b7000 rw-p 00c96000 08:01 2236096                    /usr/lib/jvm/java-8-openjdk-amd64/jre/lib/amd64/server/libjvm.so
7fd3935b7000-7fd3935e9000 rw-p 00000000 00:00 0 
7fd3935e9000-7fd393602000 r-xp 00000000 08:01 2648251                    /lib/x86_64-linux-gnu/libpthread-2.19.so
7fd393602000-7fd393801000 ---p 00019000 08:01 2648251                    /lib/x86_64-linux-gnu/libpthread-2.19.so
7fd393801000-7fd393802000 r--p 00018000 08:01 2648251                    /lib/x86_64-linux-gnu/libpthread-2.19.so
7fd393802000-7fd393803000 rw-p 00019000 08:01 2648251                    /lib/x86_64-linux-gnu/libpthread-2.19.so
7fd393803000-7fd393807000 rw-p 00000000 00:00 0 
7fd393807000-7fd39380a000 r-xp 00000000 08:01 2648249                    /lib/x86_64-linux-gnu/libdl-2.19.so
7fd39380a000-7fd393a09000 ---p 00003000 08:01 2648249                    /lib/x86_64-linux-gnu/libdl-2.19.so
7fd393a09000-7fd393a0a000 r--p 00002000 08:01 2648249                    /lib/x86_64-linux-gnu/libdl-2.19.so
7fd393a0a000-7fd393a0b000 rw-p 00003000 08:01 2648249                    /lib/x86_64-linux-gnu/libdl-2.19.so
7fd393a0b000-7fd393a23000 r-xp 00000000 08:01 2625699                    /lib/x86_64-linux-gnu/libz.so.1.2.8
7fd393a23000-7fd393c22000 ---p 00018000 08:01 2625699                    /lib/x86_64-linux-gnu/libz.so.1.2.8
7fd393c22000-7fd393c23000 r--p 00017000 08:01 2625699                    /lib/x86_64-linux-gnu/libz.so.1.2.8
7fd393c23000-7fd393c24000 rw-p 00018000 08:01 2625699                    /lib/x86_64-linux-gnu/libz.so.1.2.8
7fd393c24000-7fd393de2000 r-xp 00000000 08:01 2648229                    /lib/x86_64-linux-gnu/libc-2.19.so
7fd393de2000-7fd393fe1000 ---p 001be000 08:01 2648229                    /lib/x86_64-linux-gnu/libc-2.19.so
7fd393fe1000-7fd393fe5000 r--p 001bd000 08:01 2648229                    /lib/x86_64-linux-gnu/libc-2.19.so
7fd393fe5000-7fd393fe7000 rw-p 001c1000 08:01 2648229                    /lib/x86_64-linux-gnu/libc-2.19.so
7fd393fe7000-7fd393fec000 rw-p 00000000 00:00 0 
7fd393fec000-7fd393ff9000 r-xp 00000000 08:01 2236107                    /usr/lib/jvm/java-8-openjdk-amd64/jre/lib/amd64/jli/libjli.so
7fd393ff9000-7fd3941f9000 ---p 0000d000 08:01 2236107                    /usr/lib/jvm/java-8-openjdk-amd64/jre/lib/amd64/jli/libjli.so
7fd3941f9000-7fd3941fa000 r--p 0000d000 08:01 2236107                    /usr/lib/jvm/java-8-openjdk-amd64/jre/lib/amd64/jli/libjli.so
7fd3941fa000-7fd3941fb000 rw-p 0000e000 08:01 2236107                    /usr/lib/jvm/java-8-openjdk-amd64/jre/lib/amd64/jli/libjli.so
7fd3941fb000-7fd39421e000 r-xp 00000000 08:01 2648245                    /lib/x86_64-linux-gnu/ld-2.19.so
7fd394226000-7fd394228000 r--s 0000d000 08:01 2752720                    /home/developer/Documents/EclipseWorkspaces/kabi/SerialPortSimulator/lib/RXTXcomm.jar
7fd394228000-7fd39422b000 r--s 0000f000 08:01 2394798                    /usr/lib/jvm/java-8-openjdk-amd64/jre/lib/ext/icedtea-sound.jar
7fd39422b000-7fd394235000 r--s 00116000 08:01 2367263                    /usr/lib/jvm/java-8-openjdk-amd64/jre/lib/ext/localedata.jar
7fd394235000-7fd3942f9000 rw-p 00000000 00:00 0 
7fd3942f9000-7fd3942fc000 ---p 00000000 00:00 0 
7fd3942fc000-7fd394400000 rw-p 00000000 00:00 0                          [stack:18866]
7fd394400000-7fd394401000 r--s 0000a000 08:01 2393870                    /usr/lib/jvm/java-8-openjdk-amd64/jre/lib/ext/jaccess.jar
7fd394401000-7fd394403000 r--s 00001000 08:01 2393867                    /usr/lib/jvm/java-8-openjdk-amd64/jre/lib/ext/dnsns.jar
7fd394403000-7fd394405000 r--s 00008000 08:01 2393871                    /usr/lib/jvm/java-8-openjdk-amd64/jre/lib/ext/sunec.jar
7fd394405000-7fd394407000 r--s 00006000 08:01 1969947                    /usr/share/java/java-atk-wrapper.jar
7fd394407000-7fd39440c000 r--s 0003b000 08:01 2401113                    /usr/lib/jvm/java-8-openjdk-amd64/jre/lib/ext/sunjce_provider.jar
7fd39440c000-7fd39440d000 r--s 00010000 08:01 2401112                    /usr/lib/jvm/java-8-openjdk-amd64/jre/lib/ext/zipfs.jar
7fd39440d000-7fd394411000 r--s 00037000 08:01 2393831                    /usr/lib/jvm/java-8-openjdk-amd64/jre/lib/ext/sunpkcs11.jar
7fd394411000-7fd394419000 rw-s 00000000 08:01 2366026                    /tmp/hsperfdata_root/18864
7fd394419000-7fd39441a000 rw-p 00000000 00:00 0 
7fd39441a000-7fd39441b000 r--p 00000000 00:00 0 
7fd39441b000-7fd39441d000 rw-p 00000000 00:00 0 
7fd39441d000-7fd39441e000 r--p 00022000 08:01 2648245                    /lib/x86_64-linux-gnu/ld-2.19.so
7fd39441e000-7fd39441f000 rw-p 00023000 08:01 2648245                    /lib/x86_64-linux-gnu/ld-2.19.so
7fd39441f000-7fd394420000 rw-p 00000000 00:00 0 
7fff19728000-7fff19749000 rw-p 00000000 00:00 0                          [stack]
7fff197fe000-7fff19800000 r-xp 00000000 00:00 0                          [vdso]
ffffffffff600000-ffffffffff601000 r-xp 00000000 00:00 0                  [vsyscall]

VM Arguments:
jvm_args: -Djava.library.path=/usr/lib/jvm/java-8-openjdk-amd64/lib/amd64 -Dfile.encoding=UTF-8 
java_command: pumpmain.PumpClass
java_class_path (initial): /home/developer/Documents/EclipseWorkspaces/kabi/SerialPortSimulator/bin:/home/developer/Documents/EclipseWorkspaces/kabi/SerialPortSimulator/lib/RXTXcomm.jar
Launcher Type: SUN_STANDARD

Environment Variables:
PATH=/usr/local/sbin:/usr/local/bin:/usr/sbin:/usr/bin:/sbin:/bin:/snap/bin
USERNAME=root
SHELL=/bin/bash
DISPLAY=:0

Signal Handlers:
SIGSEGV: [libjvm.so+0x9fddb0], sa_mask[0]=11111111011111111101111111111110, sa_flags=SA_RESTART|SA_SIGINFO
SIGBUS: [libjvm.so+0x9fddb0], sa_mask[0]=11111111011111111101111111111110, sa_flags=SA_RESTART|SA_SIGINFO
SIGFPE: [libjvm.so+0x85be50], sa_mask[0]=11111111011111111101111111111110, sa_flags=SA_RESTART|SA_SIGINFO
SIGPIPE: [libjvm.so+0x85be50], sa_mask[0]=11111111011111111101111111111110, sa_flags=SA_RESTART|SA_SIGINFO
SIGXFSZ: [libjvm.so+0x85be50], sa_mask[0]=11111111011111111101111111111110, sa_flags=SA_RESTART|SA_SIGINFO
SIGILL: [libjvm.so+0x85be50], sa_mask[0]=11111111011111111101111111111110, sa_flags=SA_RESTART|SA_SIGINFO
SIGUSR1: SIG_DFL, sa_mask[0]=00000000000000000000000000000000, sa_flags=none
SIGUSR2: [libjvm.so+0x85bd20], sa_mask[0]=00100000000000000000000000000000, sa_flags=SA_RESTART|SA_SIGINFO
SIGHUP: [libjvm.so+0x85bf10], sa_mask[0]=11111111011111111101111111111110, sa_flags=SA_RESTART|SA_SIGINFO
SIGINT: [libjvm.so+0x85bf10], sa_mask[0]=11111111011111111101111111111110, sa_flags=SA_RESTART|SA_SIGINFO
SIGTERM: [libjvm.so+0x85bf10], sa_mask[0]=11111111011111111101111111111110, sa_flags=SA_RESTART|SA_SIGINFO
SIGQUIT: [libjvm.so+0x85bf10], sa_mask[0]=11111111011111111101111111111110, sa_flags=SA_RESTART|SA_SIGINFO


---------------  S Y S T E M  ---------------

OS:DISTRIB_ID=Ubuntu
DISTRIB_RELEASE=14.04
DISTRIB_CODENAME=trusty
DISTRIB_DESCRIPTION="Ubuntu 14.04.5 LTS"

uname:Linux 3.13.0-24-generic #47-Ubuntu SMP Fri May 2 23:30:00 UTC 2014 x86_64
libc:glibc 2.19 NPTL 2.19 
rlimit: STACK 8192k, CORE 0k, NPROC 50611, NOFILE 4096, AS infinity
load average:0.79 0.79 0.71

/proc/meminfo:
MemTotal:        6500556 kB
MemFree:         2130140 kB
Buffers:          522652 kB
Cached:          1544704 kB
SwapCached:            0 kB
Active:          2929196 kB
Inactive:        1099200 kB
Active(anon):    1961636 kB
Inactive(anon):    54024 kB
Active(file):     967560 kB
Inactive(file):  1045176 kB
Unevictable:          16 kB
Mlocked:              16 kB
SwapTotal:       5312508 kB
SwapFree:        5312508 kB
Dirty:               236 kB
Writeback:             0 kB
AnonPages:       1961092 kB
Mapped:           209212 kB
Shmem:             54624 kB
Slab:             247112 kB
SReclaimable:     224192 kB
SUnreclaim:        22920 kB
KernelStack:        4184 kB
PageTables:        27064 kB
NFS_Unstable:          0 kB
Bounce:                0 kB
WritebackTmp:          0 kB
CommitLimit:     8562784 kB
Committed_AS:    4748400 kB
VmallocTotal:   34359738367 kB
VmallocUsed:       65540 kB
VmallocChunk:   34359642256 kB
HardwareCorrupted:     0 kB
AnonHugePages:   1429504 kB
HugePages_Total:       0
HugePages_Free:        0
HugePages_Rsvd:        0
HugePages_Surp:        0
Hugepagesize:       2048 kB
DirectMap4k:       64448 kB
DirectMap2M:     6623232 kB


CPU:total 4 (4 cores per cpu, 1 threads per core) family 6 model 60 stepping 3, cmov, cx8, fxsr, mmx, sse, sse2, sse3, ssse3, tsc

/proc/cpuinfo:
processor	: 0
vendor_id	: GenuineIntel
cpu family	: 6
model		: 60
model name	: Intel(R) Core(TM) i7-4800MQ CPU @ 2.70GHz
stepping	: 3
microcode	: 0x19
cpu MHz		: 2666.324
cache size	: 6144 KB
physical id	: 0
siblings	: 4
core id		: 0
cpu cores	: 4
apicid		: 0
initial apicid	: 0
fpu		: yes
fpu_exception	: yes
cpuid level	: 5
wp		: yes
flags		: fpu vme de pse tsc msr pae mce cx8 apic sep mtrr pge mca cmov pat pse36 clflush mmx fxsr sse sse2 ht syscall nx rdtscp lm constant_tsc rep_good nopl pni ssse3 lahf_lm
bogomips	: 5332.64
clflush size	: 64
cache_alignment	: 64
address sizes	: 39 bits physical, 48 bits virtual
power management:

processor	: 1
vendor_id	: GenuineIntel
cpu family	: 6
model		: 60
model name	: Intel(R) Core(TM) i7-4800MQ CPU @ 2.70GHz
stepping	: 3
microcode	: 0x19
cpu MHz		: 2666.324
cache size	: 6144 KB
physical id	: 0
siblings	: 4
core id		: 1
cpu cores	: 4
apicid		: 1
initial apicid	: 1
fpu		: yes
fpu_exception	: yes
cpuid level	: 5
wp		: yes
flags		: fpu vme de pse tsc msr pae mce cx8 apic sep mtrr pge mca cmov pat pse36 clflush mmx fxsr sse sse2 ht syscall nx rdtscp lm constant_tsc rep_good nopl pni ssse3 lahf_lm
bogomips	: 5332.64
clflush size	: 64
cache_alignment	: 64
address sizes	: 39 bits physical, 48 bits virtual
power management:

processor	: 2
vendor_id	: GenuineIntel
cpu family	: 6
model		: 60
model name	: Intel(R) Core(TM) i7-4800MQ CPU @ 2.70GHz
stepping	: 3
microcode	: 0x19
cpu MHz		: 2666.324
cache size	: 6144 KB
physical id	: 0
siblings	: 4
core id		: 2
cpu cores	: 4
apicid		: 2
initial apicid	: 2
fpu		: yes
fpu_exception	: yes
cpuid level	: 5
wp		: yes
flags		: fpu vme de pse tsc msr pae mce cx8 apic sep mtrr pge mca cmov pat pse36 clflush mmx fxsr sse sse2 ht syscall nx rdtscp lm constant_tsc rep_good nopl pni ssse3 lahf_lm
bogomips	: 5332.64
clflush size	: 64
cache_alignment	: 64
address sizes	: 39 bits physical, 48 bits virtual
power management:

processor	: 3
vendor_id	: GenuineIntel
cpu family	: 6
model		: 60
model name	: Intel(R) Core(TM) i7-4800MQ CPU @ 2.70GHz
stepping	: 3
microcode	: 0x19
cpu MHz		: 2666.324
cache size	: 6144 KB
physical id	: 0
siblings	: 4
core id		: 3
cpu cores	: 4
apicid		: 3
initial apicid	: 3
fpu		: yes
fpu_exception	: yes
cpuid level	: 5
wp		: yes
flags		: fpu vme de pse tsc msr pae mce cx8 apic sep mtrr pge mca cmov pat pse36 clflush mmx fxsr sse sse2 ht syscall nx rdtscp lm constant_tsc rep_good nopl pni ssse3 lahf_lm
bogomips	: 5332.64
clflush size	: 64
cache_alignment	: 64
address sizes	: 39 bits physical, 48 bits virtual
power management:



Memory: 4k page, physical 6500556k(2130140k free), swap 5312508k(5312508k free)

vm_info: OpenJDK 64-Bit Server VM (25.111-b14) for linux-amd64 JRE (1.8.0_111-8u111-b14-3~14.04.1-b14), built on Nov  5 2016 13:21:07 by "buildd" with gcc 4.8.4

time: Thu Jun  8 15:35:03 2017
elapsed time: 4 seconds (0d 0h 0m 4s)

